[Basic]
GenerationTime=2022-08-05 19:04:12
Tester=Stair Speedtest Reborn v0.7.2

[Seaflix_死飞^死飞-鸡场 ( seaflix.xyz )]
AvgPing=493.33
AvgSpeed=N/A
GroupID=0
ID=0
MaxSpeed=N/A
Online=false
PkLoss=0.00%
RawPing=331,1324,331,322,335,317
RawSitePing=0,0,0,0,0,0,0,0,0,0
RawSpeed=0,0,0,0,0,0,0,0,0,0,0,0,0,0,0,0,0,0,0,0
SitePing=0.00
ULSpeed=N/A
UsedTraffic=0

[Seaflix_死飞^香港01]
AvgPing=137.67
AvgSpeed=10.08MB
GroupID=0
ID=1
MaxSpeed=11.42MB
Online=true
PkLoss=0.00%
RawPing=122,139,142,142,140,141
RawSitePing=318,296,312,311,320,306,305,294,288,288
RawSpeed=0,1699096,9830400,11927552,11796480,11894784,11831628,11897164,11997848,11796480,11698176,11862016,11796480,11796480,11173888,12713984,11927552,12025856,11894784,12058624
SitePing=303.80
ULSpeed=N/A
UsedTraffic=106809636

[Seaflix_死飞^香港02]
AvgPing=146.50
AvgSpeed=9.95MB
GroupID=0
ID=2
MaxSpeed=11.45MB
Online=true
PkLoss=0.00%
RawPing=183,140,139,138,139,140
RawSitePing=421,405,407,408,407,418,408,436,413,410
RawSpeed=0,915084,8550034,11894784,11894784,11829248,11929932,11834006,12091392,11929932,11894784,11862016,11960320,11927552,11960320,11894784,11862016,11829248,11862016,11862016
SitePing=413.30
ULSpeed=N/A
UsedTraffic=105892134

[Seaflix_死飞^香港03]
AvgPing=130.00
AvgSpeed=10.17MB
GroupID=0
ID=3
MaxSpeed=11.41MB
Online=true
PkLoss=0.00%
RawPing=163,127,128,126,127,109
RawSitePing=295,267,286,258,305,305,283,287,261,280
RawSpeed=0,2321704,11239424,11698176,12025856,11831626,12028236,11894784,11960320,11899542,11862016,11927552,11894784,11927552,11763712,11698176,11862016,11927552,11894784,11927552
SitePing=282.70
ULSpeed=N/A
UsedTraffic=107792682

[Seaflix_死飞^香港04]
AvgPing=150.00
AvgSpeed=10.05MB
GroupID=0
ID=4
MaxSpeed=11.46MB
Online=true
PkLoss=0.00%
RawPing=201,143,126,143,143,144
RawSitePing=308,328,312,320,308,316,311,320,339,308
RawSpeed=0,1731868,9666560,11862016,11403264,12451840,12128920,11897164,11796480,11862016,11927552,11632640,12025856,11960320,11897164,11927552,11894784,11960320,11763712,11468800
SitePing=317.00
ULSpeed=N/A
UsedTraffic=106629414

[Seaflix_死飞^香港05]
AvgPing=0.00
AvgSpeed=N/A
GroupID=0
ID=5
MaxSpeed=N/A
Online=false
PkLoss=100.00%
RawPing=0,0,0,0,0,0
RawSitePing=0,0,0,0,0,0,0,0,0,0
RawSpeed=0,0,0,0,0,0,0,0,0,0,0,0,0,0,0,0,0,0,0,0
SitePing=0.00
ULSpeed=N/A
UsedTraffic=0

[Seaflix_死飞^香港 | 广州]
AvgPing=53.50
AvgSpeed=10.28MB
GroupID=0
ID=6
MaxSpeed=11.44MB
Online=true
PkLoss=0.00%
RawPing=57,64,47,64,42,47
RawSitePing=345,254,246,250,252,268,257,245,243,248
RawSpeed=0,3861792,11993088,11993088,11927552,11796480,12030616,11960320,11831628,11864396,11960320,11829248,12025856,11862016,11927552,11927552,11960320,11960320,12156928,11829248
SitePing=260.80
ULSpeed=N/A
UsedTraffic=109381928

[Seaflix_死飞^香港 | 京港]
AvgPing=70.67
AvgSpeed=10.18MB
GroupID=0
ID=7
MaxSpeed=11.53MB
Online=true
PkLoss=0.00%
RawPing=121,64,63,63,64,49
RawSitePing=241,268,256,253,256,247,244,251,252,251
RawSpeed=0,3075356,11141120,11796480,11894784,11798860,11993088,11929932,12126540,11897164,11829248,11862016,11862016,11862016,11796480,11993088,11862016,11403264,12288000,11894784
SitePing=251.90
ULSpeed=N/A
UsedTraffic=108153126

[Seaflix_死飞^香港 | 泸]
AvgPing=73.50
AvgSpeed=9.28MB
GroupID=0
ID=8
MaxSpeed=11.44MB
Online=true
PkLoss=0.00%
RawPing=91,70,64,63,79,74
RawSitePing=388,358,377,334,373,344,350,345,392,373
RawSpeed=0,98304,915084,5535376,11960320,11927552,11929932,12061004,11960320,11829248,11829248,12058624,12124160,11829248,11796480,11894784,11796480,11866776,11927552,12058624
SitePing=363.40
ULSpeed=N/A
UsedTraffic=98715942

[Seaflix_死飞^新加坡 | 01]
AvgPing=65.33
AvgSpeed=10.49MB
GroupID=0
ID=9
MaxSpeed=11.40MB
Online=true
PkLoss=0.00%
RawPing=58,61,55,63,61,94
RawSitePing=291,341,253,249,187,250,194,201,220,214
RawSpeed=0,8287384,11849922,11792084,11809580,11817170,11923840,11843378,11864504,11833856,11914714,11809554,11849476,11874510,12101828,11801166,11988734,11882702,11922712,11875300
SitePing=240.00
ULSpeed=N/A
UsedTraffic=111030278

[Seaflix_死飞^新加坡 | 02]
AvgPing=100.33
AvgSpeed=10.60MB
GroupID=0
ID=10
MaxSpeed=11.54MB
Online=true
PkLoss=0.00%
RawPing=58,63,38,349,47,47
RawSitePing=158,184,161,215,193,192,192,193,184,202
RawSpeed=243004,10992892,12134904,12068596,11866290,11752598,11743712,11858592,11735264,11484540,11890248,11906806,12077960,12061702,11884166,11873172,12044660,11785352,11816994,11858148
SitePing=187.40
ULSpeed=N/A
UsedTraffic=112556184

[Seaflix_死飞^新加坡 | 03]
AvgPing=79.17
AvgSpeed=10.41MB
GroupID=0
ID=11
MaxSpeed=11.52MB
Online=true
PkLoss=0.00%
RawPing=146,62,92,48,63,64
RawSitePing=179,192,220,203,167,173,196,187,182,196
RawSpeed=0,6837568,11988232,11833830,12037118,12118842,11801280,11874044,11987960,11786636,12132846,11981016,11867668,11832020,11931420,12004354,11915298,11849948,11988906,11890910
SitePing=189.50
ULSpeed=N/A
UsedTraffic=110830971

[Seaflix_死飞^新加坡 | 04]
AvgPing=50.83
AvgSpeed=10.36MB
GroupID=0
ID=12
MaxSpeed=11.47MB
Online=true
PkLoss=0.00%
RawPing=74,40,47,48,48,48
RawSitePing=181,217,184,188,188,185,188,181,188,186
RawSpeed=0,5437930,11856986,11849610,11963798,11841460,11948394,12053492,12167424,11890420,12055632,11945658,11947890,11686872,11938810,11948404,11809286,11980254,11923196,11857956
SitePing=188.60
ULSpeed=N/A
UsedTraffic=110051736

[Seaflix_死飞^新加坡 | 05]
AvgPing=56.83
AvgSpeed=10.58MB
GroupID=0
ID=13
MaxSpeed=11.42MB
Online=true
PkLoss=0.00%
RawPing=53,48,63,48,64,65
RawSitePing=195,185,655,191,206,199,499,202,171,184
RawSpeed=0,10111832,11915266,11963050,11882550,12069228,11850406,12094622,11866026,11948250,11883590,12011354,11915304,11955676,11881780,12054074,11915008,11792898,12005774,11897200
SitePing=268.70
ULSpeed=N/A
UsedTraffic=112539712

[Seaflix_死飞^新加坡 | 06]
AvgPing=63.00
AvgSpeed=96.24KB
GroupID=0
ID=14
MaxSpeed=143.16KB
Online=true
PkLoss=0.00%
RawPing=57,126,47,47,63,38
RawSitePing=378,355,466,348,321,331,341,533,332,343
RawSpeed=0,0,105120,96592,122544,88256,89776,147168,48672,137120,81632,179744,121776,97344,114400,114400,47904,114400,162880,130304
SitePing=374.80
ULSpeed=N/A
UsedTraffic=1000016

[Seaflix_死飞^新加坡 | 07]
AvgPing=93.00
AvgSpeed=9.91MB
GroupID=0
ID=15
MaxSpeed=11.86MB
Online=true
PkLoss=0.00%
RawPing=91,106,78,94,95,94
RawSitePing=259,269,271,301,274,281,255,286,268,259
RawSpeed=0,3222920,8078464,11339394,11302138,9138228,13168894,11670778,12038382,12427246,12289728,11116608,10605334,13249738,9577248,13666014,10107136,12493568,9129760,15742686
SitePing=272.30
ULSpeed=N/A
UsedTraffic=105182132

[Seaflix_死飞^韩国 | 专线]
AvgPing=147.50
AvgSpeed=9.78MB
GroupID=0
ID=16
MaxSpeed=14.38MB
Online=true
PkLoss=0.00%
RawPing=168,143,133,158,146,137
RawSitePing=415,425,434,433,436,463,428,427,426,415
RawSpeed=0,949560,8910760,11960320,11927552,11894784,11929210,11937394,11955452,11927552,9043968,3538944,18317312,11829248,11862016,11829248,11960320,11894784,11862016,11796480
SitePing=430.20
ULSpeed=N/A
UsedTraffic=103679844

[Seaflix_死飞^日本01]
AvgPing=75.50
AvgSpeed=10.20MB
GroupID=0
ID=17
MaxSpeed=11.65MB
Online=true
PkLoss=0.00%
RawPing=137,63,63,63,64,63
RawSitePing=343,356,258,262,270,355,243,526,275,273
RawSpeed=0,2214104,11896582,11898336,11915294,11882720,12037114,11825454,11939772,11833856,11930626,11980836,11890140,11858240,11996640,11247586,12525374,11898814,11915290,11980064
SitePing=316.10
ULSpeed=N/A
UsedTraffic=108333421

[Seaflix_死飞^日本02]
AvgPing=107.50
AvgSpeed=10.47MB
GroupID=0
ID=18
MaxSpeed=11.42MB
Online=true
PkLoss=0.00%
RawPing=138,94,94,111,113,95
RawSitePing=278,269,263,264,259,269,255,265,243,265
RawSpeed=131072,7532290,12058624,11894784,11927552,11993088,11835682,11995476,11829248,11960320,11927552,11993088,11927552,11894784,11894784,12025856,11894784,11796480,11862016,11862016
SitePing=263.00
ULSpeed=N/A
UsedTraffic=111118524

[Seaflix_死飞^日本03]
AvgPing=134.00
AvgSpeed=10.17MB
GroupID=0
ID=19
MaxSpeed=15.03MB
Online=true
PkLoss=0.00%
RawPing=138,129,129,130,131,147
RawSitePing=325,334,312,341,338,308,334,332,334,309
RawSpeed=0,2420478,10878976,12189696,11862016,11862016,11866062,11962708,11862016,11894784,11897172,11993088,10649600,5668864,19595264,11927552,11796480,11960320,11894784,11894784
SitePing=326.70
ULSpeed=N/A
UsedTraffic=108038330

[Seaflix_死飞^日本04]
AvgPing=73.83
AvgSpeed=10.56MB
GroupID=0
ID=20
MaxSpeed=11.40MB
Online=true
PkLoss=0.00%
RawPing=156,64,48,65,47,63
RawSitePing=218,214,220,209,235,229,219,219,262,221
RawSpeed=0,10079184,11907064,11907012,11931204,11865664,11907004,11915482,11955962,11955488,11882716,11849760,11882712,11776318,11892234,11921878,11833284,11859002,11800032,11948066
SitePing=224.60
ULSpeed=N/A
UsedTraffic=112035033

[Seaflix_死飞^美国01]
AvgPing=292.83
AvgSpeed=8.39MB
GroupID=0
ID=21
MaxSpeed=11.45MB
Online=true
PkLoss=0.00%
RawPing=297,286,300,302,287,285
RawSitePing=597,621,601,616,619,588,623,590,634,611
RawSpeed=0,0,262144,1339638,3440640,6848512,11632640,11894784,11896442,11796480,12028234,11993088,11894784,12025856,11866054,11894784,11796480,11862016,11796480,11960320
SitePing=610.00
ULSpeed=N/A
UsedTraffic=89114688

[Seaflix_死飞^美国02]
AvgPing=248.17
AvgSpeed=8.66MB
GroupID=0
ID=22
MaxSpeed=12.50MB
Online=true
PkLoss=0.00%
RawPing=349,221,238,221,222,238
RawSitePing=1211,555,609,640,552,555,547,650,552,550
RawSpeed=0,0,262144,1275096,4947968,10420224,11862016,11994746,11862016,11798138,12058624,10485760,13271040,12156928,12091392,11994746,12158586,9601024,11567104,14647296
SitePing=642.10
ULSpeed=N/A
UsedTraffic=92243808

[Seaflix_死飞^美国03]
AvgPing=100.00
AvgSpeed=1.14MB
GroupID=0
ID=23
MaxSpeed=1.64MB
Online=true
PkLoss=0.00%
RawPing=169,177,64,63,64,63
RawSitePing=403,399,436,428,376,440,421,423,423,427
RawSpeed=0,0,393216,685710,1177228,1736704,1507328,1409024,1310720,1146880,1474560,1474560,1474560,1179648,1507328,1409024,1572864,1867776,1605632,1409024
SitePing=417.60
ULSpeed=N/A
UsedTraffic=12187277

[Seaflix_死飞^美国04]
AvgPing=62.67
AvgSpeed=1.35MB
GroupID=0
ID=24
MaxSpeed=2.38MB
Online=true
PkLoss=0.00%
RawPing=58,64,64,63,63,64
RawSitePing=376,394,400,388,396,385,390,401,388,410
RawSpeed=0,0,655360,1240836,1114112,1277952,1114112,1277952,2752512,2228224,1835008,1769472,1703936,1736704,1474560,1998848,1540096,1769472,1736704,1507328
SitePing=392.80
ULSpeed=N/A
UsedTraffic=14382978

[Seaflix_死飞^土耳其]
AvgPing=448.67
AvgSpeed=N/A
GroupID=0
ID=25
MaxSpeed=N/A
Online=false
PkLoss=50.00%
RawPing=0,449,0,0,448,449
RawSitePing=0,0,0,0,0,0,0,0,0,0
RawSpeed=0,0,0,0,0,0,0,0,0,0,0,0,0,0,0,0,0,0,0,0
SitePing=0.00
ULSpeed=N/A
UsedTraffic=0

[Seaflix_死飞^巴西]
AvgPing=51.83
AvgSpeed=783.48KB
GroupID=0
ID=26
MaxSpeed=1.08MB
Online=true
PkLoss=0.00%
RawPing=59,47,48,47,47,63
RawSitePing=554,683,851,632,1581,554,545,597,550,570
RawSpeed=0,0,0,360448,651738,851968,1048576,753664,1178452,1015808,1015808,1146880,753664,1245184,950272,1081344,1048576,1212416,1015808,983040
SitePing=711.70
ULSpeed=N/A
UsedTraffic=8156823

