[Basic]
GenerationTime=2022-07-22 22:19:20
Tester=Stair Speedtest Reborn v0.7.2

[Seaflix^死飞-鸡场 ( seaflix.xyz )]
AvgPing=0.00
AvgSpeed=N/A
GroupID=0
ID=0
MaxSpeed=N/A
Online=false
PkLoss=100.00%
RawPing=0,0,0,0,0,0
RawSitePing=0,0,0,0,0,0,0,0,0,0
RawSpeed=0,0,0,0,0,0,0,0,0,0,0,0,0,0,0,0,0,0,0,0
SitePing=0.00
ULSpeed=N/A
UsedTraffic=0

[Seaflix^香港01 | 流媒体]
AvgPing=125.50
AvgSpeed=9.31MB
GroupID=0
ID=1
MaxSpeed=11.16MB
Online=true
PkLoss=0.00%
RawPing=115,124,125,124,125,140
RawSitePing=285,305,282,288,294,278,283,310,302,321
RawSpeed=0,2944288,10911744,11698176,11730944,11403264,11798858,11604628,10977280,12159306,10911744,10944512,11370496,11108352,11141120,10387456,9404416,7274496,8617984,12550144
SitePing=294.80
ULSpeed=N/A
UsedTraffic=99485988

[Seaflix^香港02 | 流媒体]
AvgPing=321.33
AvgSpeed=9.18MB
GroupID=0
ID=2
MaxSpeed=11.75MB
Online=true
PkLoss=0.00%
RawPing=146,156,160,156,146,1164
RawSitePing=484,442,453,460,496,457,459,452,503,466
RawSpeed=0,262144,3928544,10682368,11303756,10914122,11403264,10979658,10682368,11632640,11468800,11108352,11206656,11272192,11599872,11501568,11501568,9568256,13402112,11239424
SitePing=467.20
ULSpeed=N/A
UsedTraffic=97828832

[Seaflix^香港03]
AvgPing=173.67
AvgSpeed=9.34MB
GroupID=0
ID=3
MaxSpeed=11.02MB
Online=true
PkLoss=0.00%
RawPing=251,158,159,147,157,170
RawSitePing=382,336,332,372,345,339,347,340,323,327
RawSpeed=0,1078928,6911636,11337728,10125312,12615680,11436032,10982036,11077962,11042816,11077962,11042816,11272192,11436032,11272192,11534336,11075584,11993088,11567104,11534336
SitePing=344.30
ULSpeed=N/A
UsedTraffic=100239654

[Seaflix^香港04 | 流媒体]
AvgPing=74.33
AvgSpeed=N/A
GroupID=0
ID=4
MaxSpeed=N/A
Online=false
PkLoss=0.00%
RawPing=138,62,63,60,62,61
RawSitePing=166,156,141,163,244,227,140,140,145,151
RawSpeed=0,0,0,0,0,0,0,0,0,0,0,0,0,0,0,0,0,0,0,0
SitePing=167.30
ULSpeed=N/A
UsedTraffic=0

[Seaflix^香港 | 广州]
AvgPing=62.00
AvgSpeed=9.64MB
GroupID=0
ID=5
MaxSpeed=11.09MB
Online=true
PkLoss=0.00%
RawPing=59,63,62,63,62,63
RawSitePing=246,263,245,256,238,232,248,286,263,250
RawSpeed=0,3992864,11206656,11370496,10551296,10452992,9898314,11274570,11405642,11602250,11665408,11599872,11042816,11370496,11534336,11468800,11501568,11370496,11141120,11337728
SitePing=252.70
ULSpeed=N/A
UsedTraffic=102926628

[Seaflix^香港 | 广州02]
AvgPing=61.67
AvgSpeed=N/A
GroupID=0
ID=6
MaxSpeed=N/A
Online=false
PkLoss=0.00%
RawPing=58,64,63,63,61,61
RawSitePing=0,0,0,0,0,0,0,0,0,0
RawSpeed=0,0,0,0,0,0,0,0,0,0,0,0,0,0,0,0,0,0,0,0
SitePing=0.00
ULSpeed=N/A
UsedTraffic=0

[Seaflix^新加坡01 | 流媒体]
AvgPing=92.67
AvgSpeed=9.72MB
GroupID=0
ID=7
MaxSpeed=11.70MB
Online=true
PkLoss=0.00%
RawPing=99,79,92,108,94,84
RawSitePing=187,222,210,217,217,214,213,262,209,257
RawSpeed=0,975176,10171988,11426068,11288252,11678978,11467302,11638016,11710978,11541840,11384236,9796266,13236020,11296548,10310592,12525854,11786356,11473290,11719456,11736316
SitePing=220.80
ULSpeed=N/A
UsedTraffic=103581766

[Seaflix^新加坡02 | 流媒体]
AvgPing=0.00
AvgSpeed=N/A
GroupID=0
ID=8
MaxSpeed=N/A
Online=false
PkLoss=100.00%
RawPing=0,0,0,0,0,0
RawSitePing=0,0,0,0,0,0,0,0,0,0
RawSpeed=0,0,0,0,0,0,0,0,0,0,0,0,0,0,0,0,0,0,0,0
SitePing=0.00
ULSpeed=N/A
UsedTraffic=0

[Seaflix^新加坡03 | 流媒体]
AvgPing=427.00
AvgSpeed=9.12MB
GroupID=0
ID=9
MaxSpeed=10.99MB
Online=true
PkLoss=0.00%
RawPing=79,1084,1117,85,99,98
RawSitePing=0,0,0,0,0,0,0,0,0,0
RawSpeed=0,2247266,11247092,11801086,11320830,11116800,10522144,11019264,10840288,10685216,10107138,10619848,10498072,10636542,10204672,10148096,10986496,11434274,10270206,9870816
SitePing=0.00
ULSpeed=N/A
UsedTraffic=97804457

[Seaflix^新加坡04 | 流媒体]
AvgPing=103.33
AvgSpeed=875.57KB
GroupID=0
ID=10
MaxSpeed=1.83MB
Online=true
PkLoss=0.00%
RawPing=136,124,93,78,95,94
RawSitePing=217,200,200,205,260,217,203,357,399,568
RawSpeed=0,0,323280,1287136,1563648,1824256,1791488,2052864,1612512,1986560,1563456,2182856,456448,276512,244704,227840,309280,211744,195264,221764
SitePing=282.60
ULSpeed=N/A
UsedTraffic=9165806

[Seaflix^新加坡05 | 流媒体]
AvgPing=93.33
AvgSpeed=9.95MB
GroupID=0
ID=11
MaxSpeed=11.41MB
Online=true
PkLoss=0.00%
RawPing=108,78,78,93,109,94
RawSitePing=216,185,195,220,225,230,264,248,237,194
RawSpeed=0,7374704,11914864,12021174,11947794,11980256,11638780,11556354,10945964,11279326,11288118,11238774,11312710,11467136,11320252,11703712,9675930,10807116,11589534,11279684
SitePing=221.40
ULSpeed=N/A
UsedTraffic=106171091

[Seaflix^新加坡06 | 广东]
AvgPing=65.67
AvgSpeed=N/A
GroupID=0
ID=12
MaxSpeed=N/A
Online=false
PkLoss=0.00%
RawPing=159,47,47,47,47,47
RawSitePing=0,0,0,0,0,0,0,0,0,0
RawSpeed=0,0,0,0,0,0,0,0,0,0,0,0,0,0,0,0,0,0,0,0
SitePing=0.00
ULSpeed=N/A
UsedTraffic=0

[Seaflix^新加坡 | 上海02]
AvgPing=65.17
AvgSpeed=2.33MB
GroupID=0
ID=13
MaxSpeed=3.05MB
Online=true
PkLoss=0.00%
RawPing=76,63,63,63,63,63
RawSitePing=226,223,224,209,230,235,210,220,224,227
RawSpeed=0,1586176,2173872,3583744,3224640,3176160,3073404,2742132,2606080,2573312,2801344,2777632,2744864,2516448,2573312,3282368,2909296,2378240,2607920,861904
SitePing=222.80
ULSpeed=N/A
UsedTraffic=25096424

[Seaflix^韩国 | 专线]
AvgPing=153.83
AvgSpeed=8.97MB
GroupID=0
ID=14
MaxSpeed=11.41MB
Online=true
PkLoss=0.00%
RawPing=174,140,140,141,172,156
RawSitePing=434,434,436,456,423,441,424,435,478,427
RawSpeed=0,557056,6123782,11567104,11960320,11960320,11868446,11698176,10780672,9830400,4521984,13697024,10878976,10813440,11075584,11337728,11501568,11173888,11075584,9732096
SitePing=438.80
ULSpeed=N/A
UsedTraffic=96093458

[Seaflix^日本 01]
AvgPing=0.00
AvgSpeed=N/A
GroupID=0
ID=15
MaxSpeed=N/A
Online=false
PkLoss=100.00%
RawPing=0,0,0,0,0,0
RawSitePing=0,0,0,0,0,0,0,0,0,0
RawSpeed=0,0,0,0,0,0,0,0,0,0,0,0,0,0,0,0,0,0,0,0
SitePing=0.00
ULSpeed=N/A
UsedTraffic=0

[Seaflix^日本 02]
AvgPing=109.00
AvgSpeed=9.74MB
GroupID=0
ID=16
MaxSpeed=12.24MB
Online=true
PkLoss=0.00%
RawPing=108,109,109,109,110,109
RawSitePing=1337,310,310,296,276,278,273,293,313,333
RawSpeed=32768,4477096,11865832,11515712,11834036,11369500,12020732,11809282,11809280,11344832,11548482,10091036,10399732,7884446,14129696,11548480,10799330,11369504,10774752,12151520
SitePing=401.90
ULSpeed=N/A
UsedTraffic=104388024

[Seaflix^日本 | 泸日]
AvgPing=69.17
AvgSpeed=9.70MB
GroupID=0
ID=17
MaxSpeed=11.58MB
Online=true
PkLoss=0.00%
RawPing=120,62,78,46,63,46
RawSitePing=219,226,227,241,256,238,237,239,229,238
RawSpeed=649608,9300256,11182108,13095924,10725792,11637824,9668914,10016426,10416216,6531968,9406272,11606012,10302404,12615490,10228960,13185568,10979074,12590528,11150336,11767648
SitePing=235.00
ULSpeed=N/A
UsedTraffic=103529687

[Seaflix^美国01]
AvgPing=262.67
AvgSpeed=8.18MB
GroupID=0
ID=18
MaxSpeed=11.06MB
Online=true
PkLoss=0.00%
RawPing=369,233,250,237,235,252
RawSitePing=610,581,560,549,557,565,659,578,678,575
RawSpeed=0,0,720896,2782424,9043968,10321920,11272192,11208312,7995392,12288000,12124160,10584064,10452992,10389112,10259696,9043968,9043968,14155776,11272192,11403264
SitePing=591.20
ULSpeed=N/A
UsedTraffic=87197532

[Seaflix^美国02 | 流媒体]
AvgPing=1133.00
AvgSpeed=34.49KB
GroupID=0
ID=19
MaxSpeed=51.46KB
Online=true
PkLoss=0.00%
RawPing=247,365,266,2332,1277,2311
RawSitePing=585,596,553,1576,573,534,2140,550,2578,1616
RawSpeed=0,0,32768,39858,57008,32768,32768,32768,15904,72626,72626,32768,40336,32768,0,65536,32768,48672,65536,15904
SitePing=1130.10
ULSpeed=N/A
UsedTraffic=361691

[Seaflix^美国 | 泸美]
AvgPing=64.50
AvgSpeed=9.17MB
GroupID=0
ID=20
MaxSpeed=11.45MB
Online=true
PkLoss=0.00%
RawPing=74,63,62,62,62,64
RawSitePing=522,535,531,521,591,539,548,544,1638,539
RawSpeed=0,0,1635544,7471104,9207808,13762560,11173888,11960320,10685680,11306616,11208312,11862016,12091392,11042816,13336576,10682368,13008896,10027008,11468800,12222464
SitePing=650.80
ULSpeed=N/A
UsedTraffic=97077084

[Seaflix^孟买]
AvgPing=156.00
AvgSpeed=8.78MB
GroupID=0
ID=21
MaxSpeed=10.81MB
Online=true
PkLoss=0.00%
RawPing=261,125,125,128,146,151
RawSitePing=676,678,677,681,740,679,714,678,677,665
RawSpeed=0,65536,2733704,10286390,11501050,11172110,11395824,10863020,10692928,10351836,10400032,10392318,9764612,10270204,10727446,11368138,11328544,11053394,10960558,10921152
SitePing=686.50
ULSpeed=N/A
UsedTraffic=93140782

[Seaflix^英国 | 伦敦]
AvgPing=250.17
AvgSpeed=8.40MB
GroupID=0
ID=22
MaxSpeed=10.97MB
Online=true
PkLoss=0.00%
RawPing=245,248,249,239,249,271
RawSitePing=540,536,517,561,515,515,530,522,554,508
RawSpeed=0,0,445816,1848880,6416896,11142096,11751936,11247104,11116800,10929150,11084602,11891386,11507232,11279870,11149760,10921536,11458848,11173856,10741984,11475712
SitePing=529.80
ULSpeed=N/A
UsedTraffic=88809139

