[Basic]
GenerationTime=2022-07-25 00:31:09
Tester=Stair Speedtest Reborn v0.7.2

[Sea^死飞-鸡场 ( seaflix.xyz )]
AvgPing=0.00
AvgSpeed=N/A
GroupID=0
ID=0
MaxSpeed=N/A
Online=false
PkLoss=100.00%
RawPing=0,0,0,0,0,0
RawSitePing=0,0,0,0,0,0,0,0,0,0
RawSpeed=0,0,0,0,0,0,0,0,0,0,0,0,0,0,0,0,0,0,0,0
SitePing=0.00
ULSpeed=N/A
UsedTraffic=0

[Sea^香港01 | 流媒体]
AvgPing=128.67
AvgSpeed=10.04MB
GroupID=0
ID=1
MaxSpeed=11.48MB
Online=true
PkLoss=0.00%
RawPing=120,126,123,124,139,140
RawSitePing=285,270,340,280,328,1312,279,304,278,283
RawSpeed=0,2813220,11599872,12091392,12025856,11829248,11801236,11206656,11766090,11897162,11730944,11796480,12025856,11796480,11894784,12189696,12091392,11436032,11120628,11522060
SitePing=395.90
ULSpeed=N/A
UsedTraffic=107350310

[Sea^香港02 | 流媒体]
AvgPing=162.83
AvgSpeed=9.11MB
GroupID=0
ID=2
MaxSpeed=11.67MB
Online=true
PkLoss=0.00%
RawPing=153,155,155,171,155,188
RawSitePing=491,471,446,518,476,486,468,479,509,541
RawSpeed=0,458752,4418848,9371648,12681216,11337728,11108352,10621588,11534336,12812288,9895936,12650826,11599872,11831626,11632640,10977280,11206656,5799936,13434880,11042816
SitePing=488.50
ULSpeed=N/A
UsedTraffic=97208612

[Sea^香港03]
AvgPing=172.67
AvgSpeed=9.40MB
GroupID=0
ID=3
MaxSpeed=11.58MB
Online=true
PkLoss=0.00%
RawPing=274,156,154,155,156,141
RawSitePing=336,417,413,349,327,303,317,338,337,368
RawSpeed=0,849556,5438280,12058624,12061002,11927552,12093770,12090188,12156928,12124160,12025856,11993088,10846208,11730944,10649600,12451840,11304960,11796480,11468800,6782976
SitePing=350.50
ULSpeed=N/A
UsedTraffic=100925406

[Sea^香港04]
AvgPing=271.67
AvgSpeed=7.02MB
GroupID=0
ID=4
MaxSpeed=13.63MB
Online=true
PkLoss=0.00%
RawPing=292,281,265,264,265,263
RawSitePing=571,555,576,579,552,563,552,588,553,556
RawSpeed=0,0,425984,1469736,4128768,9961472,12124160,9240576,32768,16484680,14256456,12025856,1081344,11503944,14876672,13699400,8486912,819200,8421376,11436032
SitePing=564.50
ULSpeed=N/A
UsedTraffic=75237668

[Sea^香港 | 广州]
AvgPing=76.67
AvgSpeed=7.08MB
GroupID=0
ID=5
MaxSpeed=9.52MB
Online=true
PkLoss=0.00%
RawPing=151,62,62,62,61,62
RawSitePing=275,530,237,223,268,282,467,811,239,697
RawSpeed=0,393216,2585048,4815688,8126464,7667712,8849738,7831552,9404416,9207808,8980810,8554826,9076736,8192000,9863168,10092544,9863168,9830400,8159232,10420224
SitePing=402.90
ULSpeed=N/A
UsedTraffic=75973759

[Sea^香港 | 广州02]
AvgPing=98.67
AvgSpeed=5.92MB
GroupID=0
ID=6
MaxSpeed=11.57MB
Online=true
PkLoss=0.00%
RawPing=129,155,62,77,61,108
RawSitePing=1402,383,369,383,447,399,389,405,453,672
RawSpeed=0,0,229376,262144,1502504,1474560,3211264,1441792,5931008,8781824,9371648,6979584,4587520,10846208,12161680,12093768,12058624,12093768,11993088,12025856
SitePing=530.20
ULSpeed=N/A
UsedTraffic=63523108

[Sea^新加坡01 | 流媒体]
AvgPing=92.67
AvgSpeed=8.01MB
GroupID=0
ID=7
MaxSpeed=11.54MB
Online=true
PkLoss=0.00%
RawPing=90,95,94,93,93,91
RawSitePing=398,405,397,409,402,407,391,404,416,409
RawSpeed=0,0,32768,551304,1808928,3061760,9813724,12101696,12061696,12037116,12110364,12053694,12118752,12078366,12070080,12020736,12177078,12012256,11833450,12085792
SitePing=403.80
ULSpeed=N/A
UsedTraffic=86014780

[Sea^新加坡02 | 流媒体]
AvgPing=319.20
AvgSpeed=10.17MB
GroupID=0
ID=8
MaxSpeed=11.52MB
Online=true
PkLoss=16.67%
RawPing=198,1103,109,0,94,92
RawSitePing=0,0,0,0,0,0,0,0,0,0
RawSpeed=462966,9706534,12078344,12085986,11987964,11972356,11174428,10879994,10897148,11206626,11630402,11523808,11060224,10790848,12045598,12069698,11931582,11696724,11262124,12060928
SitePing=0.00
ULSpeed=N/A
UsedTraffic=109278525

[Sea^新加坡03 | 流媒体]
AvgPing=360.75
AvgSpeed=10.37MB
GroupID=0
ID=9
MaxSpeed=12.16MB
Online=true
PkLoss=33.33%
RawPing=166,93,92,0,0,1092
RawSitePing=0,201,0,0,0,0,0,0,0,0
RawSpeed=258440,8877808,12134788,9943922,11444718,11774706,12143498,11605084,12534238,10603584,13552720,11947152,12118916,12061698,11149044,12713386,11997090,11874216,10530840,13217546
SitePing=201.00
ULSpeed=N/A
UsedTraffic=111241697

[Sea^新加坡04 | 流媒体]
AvgPing=104.33
AvgSpeed=9.92MB
GroupID=0
ID=10
MaxSpeed=11.50MB
Online=true
PkLoss=0.00%
RawPing=180,92,94,92,94,74
RawSitePing=204,196,209,210,201,183,224,209,208,205
RawSpeed=0,6169864,12134300,11980406,11988436,9172490,11009004,11841856,11573438,11705324,11760136,12035506,10734080,11589144,10734270,11597632,11686882,11752246,11776300,11964348
SitePing=204.90
ULSpeed=N/A
UsedTraffic=106619215

[Sea^新加坡05 | 流媒体]
AvgPing=111.33
AvgSpeed=9.96MB
GroupID=0
ID=11
MaxSpeed=11.32MB
Online=true
PkLoss=0.00%
RawPing=213,92,94,93,81,95
RawSitePing=211,209,204,205,209,200,227,183,497,209
RawSpeed=0,6789800,11923464,11230408,11898626,11842336,11744506,11808510,11451136,11678492,11915682,11736722,11213260,10913536,11116990,9644150,11327368,11548672,11654688,11605056
SitePing=235.40
ULSpeed=N/A
UsedTraffic=106521701

[Sea^新加坡06 | 广东]
AvgPing=82.00
AvgSpeed=416.04KB
GroupID=0
ID=12
MaxSpeed=1.35MB
Online=true
PkLoss=0.00%
RawPing=183,62,62,62,62,61
RawSitePing=578,215,216,248,289,176,204,211,239,205
RawSpeed=0,455530,1928292,902874,570656,471776,261184,309280,293568,292608,472544,260608,374816,439584,358144,293376,260608,179168,227840,358144
SitePing=258.10
ULSpeed=N/A
UsedTraffic=4355300

[Sea^新加坡 | 上海02]
AvgPing=63.50
AvgSpeed=1.26MB
GroupID=0
ID=13
MaxSpeed=1.70MB
Online=true
PkLoss=0.00%
RawPing=70,62,61,62,63,63
RawSitePing=377,558,205,560,582,567,202,659,579,448
RawSpeed=0,105394,934878,1546784,2166304,1384672,1563648,1238080,1139968,1188832,1238272,1595840,1801318,1759586,1619810,1465344,1449824,1368000,1629184,1889024
SitePing=473.70
ULSpeed=N/A
UsedTraffic=13542381

[Sea^韩国 | 专线]
AvgPing=152.83
AvgSpeed=9.36MB
GroupID=0
ID=14
MaxSpeed=11.44MB
Online=true
PkLoss=0.00%
RawPing=151,154,157,141,158,156
RawSitePing=427,409,428,405,505,441,431,438,407,483
RawSpeed=0,851968,7271148,12124160,11862016,12091392,11834950,12156928,12025856,11960320,12025856,11862016,11730944,8454144,8585216,9109504,10977280,11927552,12025856,11698176
SitePing=437.40
ULSpeed=N/A
UsedTraffic=100304025

[Sea^日本 01 | 流媒体]
AvgPing=143.00
AvgSpeed=10.20MB
GroupID=0
ID=15
MaxSpeed=11.50MB
Online=true
PkLoss=0.00%
RawPing=228,130,128,124,127,121
RawSitePing=335,297,302,367,303,304,333,349,287,303
RawSpeed=0,3173644,11698176,12124160,11960320,11995476,11899560,11862016,12025856,11796480,11796480,11894784,11894784,11796480,12025856,12091392,11796480,11927552,11829248,11927552
SitePing=318.00
ULSpeed=N/A
UsedTraffic=108790916

[Sea^日本 02 | 流媒体]
AvgPing=129.50
AvgSpeed=9.98MB
GroupID=0
ID=16
MaxSpeed=11.84MB
Online=true
PkLoss=0.00%
RawPing=230,88,109,112,114,124
RawSitePing=293,272,297,304,319,361,319,290,319,350
RawSpeed=65536,5747176,12150728,12021672,11069298,12785580,11425500,11320830,12900670,11924274,12011274,11900372,11182144,12035946,11019072,10937824,10759424,11254528,11190528,10058272
SitePing=312.40
ULSpeed=N/A
UsedTraffic=106882370

[Sea^日本 | 泸日]
AvgPing=64.17
AvgSpeed=10.52MB
GroupID=0
ID=17
MaxSpeed=12.15MB
Online=true
PkLoss=0.00%
RawPing=89,62,62,62,62,48
RawSitePing=232,231,0,211,234,224,242,218,227,230
RawSpeed=584072,9333024,13095888,12208672,12337920,10800096,13397504,12085492,12045308,12061696,12102944,12028932,12094178,12086274,12134944,12037120,11695072,11417888,10474432,11833854
SitePing=227.67
ULSpeed=N/A
UsedTraffic=112928678

[Sea^美国01 | 流媒体]
AvgPing=250.83
AvgSpeed=8.45MB
GroupID=0
ID=18
MaxSpeed=11.30MB
Online=true
PkLoss=0.00%
RawPing=246,247,249,249,265,249
RawSitePing=642,670,657,573,688,571,572,645,592,579
RawSpeed=0,0,622592,2225376,5865472,10420224,11601526,11632640,11763712,11730944,11599872,11534336,11898092,9961472,11599872,11632640,11829248,11796480,11829248,11862016
SitePing=618.90
ULSpeed=N/A
UsedTraffic=90702881

[Sea^美国02 | 流媒体]
AvgPing=684.33
AvgSpeed=35.64KB
GroupID=0
ID=19
MaxSpeed=71.16KB
Online=true
PkLoss=0.00%
RawPing=431,375,256,1304,359,1381
RawSitePing=1785,764,760,758,1769,1483,784,1781,754,756
RawSpeed=0,0,0,0,0,0,0,105394,32768,96866,32768,81440,57008,88722,65536,0,0,57008,64576,65536
SitePing=1139.40
ULSpeed=N/A
UsedTraffic=373811

[Sea^美国 | 泸美]
AvgPing=66.17
AvgSpeed=4.78MB
GroupID=0
ID=20
MaxSpeed=6.17MB
Online=true
PkLoss=0.00%
RawPing=69,63,62,78,62,63
RawSitePing=521,598,600,528,512,601,518,519,536,515
RawSpeed=0,0,1963232,4227072,7340032,5603328,5799936,5996544,6488064,6324224,5668864,5637750,5111808,5373952,5734400,6296418,6389760,6225920,6160384,5963776
SitePing=544.80
ULSpeed=N/A
UsedTraffic=51169116

[Sea^孟买]
AvgPing=139.50
AvgSpeed=8.78MB
GroupID=0
ID=21
MaxSpeed=12.15MB
Online=true
PkLoss=0.00%
RawPing=137,155,139,128,139,139
RawSitePing=341,368,362,369,353,381,384,360,358,353
RawSpeed=0,0,1592528,10353156,12084438,12022830,12076182,12151326,7257968,8949164,13397498,12077790,12061692,11931392,11980066,10009790,618560,18218468,10710080,11181752
SitePing=362.90
ULSpeed=N/A
UsedTraffic=94337340

[Sea^英国 | 伦敦]
AvgPing=252.67
AvgSpeed=8.23MB
GroupID=0
ID=22
MaxSpeed=11.14MB
Online=true
PkLoss=0.00%
RawPing=260,246,250,265,249,246
RawSitePing=546,515,556,515,523,513,525,551,543,521
RawSpeed=0,0,324804,1351712,4609312,9016008,11548670,11540478,11719648,11638014,11524382,11450368,11736320,11459040,11434272,10888960,11564576,11744224,11215104,11613440
SitePing=530.80
ULSpeed=N/A
UsedTraffic=88206050

