[Basic]
GenerationTime=2022-07-25 13:18:34
Tester=Stair Speedtest Reborn v0.7.2

[fxx^官址：xf.gl]
AvgPing=65.00
AvgSpeed=10.46MB
GroupID=0
ID=0
MaxSpeed=11.55MB
Online=true
PkLoss=0.00%
RawPing=73,53,62,62,76,64
RawSitePing=225,335,489,344,269,227,223,202,370,489
RawSpeed=72626,7254294,11915452,11825380,12127042,12013010,12151032,11955484,11793372,11776034,12005120,12028928,12053696,12159520,12103542,12069000,12069888,12006792,12075156,12110368
SitePing=317.30
ULSpeed=N/A
UsedTraffic=111782868

[fxx^香港HGC | IEPL | 广港]
AvgPing=55.60
AvgSpeed=9.45MB
GroupID=0
ID=1
MaxSpeed=11.26MB
Online=true
PkLoss=16.67%
RawPing=58,0,64,47,47,62
RawSitePing=153,230,296,185,218,155,164,177,158,222
RawSpeed=2457008,10831904,9374140,9178900,9446944,9854912,9577438,9895196,9154344,9683442,10449098,10872852,10823432,11019070,11216652,11669420,11344446,11768992,11923010,11694880
SitePing=195.80
ULSpeed=N/A
UsedTraffic=101134424

[fxx^香港HGC | 佛港]
AvgPing=93.00
AvgSpeed=7.37MB
GroupID=0
ID=2
MaxSpeed=8.79MB
Online=true
PkLoss=0.00%
RawPing=169,158,62,62,62,45
RawSitePing=153,186,165,197,173,223,169,179,163,267
RawSpeed=1872360,7981240,9640904,8796384,7685152,7105824,7334336,7045738,7738622,9285406,9491472,8444876,8538858,8359690,8672864,9324502,6742528,9539328,10077984,4419840
SitePing=187.50
ULSpeed=N/A
UsedTraffic=79048954

[fxx^香港HKIX | 杭港]
AvgPing=68.00
AvgSpeed=10.35MB
GroupID=0
ID=3
MaxSpeed=11.53MB
Online=true
PkLoss=0.00%
RawPing=73,78,61,69,65,62
RawSitePing=240,367,296,254,377,259,364,362,237,326
RawSpeed=0,5421232,12045300,12143388,12021214,12061886,11768128,12070080,12152206,12003760,11996350,12063738,12043554,12047154,12034988,12070174,11988256,11989332,12052428,11971776
SitePing=308.20
ULSpeed=N/A
UsedTraffic=110980520

[fxx^香港HKIX | 上海]
AvgPing=80.00
AvgSpeed=6.84MB
GroupID=0
ID=4
MaxSpeed=11.52MB
Online=true
PkLoss=0.00%
RawPing=168,63,62,62,63,62
RawSitePing=614,372,365,1436,2015,467,562,312,1437,511
RawSpeed=0,422344,2508544,7606772,10000258,12094462,12037120,12126564,11744020,12346400,9838048,7818720,6881824,5432768,5839092,5757952,6499104,6647332,4738736,5904160
SitePing=809.10
ULSpeed=N/A
UsedTraffic=73122110

[fxx^香港HKIX | 广港]
AvgPing=61.00
AvgSpeed=10.69MB
GroupID=0
ID=5
MaxSpeed=11.48MB
Online=true
PkLoss=0.00%
RawPing=54,63,63,62,62,62
RawSitePing=253,293,301,241,373,350,312,367,352,353
RawSpeed=1302372,11970144,11442656,11776772,12110548,11752224,11842640,11873936,11898144,11972060,11939584,11972634,11874240,11882528,11947294,11998484,11945932,11743744,12021504,12061696
SitePing=319.50
ULSpeed=N/A
UsedTraffic=113664568

[fxx^香港00 | 佛港]
AvgPing=76.33
AvgSpeed=10.72MB
GroupID=0
ID=6
MaxSpeed=11.52MB
Online=true
PkLoss=0.00%
RawPing=159,48,63,63,63,62
RawSitePing=538,0,0,0,0,0,0,0,0,0
RawSpeed=1603216,11860808,11960320,11929930,11897162,11927552,11960320,11960320,11796480,11927552,12058624,12091392,12058624,12025856,11993088,12025856,11929930,11927552,12025856,11993088
SitePing=538.00
ULSpeed=N/A
UsedTraffic=114476763

[fxx^香港00 | 联坡]
AvgPing=66.50
AvgSpeed=10.32MB
GroupID=0
ID=7
MaxSpeed=11.48MB
Online=true
PkLoss=0.00%
RawPing=151,65,47,47,42,47
RawSitePing=412,418,502,462,441,437,687,425,408,459
RawSpeed=0,4541868,11965486,11929552,11940054,11914526,11907006,11875102,11825184,11882718,11849952,11865664,11849952,11923680,11923006,11939776,11980064,11890144,12070174,12004352
SitePing=465.10
ULSpeed=N/A
UsedTraffic=109539130

[fxx^香港00 | IEPL | 上海 | 4x]
AvgPing=60.67
AvgSpeed=8.35MB
GroupID=0
ID=8
MaxSpeed=11.53MB
Online=true
PkLoss=0.00%
RawPing=59,64,63,62,52,64
RawSitePing=944,1698,750,695,690,1705,1714,0,731,713
RawSpeed=0,424776,3174872,7372800,11632640,11897162,11894784,11960320,11995466,11862016,12156928,11995466,12025856,12156928,9699328,8355840,8585216,6782976,10027008,4587520
SitePing=1071.11
ULSpeed=N/A
UsedTraffic=89293951

[fxx^香港02 | 广州]
AvgPing=64.00
AvgSpeed=10.47MB
GroupID=0
ID=9
MaxSpeed=11.53MB
Online=true
PkLoss=0.00%
RawPing=87,63,64,58,49,63
RawSitePing=185,213,222,179,279,218,220,253,199,226
RawSpeed=309096,10178086,12118802,11956448,11824416,12152000,11955484,11483416,12045790,11825376,12078368,11198240,10481376,12053792,11923200,11906816,11980256,12078368,12053216,12119040
SitePing=219.40
ULSpeed=N/A
UsedTraffic=111868745

[fxx^香港02 | 联坡]
AvgPing=74.67
AvgSpeed=188.82KB
GroupID=0
ID=10
MaxSpeed=341.80KB
Online=true
PkLoss=0.00%
RawPing=153,62,62,62,61,48
RawSitePing=0,742,736,763,722,755,759,725,0,0
RawSpeed=0,0,170932,526970,252656,89200,163840,64576,130304,48864,114208,81440,129728,261376,227648,276896,341856,358144,343200,341280
SitePing=743.14
ULSpeed=N/A
UsedTraffic=1961559

[fxx^香港02 | IEPL | 上海 | 4x]
AvgPing=59.00
AvgSpeed=8.67MB
GroupID=0
ID=11
MaxSpeed=11.48MB
Online=true
PkLoss=0.00%
RawPing=57,62,46,63,63,63
RawSitePing=1549,320,293,581,297,295,589,324,327,323
RawSpeed=0,2082766,6678272,11947466,11003940,12068524,12119028,11964160,11825184,11931392,12013024,11980064,12037120,10815998,4813056,6588448,10840094,8909824,9431232,5530112
SitePing=489.80
ULSpeed=N/A
UsedTraffic=92298827

[fxx^香港04 | 杭州]
AvgPing=66.33
AvgSpeed=10.00MB
GroupID=0
ID=12
MaxSpeed=11.54MB
Online=true
PkLoss=0.00%
RawPing=59,73,77,63,63,63
RawSitePing=201,216,456,195,223,192,207,197,203,194
RawSpeed=0,1660988,11831314,12009106,11966556,11959702,11931016,12055036,12056742,11963222,11993208,11930022,11950752,11980250,10168788,9843508,11684560,12012540,12076062,12117534
SitePing=228.40
ULSpeed=N/A
UsedTraffic=106611837

[fxx^香港04 | 广港]
AvgPing=71.83
AvgSpeed=10.43MB
GroupID=0
ID=13
MaxSpeed=11.47MB
Online=true
PkLoss=0.00%
RawPing=159,48,49,47,63,65
RawSitePing=134,139,164,153,393,370,159,169,165,161
RawSpeed=177188,9192724,11597688,11352646,11436856,11953532,11711576,11817350,11874922,12037120,11687562,11930708,11801602,11971584,11915296,11924984,11872266,11304160,12061340,11997120
SitePing=200.70
ULSpeed=N/A
UsedTraffic=110810135

[fxx^香港04 | IEPL | 上海 | 4x]
AvgPing=73.83
AvgSpeed=6.32MB
GroupID=0
ID=14
MaxSpeed=11.13MB
Online=true
PkLoss=0.00%
RawPing=173,47,47,65,64,47
RawSitePing=556,333,284,327,308,348,304,305,708,303
RawSpeed=0,2213932,5512436,9773400,11369504,11775742,11671356,11491998,11784032,11557332,8486336,9316628,5245216,2818016,4081460,4257708,3013472,3216832,3502592,3501536
SitePing=377.60
ULSpeed=N/A
UsedTraffic=67311148

[fxx^香港06 | 杭州]
AvgPing=66.33
AvgSpeed=10.44MB
GroupID=0
ID=15
MaxSpeed=11.42MB
Online=true
PkLoss=0.00%
RawPing=73,63,64,65,64,69
RawSitePing=612,612,590,591,618,601,581,606,598,602
RawSpeed=196608,7597344,11894784,11829248,11766090,11796480,12028234,11894784,11960320,11995466,11960320,11894784,12058624,11894784,11927552,12025856,12058624,11698176,11927552,11960320
SitePing=601.10
ULSpeed=N/A
UsedTraffic=111215743

[fxx^香港06 | 广港]
AvgPing=49.00
AvgSpeed=9.18MB
GroupID=0
ID=16
MaxSpeed=11.30MB
Online=true
PkLoss=0.00%
RawPing=57,48,48,47,47,47
RawSitePing=536,534,538,527,543,978,525,524,547,537
RawSpeed=2452768,8093696,9142272,8454144,9111882,8847360,8978432,9142272,9043968,9863168,10752660,9767242,10059776,11173888,11206656,11501568,11796480,11894784,11599872,11927552
SitePing=578.90
ULSpeed=N/A
UsedTraffic=97405220

[fxx^香港06 | IEPL | 上海 | 4x]
AvgPing=67.00
AvgSpeed=8.09MB
GroupID=0
ID=17
MaxSpeed=11.50MB
Online=true
PkLoss=0.00%
RawPing=105,58,46,65,64,64
RawSitePing=925,1976,695,714,703,674,692,989,699,1710
RawSpeed=0,1832592,7272080,10551296,11536714,11862016,11894784,11635018,12058624,12058624,12156928,11927552,11993088,11042816,9535488,7634944,6654282,4620288,3508554,2850816
SitePing=977.70
ULSpeed=N/A
UsedTraffic=86313252

[fxx^香港06 | IEPL | 北京 | 4x]
AvgPing=69.83
AvgSpeed=10.50MB
GroupID=0
ID=18
MaxSpeed=11.97MB
Online=true
PkLoss=0.00%
RawPing=70,63,79,65,79,63
RawSitePing=620,585,602,588,601,624,632,607,612,617
RawSpeed=98304,9499096,11829248,11927552,11960320,9670108,11766090,13336576,11862016,12124160,12028234,11796480,11993088,11796480,11927552,11960320,11796480,12025856,11894784,12025856
SitePing=608.80
ULSpeed=N/A
UsedTraffic=111675684

[fxx^香港07 | 杭港]
AvgPing=60.00
AvgSpeed=9.61MB
GroupID=0
ID=19
MaxSpeed=11.05MB
Online=true
PkLoss=0.00%
RawPing=59,49,63,63,63,63
RawSitePing=192,202,198,202,198,226,216,210,238,399
RawSpeed=235028,7825044,11296706,10896182,11459808,11719646,10807324,11166238,11311582,10896960,11094066,11164296,10417970,10921538,10235786,10660926,9797860,10123520,11059742,11418560
SitePing=228.10
ULSpeed=N/A
UsedTraffic=102270775

[fxx^香港07 | 上海]
AvgPing=76.83
AvgSpeed=7.39MB
GroupID=0
ID=20
MaxSpeed=11.48MB
Online=true
PkLoss=0.00%
RawPing=160,47,65,62,63,64
RawSitePing=336,341,356,322,349,1322,906,334,342,312
RawSpeed=0,797156,3989412,6059520,11328332,12053482,11833758,11955776,11996352,12086558,11881762,11931584,11931200,12013024,7689584,4241806,4911358,4438048,3502304,2883068
SitePing=492.00
ULSpeed=N/A
UsedTraffic=78763065

[fxx^香港07 | IEPL | 北京 | 4x]
AvgPing=65.83
AvgSpeed=10.58MB
GroupID=0
ID=21
MaxSpeed=11.50MB
Online=true
PkLoss=0.00%
RawPing=75,64,64,65,64,63
RawSitePing=217,200,229,236,210,226,217,233,221,217
RawSpeed=373190,10920184,11890902,11874316,11866142,12102366,11731042,11675292,11606012,11964348,11841854,11881952,11850528,11867218,11986318,12135232,11956156,11922722,11988734,12110370
SitePing=220.60
ULSpeed=N/A
UsedTraffic=112772439

[fxx^香港07 | 广港]
AvgPing=64.17
AvgSpeed=9.83MB
GroupID=0
ID=22
MaxSpeed=11.49MB
Online=true
PkLoss=0.00%
RawPing=135,39,46,39,62,64
RawSitePing=168,151,178,156,166,165,388,168,156,143
RawSpeed=3256166,10879598,10115510,9252064,8942400,9610196,10580076,10570414,10612448,10481182,11411134,12003584,12029502,12060926,11866628,11670496,11809568,11287774,11181856,10563586
SitePing=183.90
ULSpeed=N/A
UsedTraffic=105092554

[fxx^香港08 | 广港]
AvgPing=68.50
AvgSpeed=9.39MB
GroupID=0
ID=23
MaxSpeed=11.59MB
Online=true
PkLoss=0.00%
RawPing=142,63,48,47,48,63
RawSitePing=188,170,221,425,237,177,180,207,174,190
RawSpeed=944226,8565566,9634880,10506236,10472884,11044396,10122752,10742752,10058272,9659072,12224768,12085792,11369214,11711744,11369694,11499516,10082558,10758464,8974782,8567584
SitePing=216.90
ULSpeed=N/A
UsedTraffic=100197576

[fxx^香港08 | 联坡]
AvgPing=72.83
AvgSpeed=1.83MB
GroupID=0
ID=24
MaxSpeed=2.70MB
Online=true
PkLoss=0.00%
RawPing=72,158,48,63,48,48
RawSitePing=524,466,487,444,458,463,460,451,434,436
RawSpeed=0,1260028,3477680,2183168,3404000,2158102,2215624,2589216,1857024,2166496,1734432,1996000,1563648,2003232,1864928,1254176,1555456,1938656,1840160,1881598
SitePing=462.30
ULSpeed=N/A
UsedTraffic=19488196

[fxx^香港08 | IEPL | 上海 | 4x]
AvgPing=57.33
AvgSpeed=6.17MB
GroupID=0
ID=25
MaxSpeed=11.37MB
Online=true
PkLoss=0.00%
RawPing=59,63,48,48,63,63
RawSitePing=365,374,320,607,359,337,1343,308,395,323
RawSpeed=0,846022,3647650,3706036,8306298,5032992,5440288,8828566,7696414,6042940,10799616,7753184,11980254,11874816,11940464,11897264,11833844,1791488,977664,855264
SitePing=473.10
ULSpeed=N/A
UsedTraffic=65625532

[fxx^香港10 | 广港]
AvgPing=57.33
AvgSpeed=10.22MB
GroupID=0
ID=26
MaxSpeed=11.36MB
Online=true
PkLoss=0.00%
RawPing=57,64,63,48,63,49
RawSitePing=272,259,308,305,273,266,302,303,0,268
RawSpeed=850760,9859552,10518528,11372874,10747904,11567104,11962698,11796480,11894784,11239424,10977280,12025856,11665408,11468800,10097300,11960320,11927552,11894784,11960320,11763712
SitePing=284.00
ULSpeed=N/A
UsedTraffic=108775720

[fxx^香港10 | 杭港]
AvgPing=68.50
AvgSpeed=10.44MB
GroupID=0
ID=27
MaxSpeed=11.31MB
Online=true
PkLoss=0.00%
RawPing=74,63,62,79,54,79
RawSitePing=293,551,310,294,327,290,291,321,300,284
RawSpeed=163840,9858344,11894784,11829248,11864394,11635018,11796480,11829248,11763712,11763712,11730944,11567104,11993088,11733322,11599872,11796480,11796480,11501568,11665408,11730944
SitePing=326.10
ULSpeed=N/A
UsedTraffic=110773379

[fxx^台湾01 | 广港]
AvgPing=76.00
AvgSpeed=9.73MB
GroupID=0
ID=28
MaxSpeed=11.32MB
Online=true
PkLoss=0.00%
RawPing=76,158,64,64,47,47
RawSitePing=288,328,264,249,236,242,270,200,271,195
RawSpeed=0,6480328,11459016,11565938,11588734,11914528,11768318,11963872,11931666,9594304,11206430,9805280,10725694,10490336,10579488,10342976,11638400,10856000,11418368,11898624
SitePing=254.30
ULSpeed=N/A
UsedTraffic=103614150

[fxx^台湾01 | 湘日]
AvgPing=84.83
AvgSpeed=10.00MB
GroupID=0
ID=29
MaxSpeed=11.64MB
Online=true
PkLoss=0.00%
RawPing=168,125,61,47,62,46
RawSitePing=259,248,257,231,0,258,261,233,258,243
RawSpeed=0,7839992,11850168,11784404,11361312,12283662,11913930,11938624,11866814,11165460,12501278,11907008,10603776,9895968,10310400,11043552,11353312,10888768,11173664,10897344
SitePing=249.78
ULSpeed=N/A
UsedTraffic=106289718

[fxx^台湾01 | 上海]
AvgPing=62.17
AvgSpeed=3.64MB
GroupID=0
ID=30
MaxSpeed=5.25MB
Online=true
PkLoss=0.00%
RawPing=74,63,47,63,63,63
RawSitePing=450,393,424,489,1419,485,509,400,434,385
RawSpeed=0,1015990,3884786,4837152,5896136,5123284,5163296,4161812,4976128,4511968,2800960,5017568,3942368,3028992,4406046,3583168,4170780,3419904,3909406,3615744
SitePing=538.80
ULSpeed=N/A
UsedTraffic=38749128

[fxx^台湾02 | 广港]
AvgPing=55.00
AvgSpeed=6.35MB
GroupID=0
ID=31
MaxSpeed=9.53MB
Online=true
PkLoss=0.00%
RawPing=60,48,64,48,63,47
RawSitePing=611,645,607,654,632,629,617,607,667,616
RawSpeed=0,5238068,9797632,10190848,9633792,9535488,9338880,9015976,9570644,8161620,7471104,7208960,5013504,5079040,4947968,4849664,4882432,4882432,5111808,5079040
SitePing=628.50
ULSpeed=N/A
UsedTraffic=67504450

[fxx^台湾02 | 湘日]
AvgPing=49.17
AvgSpeed=9.75MB
GroupID=0
ID=32
MaxSpeed=11.08MB
Online=true
PkLoss=0.00%
RawPing=58,47,48,48,47,47
RawSitePing=638,669,653,657,648,666,661,653,645,643
RawSpeed=0,6352152,11173888,11239424,11272192,11178664,10911744,11075584,11141120,11307348,10878976,11173888,10551296,11010048,10584064,11042816,11337728,11763712,11370496,11862016
SitePing=653.30
ULSpeed=N/A
UsedTraffic=103613578

[fxx^台湾02 | 上海]
AvgPing=62.83
AvgSpeed=2.85MB
GroupID=0
ID=33
MaxSpeed=3.80MB
Online=true
PkLoss=0.00%
RawPing=74,65,47,64,63,64
RawSitePing=743,767,812,775,748,1792,1769,2140,781,757
RawSpeed=0,491520,3009816,2981888,3178496,2818048,3342336,3014656,3276800,3047424,3997696,3964928,4063232,3604480,4358144,2916352,3932160,3344724,2916352,2981888
SitePing=1108.40
ULSpeed=N/A
UsedTraffic=30620470

[fxx^新加坡01 | 联坡]
AvgPing=49.50
AvgSpeed=10.17MB
GroupID=0
ID=34
MaxSpeed=11.45MB
Online=true
PkLoss=0.00%
RawPing=58,48,49,47,47,48
RawSitePing=1145,1177,515,813,3886,3404,836,548,572,2153
RawSpeed=0,4681008,11829248,11665408,10780672,10848586,11503946,11894784,12025856,11993088,11894784,11965076,11894784,11960320,12025856,11927552,11927552,12025856,11894784,11960320
SitePing=1504.90
ULSpeed=N/A
UsedTraffic=108366124

[fxx^新加坡01 | IEPL | 上海 | 4x]
AvgPing=60.17
AvgSpeed=9.14MB
GroupID=0
ID=35
MaxSpeed=11.41MB
Online=true
PkLoss=0.00%
RawPing=58,64,47,64,65,63
RawSitePing=779,477,455,505,0,488,589,525,479,499
RawSpeed=0,524288,5991728,9994240,10321920,7241728,9043968,10616832,12098526,11796480,11995466,11927552,11960320,11894784,11993088,11763712,11960320,11862016,11829248,9175040
SitePing=532.89
ULSpeed=N/A
UsedTraffic=97012012

[fxx^新加坡01 | IEPL | 北京 | 4x]
AvgPing=89.67
AvgSpeed=10.19MB
GroupID=0
ID=36
MaxSpeed=11.53MB
Online=true
PkLoss=0.00%
RawPing=176,65,79,77,78,63
RawSitePing=398,402,370,364,404,381,379,415,409,389
RawSpeed=0,6221104,12058624,12124160,11862016,11897162,11932308,12025856,12058624,11960320,11960320,11960320,11929930,11927552,11862016,12025856,11927552,10616832,9043968,11927552
SitePing=391.10
ULSpeed=N/A
UsedTraffic=108661036

[fxx^新加坡02 | 联坡]
AvgPing=69.00
AvgSpeed=8.53KB
GroupID=0
ID=37
MaxSpeed=35.34KB
Online=true
PkLoss=0.00%
RawPing=160,47,64,48,48,47
RawSitePing=422,750,1725,1029,1416,1396,468,2670,2716,432
RawSpeed=0,0,0,0,0,0,0,0,0,0,32768,0,0,39858,0,0,32768,0,32768,39610
SitePing=1302.40
ULSpeed=N/A
UsedTraffic=88886

[fxx^新加坡02 | IEPL | 上海 | 4x]
AvgPing=59.50
AvgSpeed=7.43MB
GroupID=0
ID=38
MaxSpeed=11.51MB
Online=true
PkLoss=0.00%
RawPing=58,62,63,64,47,63
RawSitePing=668,449,411,0,355,1485,381,400,380,374
RawSpeed=0,291788,5081036,9691624,12011886,12135428,11784214,11654852,11971778,11713218,11766954,11996344,11841856,6270976,6466528,6230788,4821700,4234496,3567072,4626464
SitePing=544.78
ULSpeed=N/A
UsedTraffic=79103933

[fxx^新加坡02 | IEPL | 北京 | 4x]
AvgPing=72.67
AvgSpeed=10.15MB
GroupID=0
ID=39
MaxSpeed=11.46MB
Online=true
PkLoss=0.00%
RawPing=73,64,79,77,64,79
RawSitePing=287,279,279,354,278,280,393,286,279,280
RawSpeed=0,1267176,11768430,11865322,11957648,11824350,11931374,11963870,12004652,11900430,12019404,11858432,11979776,11955784,11834042,12037118,11939104,11964160,11939776,12094274
SitePing=299.50
ULSpeed=N/A
UsedTraffic=108052561

[fxx^新加坡03 | 联坡]
AvgPing=75.17
AvgSpeed=10.39MB
GroupID=0
ID=40
MaxSpeed=11.45MB
Online=true
PkLoss=0.00%
RawPing=154,63,48,61,62,63
RawSitePing=408,399,412,449,407,390,410,384,406,414
RawSpeed=0,6024496,11927552,11960320,12025856,11932308,11763712,12255232,11993088,11927552,11897162,11960320,11993088,11862016,11960320,11960320,12061002,11960320,11927552,11993088
SitePing=407.90
ULSpeed=N/A
UsedTraffic=110692652

[fxx^新加坡03 | IEPL | 上海 | 4x]
AvgPing=60.00
AvgSpeed=9.19MB
GroupID=0
ID=41
MaxSpeed=11.52MB
Online=true
PkLoss=0.00%
RawPing=59,62,64,63,65,47
RawSitePing=342,373,714,396,359,429,366,361,362,357
RawSpeed=0,1012196,9894732,12091392,11993088,12156928,11995466,11866772,11534336,12255232,12028234,11796480,11829248,11927552,9797632,8814592,9469952,6684672,8159232,10584064
SitePing=405.90
ULSpeed=N/A
UsedTraffic=97945900

[fxx^新加坡03 | IEPL | 北京 | 4x]
AvgPing=86.83
AvgSpeed=10.51MB
GroupID=0
ID=42
MaxSpeed=11.52MB
Online=true
PkLoss=0.00%
RawPing=74,171,78,70,64,64
RawSitePing=264,258,265,264,247,259,269,270,267,277
RawSpeed=0,8482096,12124160,11894784,12124160,11831626,11993088,11869150,11993088,12025856,11894784,11894784,12058624,12091392,11829248,12058624,12025856,12091392,12124160,11993088
SitePing=264.00
ULSpeed=N/A
UsedTraffic=112232748

[fxx^新加坡04 | 广港]
AvgPing=74.50
AvgSpeed=7.17MB
GroupID=0
ID=43
MaxSpeed=9.03MB
Online=true
PkLoss=0.00%
RawPing=58,155,63,63,46,62
RawSitePing=225,212,206,263,205,217,261,209,199,198
RawSpeed=324804,8273156,8144072,7134216,7215872,7117856,8095908,6645312,6857726,6776286,7028220,7598586,8136962,8705790,8795618,9121568,9219102,9463808,10033888,8901438
SitePing=219.50
ULSpeed=N/A
UsedTraffic=76811478

[fxx^新加坡04 | 联坡]
AvgPing=67.33
AvgSpeed=10.33MB
GroupID=0
ID=44
MaxSpeed=11.55MB
Online=true
PkLoss=0.00%
RawPing=60,63,94,62,63,62
RawSitePing=416,425,431,427,518,506,396,412,474,403
RawSpeed=0,4899784,11808156,11792828,12110860,12119378,11832908,12061878,11996926,11922916,11915292,12053318,12037120,11825380,12094458,11996350,12029696,12061504,12069118,12020850
SitePing=440.80
ULSpeed=N/A
UsedTraffic=110324360

[fxx^新加坡04 | IEPL | 上海 | 4x]
AvgPing=72.67
AvgSpeed=8.72MB
GroupID=0
ID=45
MaxSpeed=11.41MB
Online=true
PkLoss=0.00%
RawPing=73,159,47,63,47,47
RawSitePing=366,453,381,943,376,722,365,359,1427,354
RawSpeed=0,162402,4469622,12142788,11165450,11915472,11988446,11948068,11653916,11589152,11125184,11778352,11693514,11696726,12149964,11141090,7313410,8828384,8576060,4894688
SitePing=574.60
ULSpeed=N/A
UsedTraffic=93116344

[fxx^新加坡04 | IEPL | 北京 | 4x]
AvgPing=89.67
AvgSpeed=9.70MB
GroupID=0
ID=46
MaxSpeed=11.35MB
Online=true
PkLoss=0.00%
RawPing=152,77,76,77,78,78
RawSitePing=306,277,291,283,258,545,449,276,385,0
RawSpeed=0,6179708,11661922,11613424,12031238,11774658,11784704,11662592,11679168,11686684,11883894,11531404,11711070,11499998,11173856,10644444,9463616,6694850,9992738,11776702
SitePing=341.11
ULSpeed=N/A
UsedTraffic=103223335

[fxx^新加坡05 | 联坡]
AvgPing=69.50
AvgSpeed=3.71MB
GroupID=0
ID=47
MaxSpeed=11.33MB
Online=true
PkLoss=0.00%
RawPing=154,47,47,63,43,63
RawSitePing=436,379,383,406,394,372,429,385,473,425
RawSpeed=0,5958960,11853800,11837464,11960320,11798858,11831626,6490110,2490700,163840,131072,65536,131072,98304,131072,163840,458752,851968,1310720,1736704
SitePing=408.20
ULSpeed=N/A
UsedTraffic=39732359

[fxx^新加坡05 | IEPL | 上海 | 4x]
AvgPing=59.00
AvgSpeed=9.16MB
GroupID=0
ID=48
MaxSpeed=11.38MB
Online=true
PkLoss=0.00%
RawPing=43,62,63,62,62,62
RawSitePing=391,1414,399,334,393,357,348,414,477,392
RawSpeed=0,1438180,2980684,9895936,9895936,11829248,11834004,11993088,11862016,11862016,11862016,11960320,12058624,11796480,12025856,11110730,10452992,11468800,11304960,8617984
SitePing=491.90
ULSpeed=N/A
UsedTraffic=98141319

[fxx^新加坡06 | 广港]
AvgPing=59.83
AvgSpeed=8.98MB
GroupID=0
ID=49
MaxSpeed=11.22MB
Online=true
PkLoss=0.00%
RawPing=104,64,47,48,48,48
RawSitePing=207,204,201,215,206,214,440,221,188,205
RawSpeed=527664,9798272,11806904,9003996,6469728,9595356,8208048,10085656,10791150,9623814,10432654,10636784,11100126,9982960,9386168,9756602,8997628,10774418,11707984,11829612
SitePing=230.10
ULSpeed=N/A
UsedTraffic=95257762

[fxx^新加坡06 | 联坡]
AvgPing=72.33
AvgSpeed=10.38MB
GroupID=0
ID=50
MaxSpeed=11.52MB
Online=true
PkLoss=0.00%
RawPing=152,64,47,48,61,62
RawSitePing=402,449,404,385,390,414,434,436,515,414
RawSpeed=0,5779736,12126176,12030568,11945494,11871214,11935072,11847912,11980312,12033366,11891660,11975920,11913184,11940138,11957440,11905478,11978912,11943434,11964790,12076390
SitePing=424.30
ULSpeed=N/A
UsedTraffic=110550644

[fxx^新加坡06 | IEPL | 上海 | 4x]
AvgPing=76.83
AvgSpeed=7.84MB
GroupID=0
ID=51
MaxSpeed=11.29MB
Online=true
PkLoss=0.00%
RawPing=176,47,65,47,63,63
RawSitePing=414,463,445,527,1448,1379,363,407,696,373
RawSpeed=0,1919344,7771432,11041112,11834928,7765488,6991792,8443984,6597694,8681404,4380498,8998316,4710094,9306334,9258964,11666104,11754580,11929088,11790608,11868020
SitePing=651.50
ULSpeed=N/A
UsedTraffic=83355915

[fxx^新加坡06 | IEPL | 北京 | 4x]
AvgPing=68.00
AvgSpeed=10.34MB
GroupID=0
ID=52
MaxSpeed=11.45MB
Online=true
PkLoss=0.00%
RawPing=89,62,53,64,62,78
RawSitePing=275,268,256,270,287,289,303,289,263,261
RawSpeed=0,7650872,11997948,11967328,11828336,11668118,11937210,12018122,11889016,11944252,11878058,11909158,11936212,11706678,12080368,11928892,11985828,11919952,11973680,11613302
SitePing=276.10
ULSpeed=N/A
UsedTraffic=110947556

[fxx^新加坡07 | 联坡]
AvgPing=69.00
AvgSpeed=10.31MB
GroupID=0
ID=53
MaxSpeed=11.45MB
Online=true
PkLoss=0.00%
RawPing=120,44,63,62,62,63
RawSitePing=1893,746,403,415,406,1943,0,425,1752,390
RawSpeed=0,5633688,11993088,11730944,12063380,11796480,11993088,11960320,11927552,12025856,12025856,11927552,12025856,11993088,11796480,11862016,11829248,11993088,11993088,11993088
SitePing=930.33
ULSpeed=N/A
UsedTraffic=110298262

[fxx^新加坡07 | IEPL | 上海 | 4x]
AvgPing=59.17
AvgSpeed=5.65MB
GroupID=0
ID=54
MaxSpeed=11.45MB
Online=true
PkLoss=0.00%
RawPing=59,62,62,63,63,46
RawSitePing=685,389,404,399,348,353,627,398,350,0
RawSpeed=0,229376,2321712,6815744,11763712,11766090,11993088,12025856,11897162,6586368,7143424,7143424,5079040,4259840,3309568,3538944,3440640,3768320,3571712,3702784
SitePing=439.22
ULSpeed=N/A
UsedTraffic=60178402

[fxx^新加坡08 | 广港]
AvgPing=55.00
AvgSpeed=5.98MB
GroupID=0
ID=55
MaxSpeed=7.52MB
Online=true
PkLoss=0.00%
RawPing=59,61,39,61,46,64
RawSitePing=198,223,214,214,200,196,438,203,190,201
RawSpeed=817996,8647140,7405568,7438336,6848512,5439488,4587520,3997696,4915200,6261066,6588746,7045120,7077888,5900618,6490442,7536640,7405568,7700480,7241728,8519680
SitePing=227.70
ULSpeed=N/A
UsedTraffic=63933739

[fxx^新加坡08 | 联坡]
AvgPing=57.83
AvgSpeed=10.24MB
GroupID=0
ID=56
MaxSpeed=11.41MB
Online=true
PkLoss=0.00%
RawPing=52,47,62,62,61,63
RawSitePing=408,399,426,416,404,459,402,377,403,413
RawSpeed=0,5270832,11730944,11960320,11894784,11667786,11864394,11730944,11796480,11798526,11831958,11894784,11993088,11927552,11960320,11796480,11894784,11993088,11632640,11993088
SitePing=410.70
ULSpeed=N/A
UsedTraffic=109350187

[fxx^新加坡08 | IEPL | 上海 | 4x]
AvgPing=61.83
AvgSpeed=7.40MB
GroupID=0
ID=57
MaxSpeed=11.30MB
Online=true
PkLoss=0.00%
RawPing=58,63,62,63,63,62
RawSitePing=371,387,682,394,1384,1371,1371,381,717,357
RawSpeed=0,1013400,8320664,9601024,10584064,11403264,11602250,11665408,11665408,11473556,11796480,11897162,11796480,8716288,5341184,5144576,3997696,4161536,3506176,4358144
SitePing=741.50
ULSpeed=N/A
UsedTraffic=79022380

[fxx^新加坡09 | 联坡]
AvgPing=51.17
AvgSpeed=10.09MB
GroupID=0
ID=58
MaxSpeed=11.22MB
Online=true
PkLoss=0.00%
RawPing=56,48,47,48,55,53
RawSitePing=450,381,411,380,388,381,413,370,354,398
RawSpeed=0,4682212,11860812,11599872,11730944,11702932,11698176,11698176,11632640,11634686,11728898,11569482,11599872,11698176,11796480,11730944,11632640,11534336,11534336,11665408
SitePing=392.60
ULSpeed=N/A
UsedTraffic=107366534

[fxx^新加坡09 | IEPL | 上海 | 4x]
AvgPing=80.50
AvgSpeed=6.78MB
GroupID=0
ID=59
MaxSpeed=11.23MB
Online=true
PkLoss=0.00%
RawPing=73,159,63,63,63,62
RawSitePing=387,664,375,360,413,421,379,386,1427,418
RawSpeed=0,2911536,10027008,11960320,11796480,11670164,11763712,11796480,11730944,11534336,10682368,4784128,4587520,4358144,3112960,4390912,3407872,4849664,4685824,4292608
SitePing=523.00
ULSpeed=N/A
UsedTraffic=72187874

[fxx^日本01]
AvgPing=52.17
AvgSpeed=10.45MB
GroupID=0
ID=60
MaxSpeed=11.31MB
Online=true
PkLoss=0.00%
RawPing=73,48,49,48,47,48
RawSitePing=233,264,241,225,238,356,251,245,252,260
RawSpeed=250652,10383316,11808944,11746944,11806080,11776992,11898910,11678680,11760890,11736032,11515424,11907104,11613920,11939104,11792896,11793184,11737108,11628748,11914720,11809760
SitePing=256.50
ULSpeed=N/A
UsedTraffic=111282472

[fxx^日本02]
AvgPing=65.50
AvgSpeed=10.49MB
GroupID=0
ID=61
MaxSpeed=11.31MB
Online=true
PkLoss=0.00%
RawPing=154,47,48,48,48,48
RawSitePing=252,270,270,321,398,285,297,272,274,294
RawSpeed=527064,10815172,11679228,11751936,11686880,11687452,11694880,11728322,11792416,11915296,11833854,11808512,11801276,11907102,11776704,11776320,11792892,11769088,11605246,11760608
SitePing=293.30
ULSpeed=N/A
UsedTraffic=111555124

[fxx^日本03]
AvgPing=65.33
AvgSpeed=10.49MB
GroupID=0
ID=62
MaxSpeed=11.30MB
Online=true
PkLoss=0.00%
RawPing=154,48,48,48,47,47
RawSitePing=312,234,297,300,218,308,279,304,277,301
RawSpeed=437288,10733984,11752188,11825844,11638016,11670778,11858908,11792416,11710980,11768320,11695360,11833850,11849760,11801094,11882522,11735750,11793376,11743550,11898812,11809280
SitePing=283.00
ULSpeed=N/A
UsedTraffic=111640374

[fxx^日本04]
AvgPing=51.83
AvgSpeed=10.26MB
GroupID=0
ID=63
MaxSpeed=11.34MB
Online=true
PkLoss=0.00%
RawPing=58,48,47,47,63,48
RawSitePing=301,300,309,346,287,272,305,318,268,308
RawSpeed=0,6301352,11663048,11743240,11809280,11711740,11809756,11808512,11865664,11915296,11809472,11825664,11801086,11801086,11695072,11531616,11850910,11694592,11752222,11874816
SitePing=301.40
ULSpeed=N/A
UsedTraffic=109132212

[fxx^韩国01]
AvgPing=49.75
AvgSpeed=9.77MB
GroupID=0
ID=64
MaxSpeed=11.37MB
Online=true
PkLoss=33.33%
RawPing=57,0,0,48,47,47
RawSitePing=625,725,656,723,654,717,619,794,655,644
RawSpeed=0,0,7180528,11842216,11768128,11801276,11662372,11743936,11793376,11825184,11711264,11695552,11906624,11858144,11932752,11915012,11921932,11809472,11874048,11898622
SitePing=681.20
ULSpeed=N/A
UsedTraffic=104078267

[fxx^韩国02]
AvgPing=58.50
AvgSpeed=6.85MB
GroupID=0
ID=65
MaxSpeed=11.26MB
Online=true
PkLoss=0.00%
RawPing=57,104,48,48,47,47
RawSitePing=653,710,678,599,612,636,713,623,702,634
RawSpeed=0,0,5031088,11718964,11777148,11751744,11597054,11672334,11180784,538080,764960,1075008,1873120,1800158,5806814,11947294,11784990,11825568,11621920,11809566
SitePing=656.00
ULSpeed=N/A
UsedTraffic=72788297

[fxx^韩国03]
AvgPing=70.50
AvgSpeed=3.58MB
GroupID=0
ID=66
MaxSpeed=9.24MB
Online=true
PkLoss=0.00%
RawPing=153,63,49,47,48,63
RawSitePing=674,663,664,625,657,673,694,586,673,614
RawSpeed=0,0,7213480,11906612,11670964,7712316,2231744,1124064,1090912,586752,276896,732960,1123872,1482208,2086694,2604334,3453140,4976320,6702656,9325504
SitePing=652.30
ULSpeed=N/A
UsedTraffic=38150714

[fxx^美国01]
AvgPing=54.67
AvgSpeed=9.51MB
GroupID=0
ID=67
MaxSpeed=11.44MB
Online=true
PkLoss=0.00%
RawPing=75,63,48,48,47,47
RawSitePing=390,459,482,479,373,382,459,487,468,489
RawSpeed=0,138140,4827316,11800596,11883464,11742976,11801360,11727838,11842526,11832608,11972638,11817184,12012544,11982694,11367542,10994496,10783422,11197952,10953536,11541248
SitePing=446.80
ULSpeed=N/A
UsedTraffic=101142808

[fxx^美国02]
AvgPing=49.00
AvgSpeed=9.67MB
GroupID=0
ID=68
MaxSpeed=11.34MB
Online=true
PkLoss=0.00%
RawPing=58,47,47,47,47,48
RawSitePing=396,403,379,391,383,429,384,396,413,389
RawSpeed=0,322716,7753664,11832860,11834612,11875602,11815638,11898614,11849750,11849952,11964012,11825184,11443092,11418368,11198256,11198416,11344640,11703744,11254910,11378564
SitePing=396.30
ULSpeed=N/A
UsedTraffic=102881297

[fxx^美国03]
AvgPing=65.00
AvgSpeed=9.42MB
GroupID=0
ID=69
MaxSpeed=11.37MB
Online=true
PkLoss=0.00%
RawPing=152,48,47,47,48,48
RawSitePing=608,483,492,425,526,1142,474,539,510,587
RawSpeed=0,0,2343998,11476482,11889338,11906816,11889952,11866618,11866810,11848992,11882720,11963968,11834048,11410176,11279680,11231200,11198432,11361312,11703264,11344448
SitePing=578.60
ULSpeed=N/A
UsedTraffic=100149127

[fxx^美国04]
AvgPing=51.00
AvgSpeed=9.24MB
GroupID=0
ID=70
MaxSpeed=11.43MB
Online=true
PkLoss=16.67%
RawPing=0,65,47,47,48,48
RawSitePing=690,737,769,687,561,729,693,734,809,552
RawSpeed=0,0,1545076,10539578,11507544,11986894,11882548,11898590,12037120,11882714,11858144,11915458,12004832,11963392,11890528,11907200,12037058,11801082,10011158,7874218
SitePing=696.10
ULSpeed=N/A
UsedTraffic=98271567

[fxx^美国05]
AvgPing=49.17
AvgSpeed=9.67MB
GroupID=0
ID=71
MaxSpeed=11.27MB
Online=true
PkLoss=0.00%
RawPing=41,48,48,47,64,47
RawSitePing=400,391,492,405,387,378,444,386,381,369
RawSpeed=0,468328,7704224,11776944,11751742,11874522,11760416,11719800,11653920,11818144,10359184,11849950,11752070,11744090,11149530,11166316,11596578,11834468,11735516,11736514
SitePing=403.30
ULSpeed=N/A
UsedTraffic=102734080

[fxx^俄罗斯莫斯科]
AvgPing=67.50
AvgSpeed=7.83MB
GroupID=0
ID=72
MaxSpeed=11.31MB
Online=true
PkLoss=0.00%
RawPing=168,47,63,47,48,32
RawSitePing=762,760,774,778,767,785,785,752,814,769
RawSpeed=0,0,0,98304,639232,3592272,8730368,11914282,11793070,11802534,11758968,11785180,11898618,11759840,11768892,11761968,11816116,11900266,11807640,11849764
SitePing=774.60
ULSpeed=N/A
UsedTraffic=83338657

[fxx^德国法兰克福]
AvgPing=49.17
AvgSpeed=N/A
GroupID=0
ID=73
MaxSpeed=N/A
Online=false
PkLoss=0.00%
RawPing=57,48,49,47,48,46
RawSitePing=1605,0,4299,1982,2694,2309,0,0,0,0
RawSpeed=0,0,0,0,0,0,0,0,0,0,0,0,0,0,0,0,0,0,0,0
SitePing=2577.80
ULSpeed=N/A
UsedTraffic=0

[fxx^阿联酋迪拜]
AvgPing=49.17
AvgSpeed=8.92MB
GroupID=0
ID=74
MaxSpeed=11.44MB
Online=true
PkLoss=0.00%
RawPing=58,47,47,47,47,49
RawSitePing=813,860,849,809,1003,819,794,806,812,823
RawSpeed=0,0,0,1577640,10392128,11728272,11808320,11841758,11768606,11850432,11898144,11858428,12028926,11955680,11882718,11891004,11857184,11939584,11899584,11874336
SitePing=838.80
ULSpeed=N/A
UsedTraffic=95026372

[fxx^波兰华沙]
AvgPing=65.17
AvgSpeed=710.30KB
GroupID=0
ID=75
MaxSpeed=1.70MB
Online=true
PkLoss=0.00%
RawPing=89,48,64,63,64,63
RawSitePing=712,691,737,708,688,705,710,705,725,736
RawSpeed=0,0,0,551398,1127784,1388168,1695738,1879078,1490744,889264,849004,468328,238000,324794,622214,824546,997222,210104,439776,765536
SitePing=711.70
ULSpeed=N/A
UsedTraffic=7381872

[fxx^意大利伯勒莫]
AvgPing=70.67
AvgSpeed=5.59MB
GroupID=0
ID=76
MaxSpeed=10.81MB
Online=true
PkLoss=0.00%
RawPing=74,97,63,63,63,64
RawSitePing=974,947,961,1828,2620,2484,1599,2434,974,980
RawSpeed=0,0,0,0,235028,578032,2085056,5676308,9463796,11940062,11792412,10873054,6661888,8502816,9902816,10424608,9887488,9919488,5082336,5888064
SitePing=1580.10
ULSpeed=N/A
UsedTraffic=59456626

