[Basic]
GenerationTime=2022-07-07 22:58:58
Tester=Stair Speedtest Reborn v0.7.2

[Seaflix_死飞测速^死飞-鸡场 ( seaflix.xyz )]
AvgPing=0.00
AvgSpeed=N/A
GroupID=0
ID=0
MaxSpeed=N/A
Online=false
PkLoss=100.00%
RawPing=0,0,0,0,0,0
RawSitePing=0,0,0,0,0,0,0,0,0,0
RawSpeed=0,0,0,0,0,0,0,0,0,0,0,0,0,0,0,0,0,0,0,0
SitePing=0.00
ULSpeed=N/A
UsedTraffic=0

[Seaflix_死飞测速^香港01]
AvgPing=150.33
AvgSpeed=501.14KB
GroupID=0
ID=1
MaxSpeed=800.00KB
Online=true
PkLoss=0.00%
RawPing=151,157,157,140,141,156
RawSitePing=357,351,365,306,349,341,347,364,369,438
RawSpeed=0,0,163840,392012,196608,686920,390800,393216,196608,720896,360448,1081344,884736,655360,917504,655360,950272,688128,688128,491520
SitePing=358.70
ULSpeed=N/A
UsedTraffic=5256850

[Seaflix_死飞测速^香港02]
AvgPing=144.17
AvgSpeed=1.65MB
GroupID=0
ID=2
MaxSpeed=5.70MB
Online=true
PkLoss=0.00%
RawPing=146,156,141,141,156,125
RawSitePing=338,357,314,340,424,315,362,333,347,363
RawSpeed=0,491520,2092332,4227072,7143424,4816896,5212490,294912,131072,983040,884736,1572864,1277952,1048576,1114112,917504,950272,1015808,720896,655360
SitePing=349.30
ULSpeed=N/A
UsedTraffic=17775419

[Seaflix_死飞测速^香港03]
AvgPing=161.50
AvgSpeed=81.10KB
GroupID=0
ID=3
MaxSpeed=224.00KB
Online=true
PkLoss=0.00%
RawPing=149,148,187,142,171,172
RawSitePing=353,370,376,364,353,372,366,861,370,374
RawSpeed=0,0,0,0,0,0,0,0,0,0,65536,131072,196608,131072,162632,195400,162632,196608,196608,262144
SitePing=415.90
ULSpeed=N/A
UsedTraffic=850156

[Seaflix_死飞测速^香港 | 流媒体01]
AvgPing=739.25
AvgSpeed=118.01KB
GroupID=0
ID=4
MaxSpeed=290.03KB
Online=true
PkLoss=33.33%
RawPing=244,1233,234,0,1246,0
RawSitePing=0,1019,3752,700,719,822,967,0,0,0
RawSpeed=0,0,0,0,0,105146,89776,324228,72378,521600,195264,0,0,0,89776,48672,64768,423680,375008,162880
SitePing=1329.83
ULSpeed=N/A
UsedTraffic=1236588

[Seaflix_死飞测速^香港 | 流媒体02]
AvgPing=143.17
AvgSpeed=N/A
GroupID=0
ID=5
MaxSpeed=N/A
Online=false
PkLoss=0.00%
RawPing=125,141,125,172,124,172
RawSitePing=398,339,355,386,357,371,355,362,347,341
RawSpeed=0,0,0,0,0,0,0,0,0,0,0,0,0,0,0,0,0,0,0,0
SitePing=361.10
ULSpeed=N/A
UsedTraffic=0

[Seaflix_死飞测速^新加坡01]
AvgPing=429.83
AvgSpeed=3.46KB
GroupID=0
ID=6
MaxSpeed=16.00KB
Online=true
PkLoss=0.00%
RawPing=110,125,297,250,328,1469
RawSitePing=1839,4030,2371,1328,937,309,386,461,1780,2435
RawSpeed=0,0,0,0,0,0,0,0,0,32768,0,0,0,0,0,32768,0,7092,0,0
SitePing=1587.60
ULSpeed=N/A
UsedTraffic=36314

[Seaflix_死飞测速^新加坡02 | 流媒体]
AvgPing=0.00
AvgSpeed=N/A
GroupID=0
ID=7
MaxSpeed=N/A
Online=false
PkLoss=100.00%
RawPing=0,0,0,0,0,0
RawSitePing=0,0,0,0,0,0,0,0,0,0
RawSpeed=0,0,0,0,0,0,0,0,0,0,0,0,0,0,0,0,0,0,0,0
SitePing=0.00
ULSpeed=N/A
UsedTraffic=0

[Seaflix_死飞测速^新加坡03 | 流媒体]
AvgPing=774.17
AvgSpeed=2.69MB
GroupID=0
ID=8
MaxSpeed=4.84MB
Online=true
PkLoss=0.00%
RawPing=205,422,548,359,844,2267
RawSitePing=3293,1674,1653,470,254,305,282,266,300,407
RawSpeed=0,811766,1921618,2036000,3387136,6490934,4414188,1995388,1645280,2768768,5709472,4438972,326144,6987420,668384,8241438,97536,0,5131200,748864
SitePing=890.40
ULSpeed=N/A
UsedTraffic=28910254

[Seaflix_死飞测速^新加坡04 | 流媒体]
AvgPing=149.67
AvgSpeed=2.93MB
GroupID=0
ID=9
MaxSpeed=5.35MB
Online=true
PkLoss=0.00%
RawPing=146,141,142,141,156,172
RawSitePing=288,333,395,349,342,318,339,338,338,358
RawSpeed=0,454438,2068098,3355136,5211968,2239926,1808160,4194294,3795188,4993574,3525328,3029760,3803582,2491680,3827964,326144,6262302,4960032,5310174,1401536
SitePing=339.80
ULSpeed=N/A
UsedTraffic=31529642

[Seaflix_死飞测速^新加坡05 | 流媒体]
AvgPing=262.00
AvgSpeed=518.60KB
GroupID=0
ID=10
MaxSpeed=1.34MB
Online=true
PkLoss=0.00%
RawPing=166,187,203,172,203,641
RawSitePing=418,392,653,563,383,370,393,405,370,413
RawSpeed=0,131072,1006984,374048,343008,1562688,635616,1563456,1873120,928992,0,15904,163072,0,0,0,65536,243744,717248,1237504
SitePing=436.00
ULSpeed=N/A
UsedTraffic=5430996

[Seaflix_死飞测速^韩国 | 专线]
AvgPing=178.33
AvgSpeed=592.88KB
GroupID=0
ID=11
MaxSpeed=2.19MB
Online=true
PkLoss=0.00%
RawPing=173,184,144,154,198,217
RawSitePing=467,666,488,559,441,688,1163,572,2820,1844
RawSpeed=0,0,0,0,0,0,0,32768,327680,360448,356630,524288,557056,589824,786432,1048576,1441792,1703936,2228224,2359296
SitePing=970.80
ULSpeed=N/A
UsedTraffic=6158475

[Seaflix_死飞测速^日本 01]
AvgPing=524.50
AvgSpeed=N/A
GroupID=0
ID=12
MaxSpeed=N/A
Online=false
PkLoss=0.00%
RawPing=1486,417,135,348,483,278
RawSitePing=0,0,0,0,0,0,0,0,0,0
RawSpeed=0,0,0,0,0,0,0,0,0,0,0,0,0,0,0,0,0,0,0,0
SitePing=0.00
ULSpeed=N/A
UsedTraffic=0

[Seaflix_死飞测速^日本 02]
AvgPing=132.67
AvgSpeed=1.95MB
GroupID=0
ID=13
MaxSpeed=2.80MB
Online=true
PkLoss=0.00%
RawPing=114,155,125,125,170,107
RawSitePing=305,318,286,302,305,301,295,335,329,341
RawSpeed=0,974800,1091872,977088,537312,1465920,2574080,3126528,3299028,2574936,2262672,2345472,2442816,2484448,2517796,2743504,2809632,2654752,2158496,2850784
SitePing=311.70
ULSpeed=N/A
UsedTraffic=20945968

[Seaflix_死飞测速^美国 | 直连]
AvgPing=246.33
AvgSpeed=N/A
GroupID=0
ID=14
MaxSpeed=N/A
Online=false
PkLoss=0.00%
RawPing=239,248,248,248,247,248
RawSitePing=0,0,0,0,0,0,0,0,0,0
RawSpeed=0,0,0,0,0,0,0,0,0,0,0,0,0,0,0,0,0,0,0,0
SitePing=0.00
ULSpeed=N/A
UsedTraffic=0

[Seaflix_死飞测速^孟买]
AvgPing=211.00
AvgSpeed=1.99MB
GroupID=0
ID=15
MaxSpeed=3.16MB
Online=true
PkLoss=0.00%
RawPing=208,218,202,218,218,202
RawSitePing=499,473,505,524,487,533,489,501,508,489
RawSpeed=0,0,494296,2093008,2867456,1856064,1384672,2003424,1873120,1132532,2744084,1580128,3102612,3202854,3247854,2524640,3868928,2752288,3428576,2630464
SitePing=500.80
ULSpeed=N/A
UsedTraffic=21393500

[Seaflix_死飞测速^英国 | 伦敦]
AvgPing=277.83
AvgSpeed=1.82MB
GroupID=0
ID=16
MaxSpeed=3.77MB
Online=true
PkLoss=0.00%
RawPing=283,251,265,308,280,280
RawSitePing=659,563,605,538,548,522,577,624,603,1655
RawSpeed=0,0,322272,896032,1954752,2003232,1612320,2614740,130304,733152,5057556,945088,1848832,1449248,3908352,3877120,2891540,912128,4992212,2915360
SitePing=689.40
ULSpeed=N/A
UsedTraffic=19532120

