[Basic]
GenerationTime=2022-07-16 22:01:00
Tester=Stair Speedtest Reborn v0.7.2

[Seaflix死飞测速^死飞-鸡场 ( seaflix.xyz )]
AvgPing=0.00
AvgSpeed=N/A
GroupID=0
ID=0
MaxSpeed=N/A
Online=false
PkLoss=100.00%
RawPing=0,0,0,0,0,0
RawSitePing=0,0,0,0,0,0,0,0,0,0
RawSpeed=0,0,0,0,0,0,0,0,0,0,0,0,0,0,0,0,0,0,0,0
SitePing=0.00
ULSpeed=N/A
UsedTraffic=0

[Seaflix死飞测速^香港01 | 流媒体]
AvgPing=61.00
AvgSpeed=2.20MB
GroupID=0
ID=1
MaxSpeed=3.11MB
Online=true
PkLoss=0.00%
RawPing=75,65,49,64,49,64
RawSitePing=190,167,167,186,1176,150,150,125,148,389
RawSpeed=881124,3210060,2555904,3342336,720896,1409024,2785280,3735552,1146880,2785280,3211264,2916352,3014656,1572864,2195456,2523136,2428924,1929220,2981888,1671168
SitePing=284.80
ULSpeed=N/A
UsedTraffic=23508632

[Seaflix死飞测速^香港 | 广州]
AvgPing=74.17
AvgSpeed=392.93KB
GroupID=0
ID=2
MaxSpeed=2.04MB
Online=true
PkLoss=0.00%
RawPing=62,66,115,52,66,84
RawSitePing=263,233,261,247,282,270,257,318,288,303
RawSpeed=0,491520,1535268,2752512,1900544,32768,196608,393216,393216,0,32768,0,32768,0,0,32768,65536,65536,196608,65536
SitePing=272.20
ULSpeed=N/A
UsedTraffic=4093586

[Seaflix死飞测速^香港02 | 流媒体]
AvgPing=249.50
AvgSpeed=1.07MB
GroupID=0
ID=3
MaxSpeed=2.44MB
Online=true
PkLoss=0.00%
RawPing=44,139,111,1094,47,62
RawSitePing=587,183,192,160,1188,180,165,276,273,1232
RawSpeed=424780,2456396,1604424,327680,98304,2521932,2523136,2588672,2195456,851968,1540096,1572864,229376,65536,262144,196608,1048576,753664,753664,786432
SitePing=443.60
ULSpeed=N/A
UsedTraffic=11400854

[Seaflix死飞测速^香港03]
AvgPing=77.50
AvgSpeed=1.89MB
GroupID=0
ID=4
MaxSpeed=2.77MB
Online=true
PkLoss=0.00%
RawPing=59,109,111,62,62,62
RawSitePing=131,137,157,238,162,177,177,170,150,165
RawSpeed=849552,2685768,2916352,2882376,2326528,2228224,2293760,786432,327680,1146880,1998848,1802240,1572864,2195456,2293760,2293760,2326528,3047424,2230602,2424832
SitePing=166.40
ULSpeed=N/A
UsedTraffic=20314933

[Seaflix死飞测速^香港04 | 流媒体]
AvgPing=217.83
AvgSpeed=872.62KB
GroupID=0
ID=5
MaxSpeed=2.24MB
Online=true
PkLoss=0.00%
RawPing=215,258,195,234,204,201
RawSitePing=1625,642,603,632,807,663,617,674,607,609
RawSpeed=0,0,0,32768,306412,138448,544372,489216,439584,684288,716288,944896,1254368,1318944,1848624,1091488,2084864,1661952,2679494,2019520
SitePing=747.90
ULSpeed=N/A
UsedTraffic=9127763

[Seaflix死飞测速^香港 | 广州02]
AvgPing=66.50
AvgSpeed=21.91KB
GroupID=0
ID=6
MaxSpeed=67.60KB
Online=true
PkLoss=0.00%
RawPing=72,78,62,63,61,63
RawSitePing=0,497,803,673,0,0,0,0,0,0
RawSpeed=0,0,0,0,0,72212,0,32768,0,57008,72212,0,0,0,138448,0,0,32768,16096,32768
SitePing=657.67
ULSpeed=N/A
UsedTraffic=227140

[Seaflix死飞测速^新加坡01]
AvgPing=126.50
AvgSpeed=1.86MB
GroupID=0
ID=7
MaxSpeed=3.00MB
Online=true
PkLoss=0.00%
RawPing=198,80,109,94,93,185
RawSitePing=218,243,223,426,437,404,239,207,192,215
RawSpeed=0,333336,2189016,1303232,16096,1629184,1768548,1594288,2622752,2020096,2564880,2882784,2476290,3371808,700384,2256606,3664224,2012096,2996992,3298272
SitePing=280.40
ULSpeed=N/A
UsedTraffic=19850442

[Seaflix死飞测速^新加坡02 | 流媒体]
AvgPing=723.60
AvgSpeed=194.59KB
GroupID=0
ID=8
MaxSpeed=516.77KB
Online=true
PkLoss=16.67%
RawPing=325,1319,0,309,312,1353
RawSitePing=4661,599,582,597,1240,1593,0,630,620,618
RawSpeed=0,0,0,105146,105680,211936,260608,137914,130304,284178,293376,390912,390912,667424,211936,0,293376,211744,64768,211936
SitePing=1237.78
ULSpeed=N/A
UsedTraffic=2034843

[Seaflix死飞测速^新加坡04 | 流媒体]
AvgPing=92.33
AvgSpeed=1.44MB
GroupID=0
ID=9
MaxSpeed=2.87MB
Online=true
PkLoss=0.00%
RawPing=87,93,93,94,93,94
RawSitePing=202,227,202,226,218,199,1218,203,198,209
RawSpeed=0,1000092,1611652,1514976,765920,821968,863456,2695988,2891444,3045664,3282176,2736384,1914368,1082912,162496,814592,1254176,1352672,1465152,1498880
SitePing=310.20
ULSpeed=N/A
UsedTraffic=15387484

[Seaflix死飞测速^新加坡05 | 流媒体]
AvgPing=771.00
AvgSpeed=318.55KB
GroupID=0
ID=10
MaxSpeed=946.52KB
Online=true
PkLoss=16.67%
RawPing=0,282,1308,437,1545,283
RawSitePing=588,617,3584,1171,575,574,576,1298,598,567
RawSpeed=0,0,0,0,0,32768,39610,122544,48672,357474,147168,309280,357226,553984,912128,358144,749056,1189408,586176,896032
SitePing=1014.80
ULSpeed=N/A
UsedTraffic=3329835

[Seaflix死飞测速^新加坡 | 上海02]
AvgPing=61.67
AvgSpeed=391.30KB
GroupID=0
ID=11
MaxSpeed=1.55MB
Online=true
PkLoss=0.00%
RawPing=58,63,61,62,63,63
RawSitePing=295,321,324,234,256,238,235,235,234,213
RawSpeed=0,1299944,1530880,1716650,1394742,1107200,0,195840,130304,64576,0,114400,64768,32768,98304,16096,81440,162304,0,163072
SitePing=258.50
ULSpeed=N/A
UsedTraffic=4086644

[Seaflix死飞测速^新加坡06 | 广东]
AvgPing=89.17
AvgSpeed=731.20KB
GroupID=0
ID=12
MaxSpeed=2.19MB
Online=true
PkLoss=0.00%
RawPing=102,140,63,123,46,61
RawSitePing=232,331,203,213,189,189,200,221,224,281
RawSpeed=0,0,289512,228032,293952,31808,293760,814208,488640,163072,178976,48864,277472,879168,1416864,1596224,2541312,2059822,3128064,504352
SitePing=228.30
ULSpeed=N/A
UsedTraffic=7617051

[Seaflix死飞测速^韩国 | 专线]
AvgPing=131.00
AvgSpeed=306.81KB
GroupID=0
ID=13
MaxSpeed=639.30KB
Online=true
PkLoss=0.00%
RawPing=220,110,110,111,110,125
RawSitePing=371,338,356,353,353,370,337,355,354,343
RawSpeed=0,393216,981616,327680,31570,491520,262144,327680,458752,458752,458752,393216,294912,98304,131072,294912,262144,229376,294912,229376
SitePing=353.00
ULSpeed=N/A
UsedTraffic=3209953

[Seaflix死飞测速^日本 01]
AvgPing=100.50
AvgSpeed=1.45MB
GroupID=0
ID=14
MaxSpeed=2.75MB
Online=true
PkLoss=0.00%
RawPing=84,108,86,109,108,108
RawSitePing=310,653,267,268,235,265,259,287,269,255
RawSpeed=0,1635998,2293760,3473408,2949120,2686976,2818048,2490368,1509714,2228224,1145668,1048576,1146880,1310720,1015808,851968,588616,622592,557056,622592
SitePing=306.80
ULSpeed=N/A
UsedTraffic=15498046

[Seaflix死飞测速^日本 02]
AvgPing=105.67
AvgSpeed=2.42MB
GroupID=0
ID=15
MaxSpeed=3.63MB
Online=true
PkLoss=0.00%
RawPing=105,108,94,109,109,109
RawSitePing=279,268,259,255,284,276,276,269,271,255
RawSpeed=0,1823014,2523778,2948128,2679508,2206964,3860256,3754720,2858496,2183168,2761362,1986158,3600608,2760000,3070238,3485632,2207732,2549488,1709856,2638848
SitePing=269.20
ULSpeed=N/A
UsedTraffic=25803977

[Seaflix死飞测速^美国02 | 流媒体]
AvgPing=104.00
AvgSpeed=1.83MB
GroupID=0
ID=16
MaxSpeed=3.40MB
Online=true
PkLoss=0.00%
RawPing=108,110,110,93,110,93
RawSitePing=654,645,628,638,963,651,638,634,658,661
RawSpeed=0,0,486360,2703424,1091296,2036192,2026904,2964932,2874580,3005460,3452672,3673856,3135008,1897504,1124064,553984,81632,3419712,2468544,2043712
SitePing=677.00
ULSpeed=N/A
UsedTraffic=19519918

[Seaflix死飞测速^美国03 | 流媒体]
AvgPing=491.33
AvgSpeed=85.45KB
GroupID=0
ID=17
MaxSpeed=258.57KB
Online=true
PkLoss=0.00%
RawPing=212,370,1466,297,218,385
RawSitePing=991,447,1110,441,441,2445,446,448,461,584
RawSpeed=0,0,0,260456,266528,0,163072,97344,0,529552,375008,81440,0,0,0,0,0,0,0,0
SitePing=781.40
ULSpeed=N/A
UsedTraffic=886700

[Seaflix死飞测速^孟买]
AvgPing=579.33
AvgSpeed=6.63KB
GroupID=0
ID=18
MaxSpeed=48.00KB
Online=true
PkLoss=0.00%
RawPing=2300,251,296,267,205,157
RawSitePing=891,2141,1004,837,992,989,1119,680,664,830
RawSpeed=0,0,0,0,0,0,0,0,0,0,65536,32768,0,0,0,0,0,0,0,39858
SitePing=1014.70
ULSpeed=N/A
UsedTraffic=69081

[Seaflix死飞测速^英国 | 伦敦]
AvgPing=267.67
AvgSpeed=788.17KB
GroupID=0
ID=19
MaxSpeed=1.47MB
Online=true
PkLoss=0.00%
RawPing=262,265,267,295,264,253
RawSitePing=541,555,549,571,548,546,545,550,555,592
RawSpeed=0,0,138162,560118,1139968,293184,48864,81632,781824,1530880,521024,358336,1319904,1514592,1140160,1400576,1563456,1522868,1328180,1140160
SitePing=555.20
ULSpeed=N/A
UsedTraffic=8191944

