[Basic]
GenerationTime=2022-08-04 19:21:03
Tester=Stair Speedtest Reborn v0.7.2

[Seaflix七夕测速^死飞-鸡场 ( seaflix.xyz )]
AvgPing=656.17
AvgSpeed=N/A
GroupID=0
ID=0
MaxSpeed=N/A
Online=false
PkLoss=0.00%
RawPing=1332,1319,312,323,326,325
RawSitePing=0,0,0,0,0,0,0,0,0,0
RawSpeed=0,0,0,0,0,0,0,0,0,0,0,0,0,0,0,0,0,0,0,0
SitePing=0.00
ULSpeed=N/A
UsedTraffic=0

[Seaflix七夕测速^香港01]
AvgPing=147.17
AvgSpeed=10.11MB
GroupID=0
ID=1
MaxSpeed=11.58MB
Online=true
PkLoss=0.00%
RawPing=137,125,156,154,156,155
RawSitePing=327,306,331,323,317,318,306,308,314,309
RawSpeed=0,1568032,10092544,11862016,11993088,12025856,12028234,12159306,12061004,12093772,11796480,12025856,12156928,12124160,12091392,12091392,12025856,12156928,11960320,12124160
SitePing=315.90
ULSpeed=N/A
UsedTraffic=108218662

[Seaflix七夕测速^香港 | 广州]
AvgPing=241.00
AvgSpeed=10.08MB
GroupID=0
ID=2
MaxSpeed=11.53MB
Online=true
PkLoss=0.00%
RawPing=58,62,93,77,77,1079
RawSitePing=409,334,266,265,290,366,880,262,739,1539
RawSpeed=0,1504914,10780672,12058624,11960282,11995468,12091392,11567104,12124160,11801240,12124160,12058624,11993088,11960320,11927552,12058624,12058624,11829248,11927552,12058624
SitePing=535.00
ULSpeed=N/A
UsedTraffic=107956520

[Seaflix七夕测速^香港02]
AvgPing=156.83
AvgSpeed=9.83MB
GroupID=0
ID=3
MaxSpeed=11.39MB
Online=true
PkLoss=0.00%
RawPing=149,154,155,155,172,156
RawSitePing=456,493,435,446,458,476,472,466,471,526
RawSpeed=0,589824,5958950,11960320,11894784,11894784,12028236,11831628,11995468,11894784,11864394,11927552,11894784,11960320,11894784,11894784,11894784,11927552,11894784,11927552
SitePing=469.90
ULSpeed=N/A
UsedTraffic=104565034

[Seaflix七夕测速^香港03]
AvgPing=147.00
AvgSpeed=10.27MB
GroupID=0
ID=4
MaxSpeed=11.53MB
Online=true
PkLoss=0.00%
RawPing=227,126,126,125,139,139
RawSitePing=267,291,282,288,283,305,260,290,276,278
RawSpeed=0,3960100,11567104,12058624,11829248,12093772,12058624,11768470,11962698,12058624,12091392,11960320,12091392,12025856,11993088,12025856,12091392,12091392,12025856,12025856
SitePing=282.00
ULSpeed=N/A
UsedTraffic=109889832

[Seaflix七夕测速^香港 | 京港]
AvgPing=79.17
AvgSpeed=10.30MB
GroupID=0
ID=5
MaxSpeed=11.53MB
Online=true
PkLoss=0.00%
RawPing=165,61,62,63,62,62
RawSitePing=232,255,246,260,254,244,264,275,260,250
RawSpeed=0,4320548,12091392,11993088,11829248,12058624,11993088,12100904,12156928,12025856,12058624,12025856,12058624,11993088,11763712,12091392,12091392,12025856,12058624,12058624
SitePing=254.00
ULSpeed=N/A
UsedTraffic=110415141

[Seaflix七夕测速^香港04]
AvgPing=152.33
AvgSpeed=10.05MB
GroupID=0
ID=6
MaxSpeed=11.55MB
Online=true
PkLoss=0.00%
RawPing=167,156,139,156,155,141
RawSitePing=392,345,318,345,364,332,332,332,382,330
RawSpeed=0,1568026,9338880,12091392,12025856,12091392,12126540,11997848,12061002,12091392,12091392,11796480,12091392,12058624,12058624,12091392,12091392,12124160,11337728,12812288
SitePing=347.20
ULSpeed=N/A
UsedTraffic=107972900

[Seaflix七夕测速^香港05]
AvgPing=123.67
AvgSpeed=9.88MB
GroupID=0
ID=7
MaxSpeed=12.91MB
Online=true
PkLoss=0.00%
RawPing=126,127,128,126,126,109
RawSitePing=283,302,274,297,259,293,295,304,299,287
RawSpeed=0,3108130,11960320,12091392,12126540,12058624,12091392,12058624,11993088,12192074,11440788,9568256,14942208,12124160,12025856,12124160,12091392,12091392,8093696,7929856
SitePing=289.30
ULSpeed=N/A
UsedTraffic=106138917

[Seaflix七夕测速^香港 | 泸]
AvgPing=60.50
AvgSpeed=9.09MB
GroupID=0
ID=8
MaxSpeed=11.56MB
Online=true
PkLoss=0.00%
RawPing=62,62,63,62,62,52
RawSitePing=364,404,428,425,386,382,421,558,353,365
RawSpeed=0,65536,785228,4420056,11763712,12124160,12093770,12058624,12058624,9797632,11108352,11995468,12058624,12126540,12061002,12058624,11993088,12058624,12156928,12091392
SitePing=408.60
ULSpeed=N/A
UsedTraffic=97437992

[Seaflix七夕测速^新加坡 | 01]
AvgPing=77.67
AvgSpeed=10.52MB
GroupID=0
ID=9
MaxSpeed=11.53MB
Online=true
PkLoss=0.00%
RawPing=172,62,62,62,62,46
RawSitePing=199,216,216,184,186,228,209,200,178,283
RawSpeed=0,8792120,12061474,11874832,11792204,11882710,12102052,11833846,12127558,12013000,12101884,12053510,12143324,12004158,12070000,12061888,12167602,12020272,12086256,12037136
SitePing=209.90
ULSpeed=N/A
UsedTraffic=112612913

[Seaflix七夕测速^新加坡 | 02]
AvgPing=76.67
AvgSpeed=10.50MB
GroupID=0
ID=10
MaxSpeed=11.55MB
Online=true
PkLoss=0.00%
RawPing=161,48,79,48,62,62
RawSitePing=261,235,261,1326,367,222,220,196,232,224
RawSpeed=0,8320344,12030544,12099918,11980046,12045942,12094632,12077430,12094302,11987786,12062158,12088264,12075604,12061878,12126944,12036808,12111334,11874044,12119014,12110560
SitePing=354.40
ULSpeed=N/A
UsedTraffic=112698776

[Seaflix七夕测速^新加坡 | 03]
AvgPing=222.50
AvgSpeed=9.54MB
GroupID=0
ID=11
MaxSpeed=11.52MB
Online=true
PkLoss=0.00%
RawPing=269,250,78,46,441,251
RawSitePing=350,715,225,209,247,1429,213,274,337,202
RawSpeed=0,0,1105888,10700534,11857948,12071996,12050608,12104246,12116630,11883174,12020254,12070054,12094462,12020570,12085960,12078560,12110008,11841472,11867102,11938626
SitePing=420.10
ULSpeed=N/A
UsedTraffic=102009046

[Seaflix七夕测速^新加坡 | 04]
AvgPing=238.33
AvgSpeed=10.69MB
GroupID=0
ID=12
MaxSpeed=11.54MB
Online=true
PkLoss=0.00%
RawPing=1066,79,79,80,63,63
RawSitePing=165,844,303,278,211,186,198,205,196,181
RawSpeed=1234296,12053504,12135096,12061198,12028758,11866422,11776692,11914854,12111306,11849352,11801666,11947668,11996162,12021022,12045800,12101828,12094000,11890586,11915662,11825376
SitePing=276.70
ULSpeed=N/A
UsedTraffic=114336647

[Seaflix七夕测速^新加坡 | 05]
AvgPing=64.00
AvgSpeed=10.68MB
GroupID=0
ID=13
MaxSpeed=11.47MB
Online=true
PkLoss=0.00%
RawPing=58,92,78,46,46,64
RawSitePing=175,225,187,200,185,199,204,178,185,190
RawSpeed=957784,11824896,11816962,11744484,11865494,12184088,11947666,11703878,11947630,11719460,11868452,11774866,11995966,11947690,11817758,12167072,11825840,12102064,12143136,11868092
SitePing=192.80
ULSpeed=N/A
UsedTraffic=113611639

[Seaflix七夕测速^新加坡06]
AvgPing=70.17
AvgSpeed=78.83KB
GroupID=0
ID=14
MaxSpeed=143.25KB
Online=true
PkLoss=0.00%
RawPing=167,63,36,62,46,47
RawSitePing=395,500,307,349,1806,494,633,1232,364,485
RawSpeed=0,0,137888,72352,144704,81248,89776,57008,32768,32768,131072,47712,48672,81632,81632,80864,131072,97536,146208,147168
SitePing=656.50
ULSpeed=N/A
UsedTraffic=821040

[Seaflix七夕测速^韩国 | 专线]
AvgPing=147.67
AvgSpeed=6.70MB
GroupID=0
ID=15
MaxSpeed=10.91MB
Online=true
PkLoss=0.00%
RawPing=136,152,154,156,141,147
RawSitePing=427,432,425,444,451,465,453,424,404,454
RawSpeed=0,981616,8583306,11272192,11436032,11337728,11404922,11472844,6193152,4882432,5472256,5767168,5406720,10059776,8716288,4587520,3047424,6979584,9076736,6979584
SitePing=437.90
ULSpeed=N/A
UsedTraffic=71830686

[Seaflix七夕测速^日本 02]
AvgPing=144.83
AvgSpeed=7.63MB
GroupID=0
ID=16
MaxSpeed=13.42MB
Online=true
PkLoss=0.00%
RawPing=168,139,140,140,141,141
RawSitePing=331,338,325,323,332,344,340,323,349,335
RawSpeed=0,1666320,7340032,8192000,7897088,7995392,8292692,6422528,6258688,6389760,5832704,5636096,5968552,9043968,13434880,14712832,12189696,12058624,12189696,11829248
SitePing=334.00
ULSpeed=N/A
UsedTraffic=81676421

[Seaflix七夕测速^日本 | 京日]
AvgPing=72.50
AvgSpeed=10.00MB
GroupID=0
ID=17
MaxSpeed=11.58MB
Online=true
PkLoss=0.00%
RawPing=75,93,62,63,64,78
RawSitePing=469,336,390,343,386,347,470,368,353,469
RawSpeed=0,341104,9460956,11809278,12061690,12036764,12070248,11712214,12223798,12069696,12079620,12026962,11769086,12012830,12167424,12118262,12029690,11996152,11678976,12289894
SitePing=393.10
ULSpeed=N/A
UsedTraffic=106985274

[Seaflix七夕测速^日本 03]
AvgPing=142.67
AvgSpeed=9.79MB
GroupID=0
ID=18
MaxSpeed=11.61MB
Online=true
PkLoss=0.00%
RawPing=153,141,140,139,142,141
RawSitePing=352,350,342,343,349,454,335,338,310,327
RawSpeed=0,1895688,9633792,11206656,11370496,11927552,11635028,11899560,11927552,12091392,11927552,11862016,11665408,12025856,11733332,11436032,11829248,8323072,15040512,9306112
SitePing=350.00
ULSpeed=N/A
UsedTraffic=104368428

[Seaflix七夕测速^美国01]
AvgPing=304.00
AvgSpeed=8.40MB
GroupID=0
ID=19
MaxSpeed=11.60MB
Online=true
PkLoss=0.00%
RawPing=369,295,298,283,283,296
RawSitePing=605,595,615,609,614,622,624,616,585,610
RawSpeed=0,0,262144,1273614,3407872,6619136,12189696,12025856,12126538,12060998,12091392,11927552,12257610,12060284,12025856,12058624,11993088,12124160,12091392,11763712
SitePing=609.50
ULSpeed=N/A
UsedTraffic=90179762

[Seaflix七夕测速^美国]
AvgPing=98.33
AvgSpeed=1.10MB
GroupID=0
ID=20
MaxSpeed=1.48MB
Online=true
PkLoss=0.00%
RawPing=166,173,62,63,63,63
RawSitePing=368,426,417,428,394,397,395,413,392,365
RawSpeed=0,0,458752,489106,1078942,1310720,1507328,1507328,1310720,1179648,1572864,1540096,1277952,1310720,1703936,1409024,1507328,1507328,1441792,1474560
SitePing=399.50
ULSpeed=N/A
UsedTraffic=11794072

[Seaflix七夕测速^美国02]
AvgPing=0.00
AvgSpeed=N/A
GroupID=0
ID=21
MaxSpeed=N/A
Online=false
PkLoss=100.00%
RawPing=0,0,0,0,0,0
RawSitePing=0,0,0,0,0,0,0,0,0,0
RawSpeed=0,0,0,0,0,0,0,0,0,0,0,0,0,0,0,0,0,0,0,0
SitePing=0.00
ULSpeed=N/A
UsedTraffic=0

[Seaflix七夕测速^美国 zz]
AvgPing=63.50
AvgSpeed=797.10KB
GroupID=0
ID=22
MaxSpeed=1.25MB
Online=true
PkLoss=0.00%
RawPing=69,63,62,63,63,61
RawSitePing=392,411,392,388,393,364,414,386,390,400
RawSpeed=0,0,458752,1012196,917504,884736,1081344,819200,950272,884736,1179648,819200,1474560,1146880,917504,884736,688128,1015808,557056,1048576
SitePing=393.00
ULSpeed=N/A
UsedTraffic=8370418

[Seaflix七夕测速^土耳其]
AvgPing=319.50
AvgSpeed=4.15MB
GroupID=0
ID=23
MaxSpeed=11.57MB
Online=true
PkLoss=0.00%
RawPing=324,312,312,310,329,330
RawSitePing=991,1001,3113,1033,1031,1040,1027,1025,991,1872
RawSpeed=0,0,0,249416,707832,944896,2540352,1694144,6800538,3233466,11182682,9365454,3648980,9032422,114208,814592,11482826,12778278,6156572,8324024
SitePing=1312.40
ULSpeed=N/A
UsedTraffic=44535341

[Seaflix七夕测速^巴西]
AvgPing=124.00
AvgSpeed=2.21MB
GroupID=0
ID=24
MaxSpeed=3.98MB
Online=true
PkLoss=0.00%
RawPing=166,140,94,203,78,63
RawSitePing=2328,740,705,1044,958,579,1075,2051,759,655
RawSpeed=0,0,0,262144,620176,2356880,3997696,4358144,2916352,3604480,2981888,1703936,3309568,2457600,2424832,2555904,2457600,3145728,2949120,5177344
SitePing=1089.40
ULSpeed=N/A
UsedTraffic=23639696

