[Basic]
GenerationTime=2022-07-23 16:14:20
Tester=Stair Speedtest Reborn v0.7.2

[Seaflix_死飞测速^死飞-鸡场 ( seaflix.xyz )]
AvgPing=0.00
AvgSpeed=N/A
GroupID=0
ID=0
MaxSpeed=N/A
Online=false
PkLoss=100.00%
RawPing=0,0,0,0,0,0
RawSitePing=0,0,0,0,0,0,0,0,0,0
RawSpeed=0,0,0,0,0,0,0,0,0,0,0,0,0,0,0,0,0,0,0,0
SitePing=0.00
ULSpeed=N/A
UsedTraffic=0

[Seaflix_死飞测速^香港01 | 流媒体]
AvgPing=123.00
AvgSpeed=10.09MB
GroupID=0
ID=1
MaxSpeed=11.86MB
Online=true
PkLoss=0.00%
RawPing=117,129,127,126,127,112
RawSitePing=303,288,296,283,307,277,287,280,306,294
RawSpeed=0,2714924,11501568,11993088,11796480,11927552,11897162,11965076,11897162,11829248,11567104,11075584,11960320,10911744,12877824,11993088,11862016,11862016,11501568,11304960
SitePing=292.10
ULSpeed=N/A
UsedTraffic=107219242

[Seaflix_死飞测速^香港02 | 流媒体]
AvgPing=169.50
AvgSpeed=9.51MB
GroupID=0
ID=2
MaxSpeed=12.48MB
Online=true
PkLoss=0.00%
RawPing=254,159,160,144,158,142
RawSitePing=445,453,472,473,430,459,507,453,474,471
RawSpeed=0,688128,5139748,10452992,11894784,12615680,11733322,11897162,11798858,11632640,12156928,11927552,11894784,11862016,4980736,12845056,15106048,11075584,11075584,11370496
SitePing=463.70
ULSpeed=N/A
UsedTraffic=101090433

[Seaflix_死飞测速^香港03]
AvgPing=150.83
AvgSpeed=9.88MB
GroupID=0
ID=3
MaxSpeed=11.58MB
Online=true
PkLoss=0.00%
RawPing=140,160,142,143,178,142
RawSitePing=351,350,351,314,328,445,469,1468,373,315
RawSpeed=0,981832,6746588,12648448,11927552,12028234,11599872,12192074,11632640,11337728,11075584,11993088,12353536,11927552,11862016,11929930,11862016,11927552,8159232,15630336
SitePing=476.40
ULSpeed=N/A
UsedTraffic=104907905

[Seaflix_死飞测速^香港04 | 流媒体]
AvgPing=81.00
AvgSpeed=10.65MB
GroupID=0
ID=4
MaxSpeed=11.43MB
Online=true
PkLoss=0.00%
RawPing=103,161,64,48,47,63
RawSitePing=169,166,128,166,169,148,137,138,146,184
RawSpeed=1056424,11523892,11964124,11792612,11931394,11955960,11816894,11980636,11808986,11866818,11833086,11629918,11711172,11891200,11996734,11973428,11954126,11956640,11963390,11963972
SitePing=155.10
ULSpeed=N/A
UsedTraffic=113293655

[Seaflix_死飞测速^香港 | 广州]
AvgPing=228.33
AvgSpeed=9.91MB
GroupID=0
ID=5
MaxSpeed=11.46MB
Online=true
PkLoss=0.00%
RawPing=1085,47,64,64,63,47
RawSitePing=233,247,259,304,240,231,328,272,236,233
RawSpeed=0,2845984,9175040,11173888,10813440,11730944,11536714,10324298,11962698,12061002,11927552,11960320,11960320,11862016,11894784,11796480,11436032,11927552,11829248,11894784
SitePing=258.30
ULSpeed=N/A
UsedTraffic=105056548

[Seaflix_死飞测速^香港 | 广州02]
AvgPing=54.67
AvgSpeed=5.58MB
GroupID=0
ID=6
MaxSpeed=7.51MB
Online=true
PkLoss=0.00%
RawPing=60,63,47,63,48,47
RawSitePing=169,157,197,168,160,153,163,175,145,164
RawSpeed=2766280,11452474,9828962,5912644,5050928,5006756,4773152,8054266,6035234,5652220,6132190,6694654,5823488,5220062,5669088,4087904,3282368,3754720,6189342,7069470
SitePing=165.10
ULSpeed=N/A
UsedTraffic=59228101

[Seaflix_死飞测速^新加坡01 | 流媒体]
AvgPing=88.83
AvgSpeed=10.21MB
GroupID=0
ID=7
MaxSpeed=11.36MB
Online=true
PkLoss=0.00%
RawPing=119,97,80,79,79,79
RawSitePing=187,210,212,210,208,222,188,210,231,217
RawSpeed=308592,8896656,8472008,11583740,11256020,11766910,11870958,11729728,11801418,11590984,11457198,11891104,11363260,11585824,11875040,11939924,11686928,11483920,11751920,11833664
SitePing=209.50
ULSpeed=N/A
UsedTraffic=108097234

[Seaflix_死飞测速^新加坡02 | 流媒体]
AvgPing=107.00
AvgSpeed=10.29MB
GroupID=0
ID=8
MaxSpeed=11.41MB
Online=true
PkLoss=16.67%
RawPing=199,97,80,0,79,80
RawSitePing=0,0,0,0,0,0,0,0,0,0
RawSpeed=145252,5986164,11515906,11352826,11776982,11996926,11759648,11882528,11654880,11849954,11922720,11891202,11980064,11922912,11996928,11931386,11898624,11890912,11247106,11947294
SitePing=0.00
ULSpeed=N/A
UsedTraffic=109275107

[Seaflix_死飞测速^新加坡03 | 流媒体]
AvgPing=95.00
AvgSpeed=6.67MB
GroupID=0
ID=9
MaxSpeed=11.61MB
Online=true
PkLoss=33.33%
RawPing=0,80,0,129,75,96
RawSitePing=0,2595,0,0,0,0,0,0,0,0
RawSpeed=0,0,0,0,0,0,0,1823586,11410164,9072892,13853184,10172672,13038592,10636544,12664352,11686882,11801086,11931394,11965524,11905450
SitePing=2595.00
ULSpeed=N/A
UsedTraffic=70997545

[Seaflix_死飞测速^新加坡04 | 流媒体]
AvgPing=120.00
AvgSpeed=382.89KB
GroupID=0
ID=10
MaxSpeed=1.62MB
Online=true
PkLoss=0.00%
RawPing=100,161,111,111,111,126
RawSitePing=378,403,399,459,207,204,184,207,181,221
RawSpeed=0,289512,1662144,1579360,2003616,1401344,97344,195072,0,326144,0,0,32768,0,97536,48864,0,48672,0,179168
SitePing=284.30
ULSpeed=N/A
UsedTraffic=3980772

[Seaflix_死飞测速^新加坡05 | 流媒体]
AvgPing=529.17
AvgSpeed=9.61MB
GroupID=0
ID=11
MaxSpeed=11.81MB
Online=true
PkLoss=0.00%
RawPing=2712,79,79,95,97,113
RawSitePing=201,194,222,200,206,178,211,216,207,219
RawSpeed=0,3791624,11947790,11889870,11907166,10881094,12949250,11828034,11847858,11841574,11874050,11898810,11442752,11500002,11874530,9577826,1156064,11891194,11922912,11900240
SitePing=205.40
ULSpeed=N/A
UsedTraffic=101961320

[Seaflix_死飞测速^新加坡06 | 广东]
AvgPing=73.17
AvgSpeed=2.46MB
GroupID=0
ID=12
MaxSpeed=3.50MB
Online=true
PkLoss=0.00%
RawPing=171,62,48,47,48,63
RawSitePing=224,200,225,214,209,218,247,190,211,196
RawSpeed=210292,2750836,2703808,2378048,2402638,1937888,1971232,2206798,2247744,2606080,2396414,2653140,2354308,2972890,2915360,3070436,3436576,3568956,3532528,3803392
SitePing=213.40
ULSpeed=N/A
UsedTraffic=26076066

[Seaflix_死飞测速^新加坡 | 上海02]
AvgPing=59.83
AvgSpeed=10.32MB
GroupID=0
ID=13
MaxSpeed=11.46MB
Online=true
PkLoss=0.00%
RawPing=58,63,64,48,63,63
RawSitePing=223,222,237,203,202,208,224,197,202,307
RawSpeed=0,7994312,11393738,11156978,11964460,12077774,11842046,11923018,11956922,11767264,12045410,10994880,11858242,11695260,11076128,11841762,11899198,11890146,11321314,12501276
SitePing=222.50
ULSpeed=N/A
UsedTraffic=109617471

[Seaflix_死飞测速^韩国 | 专线]
AvgPing=146.50
AvgSpeed=9.33MB
GroupID=0
ID=14
MaxSpeed=11.14MB
Online=true
PkLoss=0.00%
RawPing=152,158,143,142,143,141
RawSitePing=507,566,508,499,510,522,509,481,498,510
RawSpeed=0,1045468,8878916,11501568,11468800,11042816,11075584,10981324,11438418,11209042,11370496,11403264,11501568,7995392,10158080,11370496,10944512,11403264,11665408,11698176
SitePing=511.00
ULSpeed=N/A
UsedTraffic=99092680

[Seaflix_死飞测速^日本 01 | 流媒体]
AvgPing=121.50
AvgSpeed=10.24MB
GroupID=0
ID=15
MaxSpeed=11.41MB
Online=true
PkLoss=0.00%
RawPing=128,127,95,127,126,126
RawSitePing=421,357,389,348,353,356,351,409,373,419
RawSpeed=0,3830722,11927552,11991878,12025856,11899556,11927552,11862016,11863672,11927552,11763712,11960320,11894784,11960320,11730944,11894784,11599872,11730944,11730944,11829248
SitePing=377.60
ULSpeed=N/A
UsedTraffic=108677137

[Seaflix_死飞测速^日本 02 | 流媒体]
AvgPing=133.17
AvgSpeed=9.19MB
GroupID=0
ID=16
MaxSpeed=10.35MB
Online=true
PkLoss=0.00%
RawPing=129,192,112,144,111,111
RawSitePing=356,337,389,345,378,336,353,369,319,339
RawSpeed=65536,5078984,9960436,10652892,10294496,10155806,10752308,10398376,10970112,10612252,10913054,10791614,10530622,10375360,10579296,10548470,10480106,10709792,10595776,10587872
SitePing=352.10
ULSpeed=N/A
UsedTraffic=97526580

[Seaflix_死飞测速^日本 | 泸日]
AvgPing=64.67
AvgSpeed=9.65MB
GroupID=0
ID=17
MaxSpeed=11.19MB
Online=true
PkLoss=0.00%
RawPing=88,47,63,80,63,47
RawSitePing=287,310,289,282,307,303,297,297,305,305
RawSpeed=1186728,9919776,11409372,10931750,11033326,10677984,10930990,10341800,10693406,10693118,12029120,11442944,11125086,11076032,10962208,10107136,9414656,9871104,10505664,10385590
SitePing=298.20
ULSpeed=N/A
UsedTraffic=102368895

[Seaflix_死飞测速^美国01 | 流媒体]
AvgPing=264.83
AvgSpeed=8.66MB
GroupID=0
ID=18
MaxSpeed=11.59MB
Online=true
PkLoss=0.00%
RawPing=262,269,254,257,290,257
RawSitePing=616,586,631,703,666,694,585,594,672,607
RawSpeed=0,0,491520,2290904,5603328,10747904,11763712,11798136,11796480,11337728,12486264,11829248,11960320,12027512,11501568,12419072,11632640,11468800,11927552,11829248
SitePing=635.40
ULSpeed=N/A
UsedTraffic=92472352

[Seaflix_死飞测速^美国02 | 流媒体]
AvgPing=436.33
AvgSpeed=54.67KB
GroupID=0
ID=19
MaxSpeed=98.52KB
Online=true
PkLoss=0.00%
RawPing=319,242,1274,272,254,257
RawSitePing=581,556,1271,532,540,574,1591,548,1553,563
RawSpeed=0,0,0,105144,65536,136224,131072,40144,72376,57008,48864,24240,65536,97344,65536,16096,65536,48672,64768,32768
SitePing=830.90
ULSpeed=N/A
UsedTraffic=568432

[Seaflix_死飞测速^美国 | 泸美]
AvgPing=65.60
AvgSpeed=3.82MB
GroupID=0
ID=20
MaxSpeed=6.56MB
Online=true
PkLoss=16.67%
RawPing=73,64,63,0,64,64
RawSitePing=561,573,640,556,703,554,553,645,552,554
RawSpeed=0,0,1406168,2097152,7733248,6029312,4784128,5144576,4947968,4849664,5046272,4456448,4521984,4718592,4818552,4459760,4063232,4030464,3833856,4194304
SitePing=589.10
ULSpeed=N/A
UsedTraffic=40567840

[Seaflix_死飞测速^孟买]
AvgPing=137.00
AvgSpeed=9.32MB
GroupID=0
ID=21
MaxSpeed=13.90MB
Online=true
PkLoss=0.00%
RawPing=146,138,143,142,127,126
RawSitePing=691,693,713,984,665,667,684,686,668,707
RawSpeed=0,170676,4256732,10896364,11833646,11752228,11239394,11695068,11702778,11508286,11915488,11638004,11295966,11540320,11288068,2785248,17648926,11491684,11759806,11752386
SitePing=715.80
ULSpeed=N/A
UsedTraffic=99085534

[Seaflix_死飞测速^英国 | 伦敦]
AvgPing=249.67
AvgSpeed=7.68MB
GroupID=0
ID=22
MaxSpeed=13.75MB
Online=true
PkLoss=0.00%
RawPing=244,232,258,255,252,257
RawSitePing=526,519,556,527,519,511,529,530,537,520
RawSpeed=0,0,551304,2150208,6482432,9374716,11184472,7009212,7052992,19823068,11157758,985566,16940090,11898622,9253430,3378346,16777984,11808320,11940064,5187872
SitePing=527.40
ULSpeed=N/A
UsedTraffic=81478228

