[Basic]
GenerationTime=2022-07-20 18:08:35
Tester=Stair Speedtest Reborn v0.7.2

[seaflix_死飞测速^死飞-鸡场 ( seaflix.xyz )]
AvgPing=0.00
AvgSpeed=N/A
GroupID=0
ID=0
MaxSpeed=N/A
Online=false
PkLoss=100.00%
RawPing=0,0,0,0,0,0
RawSitePing=0,0,0,0,0,0,0,0,0,0
RawSpeed=0,0,0,0,0,0,0,0,0,0,0,0,0,0,0,0,0,0,0,0
SitePing=0.00
ULSpeed=N/A
UsedTraffic=0

[seaflix_死飞测速^香港01 | 流媒体]
AvgPing=131.33
AvgSpeed=10.21MB
GroupID=0
ID=1
MaxSpeed=11.81MB
Online=true
PkLoss=0.00%
RawPing=136,125,139,124,124,140
RawSitePing=292,304,279,288,303,307,289,274,288,284
RawSpeed=0,2583856,11403264,11993088,12025856,12058624,11962698,12096140,12093766,12091392,12124160,12025856,11862016,12091392,12058624,11436032,12681216,12091392,12025856,12025856
SitePing=290.80
ULSpeed=N/A
UsedTraffic=109366565

[seaflix_死飞测速^香港 | 广州]
AvgPing=61.83
AvgSpeed=10.48MB
GroupID=0
ID=2
MaxSpeed=11.56MB
Online=true
PkLoss=0.00%
RawPing=59,63,62,62,62,63
RawSitePing=234,226,242,237,242,237,225,218,238,241
RawSpeed=32768,7859496,12156928,11796480,11763712,12192074,12126534,12058624,12161680,11960320,12091392,11993088,12091392,12124160,11960320,12025856,12124160,12058624,12124160,12124160
SitePing=234.00
ULSpeed=N/A
UsedTraffic=112412964

[seaflix_死飞测速^香港02 | 流媒体]
AvgPing=160.83
AvgSpeed=9.53MB
GroupID=0
ID=3
MaxSpeed=11.44MB
Online=true
PkLoss=0.00%
RawPing=197,143,158,156,156,155
RawSitePing=472,465,486,450,481,428,468,449,457,1303
RawSpeed=0,98304,2127508,9860760,11897158,11960320,11927552,11927552,11960320,11993088,11829248,11927552,11960320,12025856,11929930,11960320,11950390,11907092,11960320,11993088
SitePing=545.90
ULSpeed=N/A
UsedTraffic=101598339

[seaflix_死飞测速^香港03]
AvgPing=160.17
AvgSpeed=9.68MB
GroupID=0
ID=4
MaxSpeed=13.19MB
Online=true
PkLoss=0.00%
RawPing=200,156,140,155,155,155
RawSitePing=356,344,337,354,303,349,315,341,345,340
RawSpeed=0,229376,4844844,11599872,12124160,12060998,12224838,12091392,12124160,12025824,12058656,12028234,8585216,9994240,15663104,11993088,12156928,12025856,11993088,12058624
SitePing=338.40
ULSpeed=N/A
UsedTraffic=103941249

[seaflix_死飞测速^香港04 | 流媒体]
AvgPing=85.33
AvgSpeed=409.18KB
GroupID=0
ID=5
MaxSpeed=579.52KB
Online=true
PkLoss=0.00%
RawPing=90,171,64,63,62,62
RawSitePing=324,308,313,301,334,303,320,314,305,310
RawSpeed=0,242728,429656,757200,342240,634656,586752,570080,504352,472352,489216,374240,505120,472736,325184,456448,325376,439776,358912,260608
SitePing=313.20
ULSpeed=N/A
UsedTraffic=4273816

[seaflix_死飞测速^香港 | 广州02]
AvgPing=61.83
AvgSpeed=213.81KB
GroupID=0
ID=6
MaxSpeed=456.51KB
Online=true
PkLoss=0.00%
RawPing=59,62,62,64,62,62
RawSitePing=314,292,315,327,311,317,334,560,312,767
RawSpeed=0,104980,503116,431824,423680,243744,375008,195072,196032,260416,179168,130304,211744,195840,96768,244704,146976,162304,228608,146208
SitePing=384.90
ULSpeed=N/A
UsedTraffic=2238248

[seaflix_死飞测速^新加坡01 | 流媒体]
AvgPing=92.83
AvgSpeed=10.55MB
GroupID=0
ID=7
MaxSpeed=11.51MB
Online=true
PkLoss=0.00%
RawPing=90,92,93,94,93,95
RawSitePing=481,416,584,642,605,540,710,768,453,0
RawSpeed=307632,9206688,11903148,11975688,11988624,12031822,12078462,12004016,11817936,12144480,11998496,12046368,12037456,12086992,12047320,12096304,11990776,12031512,12006928,12082888
SitePing=577.67
ULSpeed=N/A
UsedTraffic=112941768

[seaflix_死飞测速^新加坡02 | 流媒体]
AvgPing=391.50
AvgSpeed=N/A
GroupID=0
ID=8
MaxSpeed=N/A
Online=false
PkLoss=33.33%
RawPing=0,142,1128,140,0,156
RawSitePing=1073,0,1151,0,0,0,0,0,0,0
RawSpeed=0,0,0,0,0,0,0,0,0,0,0,0,0,0,0,0,0,0,0,0
SitePing=1112.00
ULSpeed=N/A
UsedTraffic=0

[seaflix_死飞测速^新加坡04 | 流媒体]
AvgPing=90.00
AvgSpeed=751.32KB
GroupID=0
ID=9
MaxSpeed=1.64MB
Online=true
PkLoss=0.00%
RawPing=90,92,93,79,92,94
RawSitePing=631,398,402,316,406,475,405,389,484,393
RawSpeed=0,32768,322280,1286368,1123872,1156832,1743392,1692992,1612512,1629184,1645280,406816,489408,618560,439776,309472,260416,368606,274544,326336
SitePing=429.90
ULSpeed=N/A
UsedTraffic=7869707

[seaflix_死飞测速^新加坡05 | 流媒体]
AvgPing=92.33
AvgSpeed=10.25MB
GroupID=0
ID=10
MaxSpeed=11.55MB
Online=true
PkLoss=0.00%
RawPing=88,92,93,95,93,93
RawSitePing=202,220,203,196,201,201,206,188,196,224
RawSpeed=0,4069288,11913870,11727758,11613598,11940390,12020248,12078558,12176100,12044642,12078556,12077794,12037118,12028932,12037120,12070172,11996162,12061694,12127232,11776706
SitePing=203.70
ULSpeed=N/A
UsedTraffic=109937969

[seaflix_死飞测速^新加坡 | 上海02]
AvgPing=80.17
AvgSpeed=10.46MB
GroupID=0
ID=11
MaxSpeed=11.55MB
Online=true
PkLoss=0.00%
RawPing=169,62,63,62,63,62
RawSitePing=204,201,204,207,210,213,199,205,199,203
RawSpeed=105394,7644902,11915094,12176926,12101046,12077592,12151970,11963682,10131702,14097698,12012452,11998542,11953874,12151610,12020448,12021504,12118752,11996162,12037888,11987968
SitePing=204.50
ULSpeed=N/A
UsedTraffic=112332603

[seaflix_死飞测速^新加坡06 | 广东]
AvgPing=67.17
AvgSpeed=9.42MB
GroupID=0
ID=12
MaxSpeed=11.62MB
Online=true
PkLoss=0.00%
RawPing=91,62,64,61,62,63
RawSitePing=361,240,319,316,246,322,320,313,320,318
RawSpeed=0,2163400,4463104,6311758,8575364,11409928,11825374,12053024,12111148,12118752,11695072,12464504,11992744,12135596,12004160,11760904,12256772,12102656,12053500,12077598
SitePing=307.50
ULSpeed=N/A
UsedTraffic=100787679

[seaflix_死飞测速^韩国 | 专线]
AvgPing=161.33
AvgSpeed=10.01MB
GroupID=0
ID=13
MaxSpeed=11.58MB
Online=true
PkLoss=0.00%
RawPing=187,156,156,156,157,156
RawSitePing=416,439,505,445,425,446,433,412,428,434
RawSpeed=0,948348,9074812,12124160,11796480,12484608,11993088,12099480,12091392,11862016,11960320,12025856,12025856,12091392,11960320,12189696,11960320,12025856,12058624,12025856
SitePing=438.30
ULSpeed=N/A
UsedTraffic=107399240

[seaflix_死飞测速^日本 01]
AvgPing=126.83
AvgSpeed=10.30MB
GroupID=0
ID=14
MaxSpeed=11.58MB
Online=true
PkLoss=0.00%
RawPing=152,110,125,124,125,125
RawSitePing=306,346,298,308,308,1634,301,316,298,294
RawSpeed=0,3697936,11894784,12156928,12156928,12128932,11927552,12255232,12126546,12058624,11995474,12091392,12058624,12091392,12025856,12058624,11960320,12156928,12025856,12058624
SitePing=440.90
ULSpeed=N/A
UsedTraffic=110463276

[seaflix_死飞测速^日本 02]
AvgPing=113.67
AvgSpeed=10.22MB
GroupID=0
ID=15
MaxSpeed=11.55MB
Online=true
PkLoss=0.00%
RawPing=106,110,125,109,123,109
RawSitePing=272,308,273,283,284,274,279,304,277,282
RawSpeed=0,2766472,11589428,12053468,12079154,12085792,12182924,12020730,12061692,12102654,11768126,12045792,12126464,12012832,12159424,11998294,11930026,12143328,12150560,12061696
SitePing=283.60
ULSpeed=N/A
UsedTraffic=109685812

[seaflix_死飞测速^美国01]
AvgPing=243.33
AvgSpeed=8.41MB
GroupID=0
ID=16
MaxSpeed=12.39MB
Online=true
PkLoss=0.00%
RawPing=229,249,249,248,251,234
RawSitePing=573,751,747,600,569,594,593,590,593,594
RawSpeed=0,0,688128,2749664,9175040,11796480,11960320,12289654,12058624,12093046,12060278,9830400,5603328,20381696,12093046,12058624,11173888,12812288,8912896,2162688
SitePing=620.40
ULSpeed=N/A
UsedTraffic=89950044

[seaflix_死飞测速^美国02 | 流媒体]
AvgPing=134.67
AvgSpeed=7.41MB
GroupID=0
ID=17
MaxSpeed=11.79MB
Online=true
PkLoss=0.00%
RawPing=215,124,109,125,125,110
RawSitePing=672,688,697,675,670,676,671,687,664,645
RawSpeed=0,0,306808,2588648,3909888,3762144,4522536,8378292,7321600,9349406,10180562,12167228,11817952,11824608,11769088,11833662,13022880,11694688,12119230,12037120
SitePing=674.50
ULSpeed=N/A
UsedTraffic=79327602

[seaflix_死飞测速^美国03 | 流媒体]
AvgPing=600.17
AvgSpeed=41.59KB
GroupID=0
ID=18
MaxSpeed=79.09KB
Online=true
PkLoss=0.00%
RawPing=1267,268,264,1269,268,265
RawSitePing=550,2082,564,549,550,559,1261,548,1545,544
RawSpeed=0,0,32768,39426,104962,57008,57008,65536,0,104962,15904,15904,32768,48864,89776,48864,65536,48672,39426,0
SitePing=875.20
ULSpeed=N/A
UsedTraffic=433692

[seaflix_死飞测速^孟买]
AvgPing=145.67
AvgSpeed=9.30MB
GroupID=0
ID=19
MaxSpeed=11.55MB
Online=true
PkLoss=0.00%
RawPing=153,142,140,140,142,157
RawSitePing=387,395,387,385,369,381,389,367,764,782
RawSpeed=0,0,584712,7670184,12127214,12093688,12078364,12053012,11940066,11922910,11875948,11872434,11777284,11922426,11964164,12013016,11809284,12021018,12012536,11826154
SitePing=460.60
ULSpeed=N/A
UsedTraffic=99782207

[seaflix_死飞测速^英国 | 伦敦]
AvgPing=259.17
AvgSpeed=7.35MB
GroupID=0
ID=20
MaxSpeed=11.53MB
Online=true
PkLoss=0.00%
RawPing=244,249,266,265,266,265
RawSitePing=1065,543,517,517,561,557,534,548,509,554
RawSpeed=0,0,364662,1481922,5073520,11442908,12037120,7900160,7239968,14301424,12077594,5595072,3371808,11059934,12396032,11792894,3119104,15841878,11986888,10685696
SitePing=590.50
ULSpeed=N/A
UsedTraffic=78884292

