[Basic]
GenerationTime=2022-07-09 10:31:06
Tester=Stair Speedtest Reborn v0.7.2

[Seaflix_测速^死飞-鸡场 ( seaflix.xyz )]
AvgPing=0.00
AvgSpeed=N/A
GroupID=0
ID=0
MaxSpeed=N/A
Online=false
PkLoss=100.00%
RawPing=0,0,0,0,0,0
RawSitePing=0,0,0,0,0,0,0,0,0,0
RawSpeed=0,0,0,0,0,0,0,0,0,0,0,0,0,0,0,0,0,0,0,0
SitePing=0.00
ULSpeed=N/A
UsedTraffic=0

[Seaflix_测速^香港01]
AvgPing=328.00
AvgSpeed=5.32MB
GroupID=0
ID=1
MaxSpeed=6.42MB
Online=true
PkLoss=0.00%
RawPing=111,504,119,703,346,185
RawSitePing=299,329,318,311,310,292,314,317,334,309
RawSpeed=0,1338668,4259840,5570560,5701632,5767168,4587520,6621514,6520832,6750208,6520832,6520832,6684672,6553600,6750208,6717440,6623892,6619136,6258688,6193152
SitePing=313.30
ULSpeed=N/A
UsedTraffic=56280197

[Seaflix_测速^香港02]
AvgPing=134.33
AvgSpeed=5.09MB
GroupID=0
ID=2
MaxSpeed=6.28MB
Online=true
PkLoss=0.00%
RawPing=122,128,131,144,144,137
RawSitePing=326,350,338,330,324,301,300,324,339,318
RawSpeed=0,1240354,3997696,5636096,6291456,6356992,6324224,6651904,6490442,6684672,6488064,6162762,5570560,5701632,6555978,6193152,5111808,5505024,5308416,5767168
SitePing=325.00
ULSpeed=N/A
UsedTraffic=54019200

[Seaflix_测速^香港03]
AvgPing=125.83
AvgSpeed=5.35MB
GroupID=0
ID=3
MaxSpeed=6.19MB
Online=true
PkLoss=0.00%
RawPing=156,113,107,131,112,136
RawSitePing=309,306,334,306,310,295,330,335,391,314
RawSpeed=0,1862952,4915200,5931008,5636096,6389760,6356992,6553600,6881280,6097226,6258688,6359370,6160384,6228298,6193152,6455296,6127616,6356992,6324224,6291456
SitePing=323.00
ULSpeed=N/A
UsedTraffic=56689795

[Seaflix_测速^香港 | 流媒体01]
AvgPing=208.00
AvgSpeed=2.61MB
GroupID=0
ID=4
MaxSpeed=6.31MB
Online=true
PkLoss=0.00%
RawPing=192,185,240,199,209,223
RawSitePing=669,656,660,660,673,689,691,664,676,678
RawSpeed=0,0,0,0,0,412960,660240,976512,2133920,3186012,4503584,5854622,1432576,6132626,4438574,1107968,7785760,3477862,6637270,6604546
SitePing=671.60
ULSpeed=N/A
UsedTraffic=27688900

[Seaflix_测速^香港 | 流媒体02]
AvgPing=166.50
AvgSpeed=N/A
GroupID=0
ID=5
MaxSpeed=N/A
Online=false
PkLoss=0.00%
RawPing=248,136,152,160,145,158
RawSitePing=396,378,377,827,374,360,388,393,355,423
RawSpeed=0,0,0,0,0,0,0,0,0,0,0,0,0,0,0,0,0,0,0,0
SitePing=427.10
ULSpeed=N/A
UsedTraffic=0

[Seaflix_测速^新加坡01]
AvgPing=105.00
AvgSpeed=5.00MB
GroupID=0
ID=6
MaxSpeed=5.80MB
Online=true
PkLoss=0.00%
RawPing=85,114,96,95,120,120
RawSitePing=194,193,224,205,219,239,222,218,208,214
RawSpeed=0,2325792,4706848,6214556,5553440,6109042,6312348,5846816,6303942,5424540,5073662,5627486,5847122,6092288,5798436,5408316,5447720,5985982,5847710,5733376
SitePing=213.60
ULSpeed=N/A
UsedTraffic=52846095

[Seaflix_测速^新加坡02 | 流媒体]
AvgPing=704.40
AvgSpeed=236.75KB
GroupID=0
ID=7
MaxSpeed=528.46KB
Online=true
PkLoss=16.67%
RawPing=0,288,320,274,1320,1320
RawSitePing=614,2037,600,1363,620,1639,627,1654,621,2080
RawSpeed=0,0,0,316188,398964,683328,276704,651328,505504,293184,211936,259840,195840,211744,163072,179168,163072,163072,178976,64576
SitePing=1185.50
ULSpeed=N/A
UsedTraffic=2458248

[Seaflix_测速^新加坡03 | 流媒体]
AvgPing=108.00
AvgSpeed=5.01MB
GroupID=0
ID=8
MaxSpeed=6.07MB
Online=true
PkLoss=0.00%
RawPing=106,112,111,111,96,112
RawSitePing=194,216,197,254,224,228,226,245,225,189
RawSpeed=65536,3401896,5163296,5668032,6010416,5733376,6409664,6329088,5553440,5898290,5707150,5929310,5725374,5546014,6385182,6069662,5536352,4349088,5716990,5212446
SitePing=219.80
ULSpeed=N/A
UsedTraffic=53205301

[Seaflix_测速^新加坡04 | 流媒体]
AvgPing=116.00
AvgSpeed=4.58MB
GroupID=0
ID=9
MaxSpeed=5.71MB
Online=true
PkLoss=0.00%
RawPing=116,104,116,112,112,136
RawSitePing=232,264,236,235,322,240,213,239,239,202
RawSpeed=65536,4100432,5587168,6238176,5888240,5652374,4861894,4593408,4284582,4594900,4640658,5757758,4821726,5032992,6205606,5766404,4373308,4820864,4984826,5311956
SitePing=242.20
ULSpeed=N/A
UsedTraffic=48807788

[Seaflix_测速^新加坡05 | 流媒体]
AvgPing=474.00
AvgSpeed=1.91MB
GroupID=0
ID=10
MaxSpeed=5.04MB
Online=true
PkLoss=0.00%
RawPing=389,1313,297,283,281,281
RawSitePing=622,627,617,614,603,632,593,610,1377,597
RawSpeed=0,0,0,0,65536,201432,650436,838832,569888,2247936,3151856,2557408,4210374,32768,3876352,1490672,6889712,3681280,5897092,4676314
SitePing=689.20
ULSpeed=N/A
UsedTraffic=20535328

[Seaflix_测速^韩国 | 专线]
AvgPing=138.50
AvgSpeed=4.42MB
GroupID=0
ID=11
MaxSpeed=5.74MB
Online=true
PkLoss=0.00%
RawPing=128,125,140,140,157,141
RawSitePing=605,842,764,608,595,823,1070,977,602,578
RawSpeed=0,688128,3961096,4947968,4947968,4620288,5144576,4620288,4915200,5146958,4849664,5275648,5373952,5275648,5406720,6193152,6160384,5867126,5799936,5736782
SitePing=746.40
ULSpeed=N/A
UsedTraffic=47482125

[Seaflix_测速^日本 01]
AvgPing=137.17
AvgSpeed=4.58MB
GroupID=0
ID=12
MaxSpeed=5.97MB
Online=true
PkLoss=0.00%
RawPing=155,116,115,156,140,141
RawSitePing=404,398,446,409,393,391,371,398,408,394
RawSpeed=0,1014598,4452828,5439488,4456448,4751360,5701632,5767168,6520832,5177344,5310800,5963776,6651904,5865472,5734400,6195536,5409106,4557138,4653056,4882432
SitePing=401.20
ULSpeed=N/A
UsedTraffic=49270066

[Seaflix_测速^日本 02]
AvgPing=105.00
AvgSpeed=4.81MB
GroupID=0
ID=13
MaxSpeed=5.84MB
Online=true
PkLoss=0.00%
RawPing=119,106,109,93,109,94
RawSitePing=302,652,318,365,1351,508,316,334,1457,331
RawSpeed=98304,4361936,5961984,6026248,6132948,6124756,5040896,6360608,5881024,5196944,5936526,4975166,4699614,3998462,4870880,5953308,5171392,6108192,5578496,4831088
SitePing=593.40
ULSpeed=N/A
UsedTraffic=51654386

[Seaflix_测速^美国 | 直连]
AvgPing=254.50
AvgSpeed=3.91MB
GroupID=0
ID=14
MaxSpeed=5.73MB
Online=true
PkLoss=0.00%
RawPing=308,250,235,250,250,234
RawSitePing=779,550,529,529,526,504,522,546,523,752
RawSpeed=0,0,294912,1207650,2818048,4685824,5570560,5144576,5603328,6291456,6455296,5570560,6389760,4720968,4655432,4259840,4620288,4292608,6815744,4622664
SitePing=576.00
ULSpeed=N/A
UsedTraffic=42009757

[Seaflix_测速^孟买]
AvgPing=140.00
AvgSpeed=4.22MB
GroupID=0
ID=15
MaxSpeed=5.45MB
Online=true
PkLoss=0.00%
RawPing=137,140,143,141,140,139
RawSitePing=393,389,403,406,382,428,427,404,388,394
RawSpeed=0,32768,1886920,4560640,4495872,5537992,5700884,5302080,5416096,6010176,5823678,5252638,5179870,4666462,5106624,5822720,5668894,5285600,4422144,4300032
SitePing=401.40
ULSpeed=N/A
UsedTraffic=45252429

[Seaflix_测速^英国 | 伦敦]
AvgPing=249.67
AvgSpeed=3.69MB
GroupID=0
ID=16
MaxSpeed=5.42MB
Online=true
PkLoss=0.00%
RawPing=248,234,297,235,250,234
RawSitePing=489,541,517,524,521,524,550,506,505,503
RawSpeed=0,0,558832,1686000,3973888,5033184,5261096,6100180,5440468,4634080,4886016,3763008,4633888,4096960,3721562,4927456,4960224,5244632,5147392,5212436
SitePing=518.00
ULSpeed=N/A
UsedTraffic=39640651

