[Basic]
GenerationTime=2022-07-17 02:05:19
Tester=Stair Speedtest Reborn v0.7.2

[Seaflix死飞测速^死飞-鸡场 ( seaflix.xyz )]
AvgPing=0.00
AvgSpeed=N/A
GroupID=0
ID=0
MaxSpeed=N/A
Online=false
PkLoss=100.00%
RawPing=0,0,0,0,0,0
RawSitePing=0,0,0,0,0,0,0,0,0,0
RawSpeed=0,0,0,0,0,0,0,0,0,0,0,0,0,0,0,0,0,0,0,0
SitePing=0.00
ULSpeed=N/A
UsedTraffic=0

[Seaflix死飞测速^香港01 | 流媒体]
AvgPing=160.50
AvgSpeed=4.17MB
GroupID=0
ID=1
MaxSpeed=6.25MB
Online=true
PkLoss=0.00%
RawPing=153,174,162,167,167,140
RawSitePing=340,335,353,323,338,363,375,331,407,375
RawSpeed=0,753664,2682144,2555904,3768320,4915200,5931008,5537792,5406720,4096000,6914048,3375104,5409098,3801088,5668864,3309568,6818122,3604480,7405568,5706388
SitePing=354.00
ULSpeed=N/A
UsedTraffic=43862308

[Seaflix死飞测速^香港 | 广州]
AvgPing=51.83
AvgSpeed=5.00MB
GroupID=0
ID=2
MaxSpeed=5.91MB
Online=true
PkLoss=0.00%
RawPing=51,52,55,51,49,53
RawSitePing=264,241,234,226,225,234,222,255,239,266
RawSpeed=0,1701524,5667656,5931008,5995340,6389760,5570560,5636096,5769546,5900618,5275648,5898240,5832704,5668864,6097226,5963776,4784128,5603328,5472256,6029312
SitePing=240.60
ULSpeed=N/A
UsedTraffic=52593795

[Seaflix死飞测速^香港02 | 流媒体]
AvgPing=149.33
AvgSpeed=2.36MB
GroupID=0
ID=3
MaxSpeed=4.02MB
Online=true
PkLoss=0.00%
RawPing=151,138,146,148,159,154
RawSitePing=511,508,499,580,471,488,448,470,491,986
RawSpeed=0,98304,817992,1964876,3700368,3211264,3571712,3964928,3737930,4096000,4227072,4194304,3538944,2949120,2162688,1802240,1540096,1310720,1212416,1441792
SitePing=545.20
ULSpeed=N/A
UsedTraffic=24771383

[Seaflix死飞测速^香港03]
AvgPing=159.17
AvgSpeed=3.99MB
GroupID=0
ID=4
MaxSpeed=5.19MB
Online=true
PkLoss=0.00%
RawPing=164,153,164,131,169,174
RawSitePing=323,314,320,346,314,326,327,345,349,347
RawSpeed=0,688128,2223400,2949120,4915200,4587520,4816896,4947968,5308416,4096000,5245258,5636096,4390912,5144576,4917578,5242880,4292608,4849664,5144576,4587520
SitePing=331.10
ULSpeed=N/A
UsedTraffic=41992158

[Seaflix死飞测速^香港04 | 流媒体]
AvgPing=78.33
AvgSpeed=392.01KB
GroupID=0
ID=5
MaxSpeed=517.14KB
Online=true
PkLoss=0.00%
RawPing=99,62,62,77,90,80
RawSitePing=337,316,283,285,337,281,312,327,1304,320
RawSpeed=0,65536,292040,616808,651520,358336,504928,554176,489024,504544,455680,521024,342432,391680,455680,374816,422912,325568,456256,276704
SitePing=410.20
ULSpeed=N/A
UsedTraffic=4029832

[Seaflix死飞测速^香港 | 广州02]
AvgPing=52.83
AvgSpeed=206.39KB
GroupID=0
ID=6
MaxSpeed=403.40KB
Online=true
PkLoss=0.00%
RawPing=56,50,47,60,55,49
RawSitePing=306,301,295,315,562,319,301,310,307,298
RawSpeed=0,65536,387660,438500,358720,276896,325184,228800,211552,162496,179936,194880,130304,179168,211744,179168,130304,228608,178784,179360
SitePing=331.40
ULSpeed=N/A
UsedTraffic=2123800

[Seaflix死飞测速^新加坡01]
AvgPing=95.33
AvgSpeed=4.46MB
GroupID=0
ID=7
MaxSpeed=5.36MB
Online=true
PkLoss=0.00%
RawPing=91,82,111,95,103,90
RawSitePing=227,208,200,204,195,218,211,200,204,250
RawSpeed=0,1017384,4387224,4145296,5032744,5442616,4737984,5163632,5008896,5627792,5334512,4983648,6067230,5172462,5073120,5429714,5296168,4646928,5892270,5329572
SitePing=211.70
ULSpeed=N/A
UsedTraffic=46910980

[Seaflix死飞测速^新加坡02 | 流媒体]
AvgPing=1109.50
AvgSpeed=N/A
GroupID=0
ID=8
MaxSpeed=N/A
Online=false
PkLoss=33.33%
RawPing=1100,0,1149,1093,0,1096
RawSitePing=2606,0,804,0,0,0,0,0,0,0
RawSpeed=0,0,0,0,0,0,0,0,0,0,0,0,0,0,0,0,0,0,0,0
SitePing=1705.00
ULSpeed=N/A
UsedTraffic=0

[Seaflix死飞测速^新加坡04 | 流媒体]
AvgPing=91.83
AvgSpeed=3.68MB
GroupID=0
ID=9
MaxSpeed=4.98MB
Online=true
PkLoss=0.00%
RawPing=99,84,98,77,97,96
RawSitePing=199,220,185,242,218,199,1205,213,206,206
RawSpeed=0,2081104,2735808,6882384,4780454,5668304,4488446,4967648,4921018,5445934,3714048,4259674,3265488,3355782,3550976,3453440,3428192,2950538,3638538,3765006
SitePing=309.30
ULSpeed=N/A
UsedTraffic=38676391

[Seaflix死飞测速^新加坡05 | 流媒体]
AvgPing=2150.00
AvgSpeed=N/A
GroupID=0
ID=10
MaxSpeed=N/A
Online=false
PkLoss=66.67%
RawPing=0,0,2136,0,2164,0
RawSitePing=0,0,0,0,0,0,0,0,0,0
RawSpeed=0,0,0,0,0,0,0,0,0,0,0,0,0,0,0,0,0,0,0,0
SitePing=0.00
ULSpeed=N/A
UsedTraffic=0

[Seaflix死飞测速^新加坡 | 上海02]
AvgPing=55.50
AvgSpeed=6.77MB
GroupID=0
ID=11
MaxSpeed=7.68MB
Online=true
PkLoss=0.00%
RawPing=55,58,60,54,51,55
RawSitePing=231,219,238,238,222,231,228,237,219,227
RawSpeed=0,2761744,6950848,8462264,7062620,7718520,7534304,8127202,8034790,7667278,8134934,7865822,8483812,7628340,8099898,7774804,7632950,6890708,8441150,6965704
SitePing=229.00
ULSpeed=N/A
UsedTraffic=71118846

[Seaflix死飞测速^新加坡06 | 广东]
AvgPing=72.83
AvgSpeed=5.28MB
GroupID=0
ID=12
MaxSpeed=6.32MB
Online=true
PkLoss=0.00%
RawPing=168,55,54,51,57,52
RawSitePing=167,173,157,166,178,179,171,165,160,166
RawSpeed=339596,5081156,5417668,5918268,7005642,6245808,6833150,5073446,4967948,5342918,5367066,5556214,5642192,5586976,5269500,6148930,5953582,6360820,6571778,6288104
SitePing=168.20
ULSpeed=N/A
UsedTraffic=55485381

[Seaflix死飞测速^韩国 | 专线]
AvgPing=146.67
AvgSpeed=5.06MB
GroupID=0
ID=13
MaxSpeed=7.11MB
Online=true
PkLoss=0.00%
RawPing=140,149,147,145,145,154
RawSitePing=419,446,409,461,423,464,432,396,410,420
RawSpeed=0,589824,4419846,7110656,6225920,4816896,7634944,6422528,7012352,5604986,5048658,4784128,4816896,6160384,5537792,5144576,5341184,4687482,7798784,7110656
SitePing=428.00
ULSpeed=N/A
UsedTraffic=53134246

[Seaflix死飞测速^日本 01]
AvgPing=0.00
AvgSpeed=N/A
GroupID=0
ID=14
MaxSpeed=N/A
Online=false
PkLoss=100.00%
RawPing=0,0,0,0,0,0
RawSitePing=0,0,0,0,0,0,0,0,0,0
RawSpeed=0,0,0,0,0,0,0,0,0,0,0,0,0,0,0,0,0,0,0,0
SitePing=0.00
ULSpeed=N/A
UsedTraffic=0

[Seaflix死飞测速^日本 02]
AvgPing=118.33
AvgSpeed=3.32MB
GroupID=0
ID=15
MaxSpeed=4.76MB
Online=true
PkLoss=0.00%
RawPing=116,107,121,112,121,133
RawSitePing=306,358,297,308,321,295,303,335,325,290
RawSpeed=0,1561536,2068192,1450208,3778624,2719712,4708080,4161528,4813056,5155104,4211752,5765840,3493344,4194110,3225024,5863964,3933696,2801920,4112864,3151872
SitePing=313.80
ULSpeed=N/A
UsedTraffic=35585213

[Seaflix死飞测速^美国02 | 流媒体]
AvgPing=157.17
AvgSpeed=3.27MB
GroupID=0
ID=16
MaxSpeed=5.64MB
Online=true
PkLoss=0.00%
RawPing=120,111,104,358,134,116
RawSitePing=706,672,689,765,685,672,768,958,674,675
RawSpeed=0,0,323280,2557216,2948320,2703616,3072548,4355044,4739808,4438816,4699304,3054144,4951552,4569310,4984028,2948896,6459702,5373386,3200542,3429344
SitePing=726.40
ULSpeed=N/A
UsedTraffic=34404428

[Seaflix死飞测速^美国03 | 流媒体]
AvgPing=768.25
AvgSpeed=64.76KB
GroupID=0
ID=17
MaxSpeed=98.76KB
Online=true
PkLoss=33.33%
RawPing=0,1297,259,257,0,1260
RawSitePing=0,556,545,0,0,0,0,0,0,0
RawSpeed=0,0,32768,169492,65536,121776,32768,114208,64768,130304,48864,65536,81440,64768,81440,81632,48864,48672,65536,16096
SitePing=550.50
ULSpeed=N/A
UsedTraffic=667234

[Seaflix死飞测速^孟买]
AvgPing=148.67
AvgSpeed=1.90MB
GroupID=0
ID=18
MaxSpeed=2.79MB
Online=true
PkLoss=0.00%
RawPing=154,148,137,157,140,156
RawSitePing=367,543,493,451,602,610,690,542,592,376
RawSpeed=0,559832,1507024,2100768,2752480,3094528,2736840,2736192,2687712,2272500,1946368,1563648,2158880,2784288,2077440,1840352,1530880,1661952,1498112,2403006
SitePing=526.60
ULSpeed=N/A
UsedTraffic=19956401

[Seaflix死飞测速^英国 | 伦敦]
AvgPing=287.00
AvgSpeed=3.10MB
GroupID=0
ID=19
MaxSpeed=5.97MB
Online=true
PkLoss=0.00%
RawPing=258,281,313,270,279,321
RawSitePing=631,624,555,548,554,581,545,524,509,526
RawSpeed=0,0,388808,1384672,2149440,2345664,2622944,1872160,5408072,3363988,889382,8533934,3584626,2783694,5538016,6833152,3168544,2450718,6694560,5832444
SitePing=559.70
ULSpeed=N/A
UsedTraffic=32922409

