[Basic]
GenerationTime=2022-07-24 18:07:19
Tester=Stair Speedtest Reborn v0.7.2

[Seaflix_测速^死飞-鸡场 ( seaflix.xyz )]
AvgPing=0.00
AvgSpeed=N/A
GroupID=0
ID=0
MaxSpeed=N/A
Online=false
PkLoss=100.00%
RawPing=0,0,0,0,0,0
RawSitePing=0,0,0,0,0,0,0,0,0,0
RawSpeed=0,0,0,0,0,0,0,0,0,0,0,0,0,0,0,0,0,0,0,0
SitePing=0.00
ULSpeed=N/A
UsedTraffic=0

[Seaflix_测速^香港01 | 流媒体]
AvgPing=126.50
AvgSpeed=10.22MB
GroupID=0
ID=1
MaxSpeed=11.58MB
Online=true
PkLoss=0.00%
RawPing=137,123,125,125,125,124
RawSitePing=310,295,286,279,284,283,295,280,283,273
RawSpeed=0,2682148,11534336,12025856,11993088,12093770,12156928,12126538,12028234,12093770,12025856,12091392,12058624,11960320,12058624,12058624,11927552,12058624,12058624,12124160
SitePing=286.80
ULSpeed=N/A
UsedTraffic=109578534

[Seaflix_测速^香港02 | 流媒体]
AvgPing=157.00
AvgSpeed=9.65MB
GroupID=0
ID=2
MaxSpeed=11.39MB
Online=true
PkLoss=0.00%
RawPing=162,156,155,156,156,157
RawSitePing=480,433,472,464,440,464,470,498,479,466
RawSpeed=0,327680,3731928,11108352,11864394,11862016,11862016,11862016,11862016,11829248,11911484,11978766,11829248,11995466,11894784,11962366,11925506,11960320,11894784,11993088
SitePing=466.60
ULSpeed=N/A
UsedTraffic=102827739

[Seaflix_测速^香港03]
AvgPing=175.33
AvgSpeed=9.97MB
GroupID=0
ID=3
MaxSpeed=11.55MB
Online=true
PkLoss=0.00%
RawPing=260,141,154,155,172,170
RawSitePing=381,343,374,352,342,338,337,357,365,355
RawSpeed=0,1436968,7766016,11927552,11340106,12582912,12091392,12058624,11993088,11927552,11993088,12124160,12156928,11997844,11468800,12746752,11403264,12681216,12025856,12058624
SitePing=354.40
ULSpeed=N/A
UsedTraffic=106890371

[Seaflix_测速^香港04]
AvgPing=271.50
AvgSpeed=6.97MB
GroupID=0
ID=4
MaxSpeed=12.53MB
Online=true
PkLoss=0.00%
RawPing=310,264,266,265,265,259
RawSitePing=545,555,544,558,540,568,560,555,560,559
RawSpeed=0,0,458752,1666344,5537792,11042816,12124160,2031616,7241728,13074432,12093768,11670160,4884808,4423680,13467648,12812288,10321920,7700480,8388608,10682368
SitePing=554.40
ULSpeed=N/A
UsedTraffic=74811684

[Seaflix_测速^香港 | 广州]
AvgPing=75.00
AvgSpeed=10.17MB
GroupID=0
ID=5
MaxSpeed=11.52MB
Online=true
PkLoss=0.00%
RawPing=160,59,62,46,62,61
RawSitePing=220,235,245,239,237,240,591,224,235,221
RawSpeed=0,6581536,11993088,11894784,11862016,11965076,11831626,11796480,11862016,11468800,11599872,11862016,11501568,11272192,11534336,11632640,11700554,11993088,12091392,12058624
SitePing=268.70
ULSpeed=N/A
UsedTraffic=109250852

[Seaflix_测速^香港 | 广州02]
AvgPing=79.67
AvgSpeed=9.25MB
GroupID=0
ID=6
MaxSpeed=11.55MB
Online=true
PkLoss=0.00%
RawPing=169,64,62,61,62,60
RawSitePing=380,375,371,365,377,366,379,342,393,378
RawSpeed=0,32768,980628,4945556,11829248,12058624,12124160,12025856,12063376,11796480,12128912,12025856,12058624,12025856,12091392,12025856,12124160,11993088,12124160,12091392
SitePing=372.60
ULSpeed=N/A
UsedTraffic=99272996

[Seaflix_测速^新加坡01 | 流媒体]
AvgPing=93.50
AvgSpeed=8.50MB
GroupID=0
ID=7
MaxSpeed=11.55MB
Online=true
PkLoss=0.00%
RawPing=119,71,94,93,92,92
RawSitePing=400,403,415,405,417,404,371,394,399,402
RawSpeed=0,0,131072,892586,3160064,10033408,11613872,12078176,12118464,12093982,12127228,11996922,12069598,12044832,12021024,12094654,11947296,12061696,12063254,12012234
SitePing=401.00
ULSpeed=N/A
UsedTraffic=91296181

[Seaflix_测速^新加坡02 | 流媒体]
AvgPing=347.25
AvgSpeed=10.51MB
GroupID=0
ID=8
MaxSpeed=11.52MB
Online=true
PkLoss=33.33%
RawPing=105,0,94,94,1096,0
RawSitePing=0,204,0,0,0,0,0,0,0,0
RawSpeed=390344,8649192,12068928,11809472,11955960,12101888,12012832,12037600,12134656,12029696,11980064,12037120,12037600,12004352,11955968,12085792,11955968,12037120,12014388,12076236
SitePing=204.00
ULSpeed=N/A
UsedTraffic=112688611

[Seaflix_测速^新加坡03 | 流媒体]
AvgPing=699.20
AvgSpeed=10.40MB
GroupID=0
ID=9
MaxSpeed=11.50MB
Online=true
PkLoss=16.67%
RawPing=1099,95,1109,71,1122,0
RawSitePing=204,0,0,0,0,0,0,0,0,0
RawSpeed=144424,6418048,12045170,11955796,12005282,12012066,12078558,12044998,11996766,12085986,11947458,11988552,11955650,12045648,11955676,11971854,11981050,11987316,12061860,11964164
SitePing=204.00
ULSpeed=N/A
UsedTraffic=111339545

[Seaflix_测速^新加坡04 | 流媒体]
AvgPing=95.33
AvgSpeed=10.29MB
GroupID=0
ID=10
MaxSpeed=11.52MB
Online=true
PkLoss=0.00%
RawPing=104,94,94,93,94,93
RawSitePing=187,214,213,224,217,208,215,207,197,214
RawSpeed=0,5567208,11663058,12321174,12054152,12110332,11377414,11703558,11825376,11972644,12061668,12045212,12004928,12028928,11947482,12013026,11890720,11939102,10937828,12892960
SitePing=209.60
ULSpeed=N/A
UsedTraffic=110187360

[Seaflix_测速^新加坡05 | 流媒体]
AvgPing=87.00
AvgSpeed=10.56MB
GroupID=0
ID=11
MaxSpeed=11.94MB
Online=true
PkLoss=0.00%
RawPing=88,77,93,93,77,94
RawSitePing=203,191,207,202,227,215,211,187,203,201
RawSpeed=413048,9797424,12037564,10627668,13161474,11874238,12282110,12004352,11712622,12312458,11980254,11988546,12085984,11850526,11881472,12087040,12053504,12085984,11971868,12021216
SitePing=204.70
ULSpeed=N/A
UsedTraffic=113131060

[Seaflix_测速^新加坡06 | 广东]
AvgPing=79.67
AvgSpeed=872.15KB
GroupID=0
ID=12
MaxSpeed=2.07MB
Online=true
PkLoss=0.00%
RawPing=168,61,62,62,63,62
RawSitePing=245,402,316,322,325,324,319,323,311,400
RawSpeed=0,0,289512,131072,129728,131072,161920,195456,131072,162880,178976,1384672,2427104,1921792,1677088,1205504,2345472,1785662,1749534,2279936
SitePing=328.70
ULSpeed=N/A
UsedTraffic=9144226

[Seaflix_测速^新加坡 | 上海02]
AvgPing=61.50
AvgSpeed=8.88MB
GroupID=0
ID=13
MaxSpeed=11.45MB
Online=true
PkLoss=0.00%
RawPing=59,64,62,62,61,61
RawSitePing=202,203,219,224,209,218,215,216,216,204
RawSpeed=0,6218728,10261180,12036956,11744880,12273230,11955678,12038378,12003580,11899390,12004162,11923202,11133660,10848482,8583680,8746752,7957024,6441950,6238496,5627938
SitePing=212.60
ULSpeed=N/A
UsedTraffic=94968673

[Seaflix_测速^韩国 | 专线]
AvgPing=151.40
AvgSpeed=9.82MB
GroupID=0
ID=14
MaxSpeed=11.53MB
Online=true
PkLoss=16.67%
RawPing=152,0,140,155,155,155
RawSitePing=422,434,420,439,448,413,433,593,617,408
RawSpeed=0,819200,8450796,12058624,12091392,12058624,12025856,12064326,12027514,12025856,12025856,12058624,5963776,14712832,12156928,12025856,12025856,12025856,11927552,11927552
SitePing=462.70
ULSpeed=N/A
UsedTraffic=105236438

[Seaflix_测速^日本 01 | 流媒体]
AvgPing=144.67
AvgSpeed=9.77MB
GroupID=0
ID=15
MaxSpeed=11.38MB
Online=true
PkLoss=0.00%
RawPing=246,124,124,110,125,139
RawSitePing=419,382,370,358,355,363,352,366,372,361
RawSpeed=0,2388422,11173888,11960320,11798868,11602260,11436032,10387456,10124098,11010048,11796480,12058624,11665408,11010048,11141120,11927552,11796480,11862016,11665408,11042816
SitePing=369.80
ULSpeed=N/A
UsedTraffic=103923672

[Seaflix_测速^日本 02 | 流媒体]
AvgPing=105.00
AvgSpeed=10.37MB
GroupID=0
ID=16
MaxSpeed=11.42MB
Online=true
PkLoss=0.00%
RawPing=115,111,110,104,95,95
RawSitePing=341,343,355,367,338,368,339,339,365,329
RawSpeed=98304,5616104,11923464,11947464,11924754,11873454,11898620,12004348,11898432,11891104,11744032,12118752,11875504,11987276,11963968,11947490,11925140,11848298,11931198,12013218
SitePing=348.40
ULSpeed=N/A
UsedTraffic=110215462

[Seaflix_测速^日本 | 泸日]
AvgPing=78.00
AvgSpeed=10.55MB
GroupID=0
ID=17
MaxSpeed=11.80MB
Online=true
PkLoss=0.00%
RawPing=152,64,63,63,63,63
RawSitePing=285,305,292,299,318,297,290,298,296,303
RawSpeed=32768,9574664,12257116,11931380,11989024,11059744,12697308,12045020,11735644,11874720,11816994,11882526,11858146,11914720,11891008,11972544,11865666,11907008,11996158,11988542
SitePing=298.30
ULSpeed=N/A
UsedTraffic=112145350

[Seaflix_测速^美国01 | 流媒体]
AvgPing=248.17
AvgSpeed=8.53MB
GroupID=0
ID=18
MaxSpeed=14.05MB
Online=true
PkLoss=0.00%
RawPing=296,237,239,237,241,239
RawSitePing=572,569,561,564,562,642,631,597,636,561
RawSpeed=0,0,491520,1996706,5865472,11436032,11960320,11929208,11798136,11994744,4161536,9043968,16482304,12976128,11927552,11862016,11829248,11862016,11829248,11796480
SitePing=589.50
ULSpeed=N/A
UsedTraffic=90621317

[Seaflix_测速^美国02 | 流媒体]
AvgPing=613.50
AvgSpeed=56.90KB
GroupID=0
ID=19
MaxSpeed=98.51KB
Online=true
PkLoss=0.00%
RawPing=250,380,258,1268,256,1269
RawSitePing=1555,556,530,1315,535,536,552,553,558,545
RawSpeed=0,0,0,105134,137902,63838,98304,96606,15904,57008,57008,81632,0,98304,32768,81440,80480,48864,114400,16096
SitePing=723.50
ULSpeed=N/A
UsedTraffic=592844

[Seaflix_测速^美国 | 泸美]
AvgPing=62.50
AvgSpeed=5.98MB
GroupID=0
ID=20
MaxSpeed=8.05MB
Online=true
PkLoss=0.00%
RawPing=69,63,65,63,51,64
RawSitePing=519,514,588,529,516,511,531,528,529,603
RawSpeed=0,0,2258136,5406720,8814592,8060928,6651904,9011200,6914048,7208960,7079544,7143424,7277808,7014008,6979584,7340032,7602176,7536640,7241728,7602176
SitePing=536.80
ULSpeed=N/A
UsedTraffic=63571804

[Seaflix_测速^孟买]
AvgPing=142.50
AvgSpeed=9.48MB
GroupID=0
ID=21
MaxSpeed=13.87MB
Online=true
PkLoss=0.00%
RawPing=175,126,127,142,143,142
RawSitePing=700,687,661,664,701,659,647,711,656,682
RawSpeed=0,0,1576624,10499172,11986622,11988732,11801280,11972352,11808508,11809562,11784410,11917110,11856334,5636128,17184222,11898432,11974438,11880048,11948068,11931194
SitePing=676.80
ULSpeed=N/A
UsedTraffic=100726618

[Seaflix_测速^英国 | 伦敦]
AvgPing=0.00
AvgSpeed=N/A
GroupID=0
ID=22
MaxSpeed=N/A
Online=false
PkLoss=100.00%
RawPing=0,0,0,0,0,0
RawSitePing=0,0,0,0,0,0,0,0,0,0
RawSpeed=0,0,0,0,0,0,0,0,0,0,0,0,0,0,0,0,0,0,0,0
SitePing=0.00
ULSpeed=N/A
UsedTraffic=0

