[Basic]
GenerationTime=2022-07-12 16:29:36
Tester=Stair Speedtest Reborn v0.7.2

[Seaflix_死飞测速^死飞-鸡场 ( seaflix.xyz )]
AvgPing=0.00
AvgSpeed=N/A
GroupID=0
ID=0
MaxSpeed=N/A
Online=false
PkLoss=100.00%
RawPing=0,0,0,0,0,0
RawSitePing=0,0,0,0,0,0,0,0,0,0
RawSpeed=0,0,0,0,0,0,0,0,0,0,0,0,0,0,0,0,0,0,0,0
SitePing=0.00
ULSpeed=N/A
UsedTraffic=0

[Seaflix_死飞测速^香港01]
AvgPing=127.83
AvgSpeed=3.47MB
GroupID=0
ID=1
MaxSpeed=5.94MB
Online=true
PkLoss=0.00%
RawPing=133,126,127,129,126,126
RawSitePing=295,320,319,274,313,291,289,292,317,302
RawSpeed=0,883528,4256220,4456448,5013504,5144576,5373952,5079040,5439488,4653056,5242880,4720970,5701632,6750208,3309568,1736704,1540096,1509706,1933312,1179648
SitePing=301.20
ULSpeed=N/A
UsedTraffic=36962268

[Seaflix_死飞测速^香港02]
AvgPing=187.50
AvgSpeed=2.66MB
GroupID=0
ID=2
MaxSpeed=3.31MB
Online=true
PkLoss=0.00%
RawPing=133,144,128,336,127,257
RawSitePing=353,296,321,321,352,350,311,329,330,305
RawSpeed=0,1111696,3045012,2981888,2949120,3211264,3342336,2949120,3276800,3670016,3112960,3014656,2981888,2686976,3244032,3276800,2162688,2752512,3375104,3375104
SitePing=326.80
ULSpeed=N/A
UsedTraffic=28276370

[Seaflix_死飞测速^香港03]
AvgPing=146.50
AvgSpeed=2.56MB
GroupID=0
ID=3
MaxSpeed=3.70MB
Online=true
PkLoss=0.00%
RawPing=176,129,160,144,143,127
RawSitePing=331,324,341,325,347,319,335,326,343,343
RawSpeed=0,589824,3239208,3866624,4030464,3735552,3178496,622592,1867776,1671168,3637248,2064384,2949120,3145728,3276800,3014656,3407872,3473408,3344714,3375104
SitePing=333.40
ULSpeed=N/A
UsedTraffic=27245369

[Seaflix_死飞测速^香港 | 流媒体01]
AvgPing=230.50
AvgSpeed=1.31MB
GroupID=0
ID=4
MaxSpeed=2.89MB
Online=true
PkLoss=0.00%
RawPing=224,222,223,222,254,238
RawSitePing=730,683,679,797,691,663,666,659,660,641
RawSpeed=0,0,0,0,290506,359104,879168,1742816,1351904,1905696,3380468,2670848,2858496,2850784,2321184,2214400,2940702,1645088,48864,504544
SitePing=686.90
ULSpeed=N/A
UsedTraffic=13982286

[Seaflix_死飞测速^香港 | 流媒体02]
AvgPing=0.00
AvgSpeed=N/A
GroupID=0
ID=5
MaxSpeed=N/A
Online=false
PkLoss=100.00%
RawPing=0,0,0,0,0,0
RawSitePing=0,0,0,0,0,0,0,0,0,0
RawSpeed=0,0,0,0,0,0,0,0,0,0,0,0,0,0,0,0,0,0,0,0
SitePing=0.00
ULSpeed=N/A
UsedTraffic=0

[Seaflix_死飞测速^新加坡01]
AvgPing=114.50
AvgSpeed=1.93MB
GroupID=0
ID=6
MaxSpeed=3.39MB
Online=true
PkLoss=0.00%
RawPing=147,95,111,130,94,110
RawSitePing=405,459,422,471,472,476,470,436,449,459
RawSpeed=0,236466,2855958,3436768,3534112,3567648,2850280,2159252,1937504,1149990,3907758,1742624,1840160,1564320,1791488,1319904,1938464,2011136,1351712,1857024
SitePing=451.90
ULSpeed=N/A
UsedTraffic=20526284

[Seaflix_死飞测速^新加坡02 | 流媒体]
AvgPing=175.00
AvgSpeed=3.98MB
GroupID=0
ID=7
MaxSpeed=5.62MB
Online=true
PkLoss=0.00%
RawPing=163,174,206,191,158,158
RawSitePing=372,371,375,368,374,370,388,354,378,361
RawSpeed=0,105396,2221308,4984320,5757940,4503584,4854016,4772852,3860904,4030846,3902482,3581612,3828448,3892544,4741648,6229136,6132576,5415712,5718144,6074944
SitePing=371.10
ULSpeed=N/A
UsedTraffic=42336974

[Seaflix_死飞测速^新加坡03 | 流媒体]
AvgPing=121.67
AvgSpeed=4.69MB
GroupID=0
ID=8
MaxSpeed=5.63MB
Online=true
PkLoss=0.00%
RawPing=204,79,97,127,113,110
RawSitePing=216,254,212,209,243,209,212,231,236,215
RawSpeed=65536,4150960,5472768,5578772,5358824,4748276,5700896,5367232,5961216,4943648,2077632,5407040,5888254,5912828,5228256,5441530,5325600,5521440,5921696,5724990
SitePing=223.70
ULSpeed=N/A
UsedTraffic=49947849

[Seaflix_死飞测速^新加坡04 | 流媒体]
AvgPing=130.00
AvgSpeed=4.70MB
GroupID=0
ID=9
MaxSpeed=6.15MB
Online=true
PkLoss=0.00%
RawPing=147,110,158,127,143,95
RawSitePing=221,237,223,232,231,241,232,237,237,215
RawSpeed=0,2555312,6237728,6385352,6474996,6425376,6377172,5635648,5725184,5733856,5652414,6124380,5627646,3550976,4006848,3974172,3243540,4575180,5749760,5823488
SitePing=230.60
ULSpeed=N/A
UsedTraffic=49939514

[Seaflix_死飞测速^新加坡05 | 流媒体]
AvgPing=107.50
AvgSpeed=5.25MB
GroupID=0
ID=10
MaxSpeed=6.87MB
Online=true
PkLoss=0.00%
RawPing=91,111,126,95,111,111
RawSitePing=419,420,419,495,446,599,723,597,424,455
RawSpeed=0,0,3516016,6954976,7191806,7207210,6971360,6874208,6882802,6782926,6694656,6645788,6467004,5733376,4479292,4707040,4723996,6011926,7035146,6727136
SitePing=499.70
ULSpeed=N/A
UsedTraffic=55803332

[Seaflix_死飞测速^韩国 | 专线]
AvgPing=179.67
AvgSpeed=4.68MB
GroupID=0
ID=11
MaxSpeed=5.94MB
Online=true
PkLoss=0.00%
RawPing=142,300,157,146,174,159
RawSitePing=412,419,450,446,541,436,427,460,441,490
RawSpeed=0,262144,3011310,5308416,4456448,5439488,5177344,5799936,5931008,6389760,6127616,6261072,5898240,5079040,6030970,6424186,6293114,5505024,4915200,4718592
SitePing=452.20
ULSpeed=N/A
UsedTraffic=49514454

[Seaflix_死飞测速^日本 01]
AvgPing=144.50
AvgSpeed=4.40MB
GroupID=0
ID=12
MaxSpeed=5.83MB
Online=true
PkLoss=0.00%
RawPing=156,141,159,141,126,144
RawSitePing=861,881,608,857,383,519,399,426,849,439
RawSpeed=0,883528,4420048,6619136,6062080,4751360,4456448,5046272,6160384,5111808,4587520,5373952,6160384,6064466,5282806,5308416,4915200,5505024,5898240,1015808
SitePing=622.20
ULSpeed=N/A
UsedTraffic=46811440

[Seaflix_死飞测速^日本 02]
AvgPing=205.00
AvgSpeed=3.50MB
GroupID=0
ID=13
MaxSpeed=4.78MB
Online=true
PkLoss=0.00%
RawPing=104,112,110,190,317,397
RawSitePing=491,1273,409,412,1339,1130,360,340,420,348
RawSpeed=0,632944,3127104,2834688,1921792,3827488,3909576,4374628,3631248,4943636,4316128,4088096,3665664,3949792,5586976,4438524,4511776,5212638,4454910,4886784
SitePing=652.20
ULSpeed=N/A
UsedTraffic=37157196

[Seaflix_死飞测速^美国01 | 流媒体]
AvgPing=250.50
AvgSpeed=3.53MB
GroupID=0
ID=14
MaxSpeed=5.14MB
Online=true
PkLoss=0.00%
RawPing=233,248,241,257,285,239
RawSitePing=550,589,538,520,540,569,609,663,772,545
RawSpeed=0,0,196608,1338692,3047424,4456448,4620288,4227072,4816896,4456448,4947968,5603328,5406720,5376328,4131144,4587520,4751360,4620288,4194304,4128768
SitePing=589.50
ULSpeed=N/A
UsedTraffic=37453802

[Seaflix_死飞测速^美国02 | 流媒体]
AvgPing=579.00
AvgSpeed=2.62MB
GroupID=0
ID=15
MaxSpeed=5.53MB
Online=true
PkLoss=0.00%
RawPing=118,112,1356,236,1542,110
RawSitePing=701,649,758,1143,768,686,701,750,858,798
RawSpeed=0,0,0,0,0,0,0,0,1169520,4153056,5440768,4870112,3779536,2996224,4919552,5969696,5497632,5415712,5879968,5725466
SitePing=781.20
ULSpeed=N/A
UsedTraffic=27908621

[Seaflix_死飞测速^美国03 | 流媒体]
AvgPing=331.50
AvgSpeed=3.30MB
GroupID=0
ID=16
MaxSpeed=5.70MB
Online=true
PkLoss=0.00%
RawPing=395,254,269,384,430,257
RawSitePing=763,1036,551,536,552,1673,1159,826,582,1114
RawSpeed=0,0,243056,1137744,3665376,4283936,4739808,3976034,3549366,4560640,6588278,5374796,4585046,4569278,2671616,2933682,3712618,5863356,4390142,3281982
SitePing=879.20
ULSpeed=N/A
UsedTraffic=35079761

[Seaflix_死飞测速^孟买]
AvgPing=623.00
AvgSpeed=1.72MB
GroupID=0
ID=17
MaxSpeed=3.71MB
Online=true
PkLoss=33.33%
RawPing=992,0,0,1055,283,162
RawSitePing=815,773,700,1023,929,742,853,894,1126,1241
RawSpeed=0,0,0,0,380280,903792,880320,1204544,1971424,1172544,1644704,2150400,3078624,2728756,3290056,4194292,3419904,4357376,2639328,2605888
SitePing=909.60
ULSpeed=N/A
UsedTraffic=18311116

[Seaflix_死飞测速^英国 | 伦敦]
AvgPing=340.50
AvgSpeed=2.44MB
GroupID=0
ID=18
MaxSpeed=4.62MB
Online=true
PkLoss=0.00%
RawPing=295,285,286,254,652,271
RawSitePing=1312,563,643,1070,890,832,545,768,752,654
RawSpeed=0,0,0,32768,631736,1872928,3778816,4560832,4732182,4951052,3999222,3673088,3208928,2453100,1554036,1596416,3528300,3361236,4267456,3641088
SitePing=802.90
ULSpeed=N/A
UsedTraffic=25937976

