[Basic]
GenerationTime=2022-07-22 14:37:13
Tester=Stair Speedtest Reborn v0.7.2

[Seaflix_死飞测速^死飞-鸡场 ( seaflix.xyz )]
AvgPing=0.00
AvgSpeed=N/A
GroupID=0
ID=0
MaxSpeed=N/A
Online=false
PkLoss=100.00%
RawPing=0,0,0,0,0,0
RawSitePing=0,0,0,0,0,0,0,0,0,0
RawSpeed=0,0,0,0,0,0,0,0,0,0,0,0,0,0,0,0,0,0,0,0
SitePing=0.00
ULSpeed=N/A
UsedTraffic=0

[Seaflix_死飞测速^香港01 | 流媒体]
AvgPing=132.00
AvgSpeed=10.06MB
GroupID=0
ID=1
MaxSpeed=11.67MB
Online=true
PkLoss=0.00%
RawPing=120,142,123,157,125,125
RawSitePing=330,330,286,370,313,280,302,290,368,313
RawSpeed=0,1832592,10419016,12222464,11897162,12256406,11632640,11567104,12353536,11960320,11862016,12189696,12091392,12091392,12189696,11927552,12156928,12320768,11436032,11468800
SitePing=318.20
ULSpeed=N/A
UsedTraffic=107970524

[Seaflix_死飞测速^香港02 | 流媒体]
AvgPing=334.00
AvgSpeed=3.92MB
GroupID=0
ID=2
MaxSpeed=9.86MB
Online=true
PkLoss=0.00%
RawPing=202,145,170,155,1177,155
RawSitePing=846,829,556,530,523,463,511,466,510,1476
RawSpeed=0,229376,3108132,7503872,10452992,10225994,8945664,6684672,4980736,4227072,4426058,3244032,3014656,2818048,3080192,2588672,2850816,2392064,1835008,1540096
SitePing=671.00
ULSpeed=N/A
UsedTraffic=42074076

[Seaflix_死飞测速^香港03]
AvgPing=173.50
AvgSpeed=9.80MB
GroupID=0
ID=3
MaxSpeed=11.52MB
Online=true
PkLoss=0.00%
RawPing=187,185,155,173,169,172
RawSitePing=529,462,530,478,538,341,1461,517,458,1436
RawSpeed=0,557056,5729572,12124160,11438410,12255232,12025856,11763712,12124160,11929930,11862016,11993088,11730944,11501568,11862016,11730944,12058624,11960320,11960320,12189696
SitePing=675.00
ULSpeed=N/A
UsedTraffic=104398812

[Seaflix_死飞测速^香港04 | 流媒体]
AvgPing=60.67
AvgSpeed=236.99KB
GroupID=0
ID=4
MaxSpeed=385.82KB
Online=true
PkLoss=0.00%
RawPing=71,61,62,61,62,47
RawSitePing=298,302,302,325,309,303,534,314,313,296
RawSpeed=0,65536,306412,316340,399248,390912,227648,423872,325184,212128,309280,195840,358144,195840,243744,163072,244704,178976,146400,244512
SitePing=329.60
ULSpeed=N/A
UsedTraffic=2473896

[Seaflix_死飞测速^香港 | 广州]
AvgPing=56.00
AvgSpeed=10.27MB
GroupID=0
ID=5
MaxSpeed=11.49MB
Online=true
PkLoss=0.00%
RawPing=58,62,62,38,69,47
RawSitePing=243,231,293,618,238,249,270,242,704,257
RawSpeed=0,5106984,10485760,12091392,11829248,11798858,11962698,12028234,11862016,12091392,11993088,12093770,12058624,11894784,11698176,11993088,11796480,11960320,11960320,11960320
SitePing=334.50
ULSpeed=N/A
UsedTraffic=109333799

[Seaflix_死飞测速^香港 | 广州02]
AvgPing=75.17
AvgSpeed=39.52KB
GroupID=0
ID=6
MaxSpeed=86.52KB
Online=true
PkLoss=0.00%
RawPing=168,63,63,63,47,47
RawSitePing=828,343,315,316,321,343,297,311,313,824
RawSpeed=0,0,65536,111656,32768,0,104980,39444,32768,57008,89776,0,32768,24240,32768,57008,0,32768,97536,15904
SitePing=421.10
ULSpeed=N/A
UsedTraffic=413464

[Seaflix_死飞测速^新加坡01 | 流媒体]
AvgPing=96.00
AvgSpeed=9.80MB
GroupID=0
ID=7
MaxSpeed=11.54MB
Online=true
PkLoss=16.67%
RawPing=88,94,94,110,0,94
RawSitePing=499,190,234,187,203,192,203,193,253,220
RawSpeed=0,2848680,11066868,10523356,11181088,11255582,11149278,11305218,11409888,11727352,11100418,11347246,12076240,11988450,12077406,12053984,12020734,11198242,12095136,12101404
SitePing=237.40
ULSpeed=N/A
UsedTraffic=105263285

[Seaflix_死飞测速^新加坡02 | 流媒体]
AvgPing=0.00
AvgSpeed=N/A
GroupID=0
ID=8
MaxSpeed=N/A
Online=false
PkLoss=100.00%
RawPing=0,0,0,0,0,0
RawSitePing=0,0,0,0,0,0,0,0,0,0
RawSpeed=0,0,0,0,0,0,0,0,0,0,0,0,0,0,0,0,0,0,0,0
SitePing=0.00
ULSpeed=N/A
UsedTraffic=0

[Seaflix_死飞测速^新加坡03 | 流媒体]
AvgPing=82.00
AvgSpeed=10.39MB
GroupID=0
ID=9
MaxSpeed=11.54MB
Online=true
PkLoss=33.33%
RawPing=0,94,78,0,78,78
RawSitePing=0,0,0,0,0,0,0,0,0,0
RawSpeed=65536,6040812,12094274,12102200,12070050,12110532,12085984,11988544,12110560,12037120,12119040,11971584,12037408,12167616,11206432,12916960,12085792,12004832,12069696,12086464
SitePing=0.00
ULSpeed=N/A
UsedTraffic=111685718

[Seaflix_死飞测速^新加坡04 | 流媒体]
AvgPing=90.00
AvgSpeed=10.18MB
GroupID=0
ID=10
MaxSpeed=11.60MB
Online=true
PkLoss=0.00%
RawPing=118,77,79,94,94,78
RawSitePing=206,197,251,200,222,201,183,222,221,198
RawSpeed=0,2049918,11726374,12021544,12012834,11637254,12306562,12014450,11913672,11865856,12061894,12069696,12077788,11996928,11955488,11940064,11988084,11801448,11832916,11842028
SitePing=210.10
ULSpeed=N/A
UsedTraffic=108557399

[Seaflix_死飞测速^新加坡05 | 流媒体]
AvgPing=109.00
AvgSpeed=10.32MB
GroupID=0
ID=11
MaxSpeed=11.48MB
Online=true
PkLoss=0.00%
RawPing=183,93,92,95,97,94
RawSitePing=184,201,224,230,194,206,216,190,198,274
RawSpeed=339678,9030992,12004338,11762686,11920906,11898984,11288064,12240856,12370978,11605828,11362542,12418798,11385600,12599602,11539888,10604542,9911294,11287284,12029696,12053504
SitePing=211.70
ULSpeed=N/A
UsedTraffic=109828030

[Seaflix_死飞测速^新加坡06 | 广东]
AvgPing=79.17
AvgSpeed=120.77KB
GroupID=0
ID=12
MaxSpeed=145.69KB
Online=true
PkLoss=0.00%
RawPing=165,62,63,62,62,61
RawSitePing=212,255,533,230,190,168,207,193,197,197
RawSpeed=0,105146,137914,160468,155312,81440,203984,80864,163072,130112,97728,130304,179936,80480,179360,114208,178976,114208,146400,81632
SitePing=238.20
ULSpeed=N/A
UsedTraffic=1260772

[Seaflix_死飞测速^新加坡 | 上海02]
AvgPing=61.00
AvgSpeed=3.47MB
GroupID=0
ID=13
MaxSpeed=5.88MB
Online=true
PkLoss=0.00%
RawPing=72,49,69,67,62,47
RawSitePing=208,200,219,205,228,182,196,224,232,199
RawSpeed=0,3108296,5667648,6661724,3787118,2182400,3518208,4218866,4618340,4618148,4356410,4577182,4104960,3290368,2630660,3202634,3386286,3615744,3371232,2728766
SitePing=209.30
ULSpeed=N/A
UsedTraffic=36822495

[Seaflix_死飞测速^韩国 | 专线]
AvgPing=386.33
AvgSpeed=9.76MB
GroupID=0
ID=14
MaxSpeed=11.94MB
Online=true
PkLoss=0.00%
RawPing=183,156,148,151,173,1507
RawSitePing=3888,2662,2188,2501,1565,499,487,515,1505,530
RawSpeed=0,393216,5142666,11730944,12027514,12155716,11567104,12386304,12093066,11960320,11698176,11141120,12517376,12091392,11927552,12124160,11796480,11173888,12877824,12156928
SitePing=1634.00
ULSpeed=N/A
UsedTraffic=104480873

[Seaflix_死飞测速^日本 01]
AvgPing=131.33
AvgSpeed=9.50MB
GroupID=0
ID=15
MaxSpeed=11.95MB
Online=true
PkLoss=0.00%
RawPing=181,139,128,125,106,109
RawSitePing=421,349,595,409,835,1399,389,356,371,404
RawSpeed=0,3273164,11139912,12648448,12519764,11635026,9895936,12746752,13238272,11501568,12386304,12681216,11927552,11599872,11829248,12517376,11993088,12320768,6651904,1015808
SitePing=552.80
ULSpeed=N/A
UsedTraffic=101760989

[Seaflix_死飞测速^日本 02]
AvgPing=127.17
AvgSpeed=10.30MB
GroupID=0
ID=16
MaxSpeed=11.71MB
Online=true
PkLoss=0.00%
RawPing=137,111,110,142,140,123
RawSitePing=346,340,381,346,395,353,348,328,314,341
RawSpeed=32768,4444136,11589320,12492992,11687452,12175132,12038080,11979296,11679060,12591296,11980064,11752416,12248864,12306592,11702400,12534432,11336928,12167712,12322292,12192000
SitePing=349.20
ULSpeed=N/A
UsedTraffic=110627639

[Seaflix_死飞测速^日本 | 泸日]
AvgPing=95.50
AvgSpeed=10.74MB
GroupID=0
ID=17
MaxSpeed=11.57MB
Online=true
PkLoss=0.00%
RawPing=155,172,61,60,62,63
RawSitePing=289,311,305,299,316,305,309,309,672,304
RawSpeed=1675944,11995668,12103694,11938222,12159230,11955966,12200190,12061500,12118942,11995964,12167904,11809280,11980064,11955680,12102944,12061888,12022302,12102456,12149770,12077984
SitePing=341.90
ULSpeed=N/A
UsedTraffic=115317796

[Seaflix_死飞测速^美国01]
AvgPing=436.80
AvgSpeed=8.18MB
GroupID=0
ID=18
MaxSpeed=11.39MB
Online=true
PkLoss=16.67%
RawPing=229,234,0,235,1235,251
RawSitePing=650,563,553,661,647,697,656,713,645,710
RawSpeed=0,0,163840,884022,2850816,6193152,10159022,11992374,11730230,11796480,11829248,11829248,11993088,11698176,11730944,11763712,12025856,11862016,11927552,11829248
SitePing=649.50
ULSpeed=N/A
UsedTraffic=87129512

[Seaflix_死飞测速^美国02 | 流媒体]
AvgPing=597.50
AvgSpeed=27.91KB
GroupID=0
ID=19
MaxSpeed=83.26KB
Online=true
PkLoss=0.00%
RawPing=2267,268,282,249,268,251
RawSitePing=654,2124,551,1161,563,556,1252,1530,535,563
RawSpeed=0,0,0,0,32768,0,39442,131072,0,78884,72626,48480,32768,0,32768,57008,24240,0,0,32768
SitePing=948.90
ULSpeed=N/A
UsedTraffic=291412

[Seaflix_死飞测速^美国 | 泸美]
AvgPing=58.83
AvgSpeed=2.55MB
GroupID=0
ID=20
MaxSpeed=4.11MB
Online=true
PkLoss=0.00%
RawPing=50,62,62,64,53,62
RawSitePing=592,615,606,611,613,603,626,616,616,613
RawSpeed=0,0,1111970,3243318,2490368,2457600,2523136,2588672,2654208,3014656,3211264,2818048,2754168,2850816,2981888,3440640,3670016,4063232,4063232,4554752
SitePing=611.10
ULSpeed=N/A
UsedTraffic=27245992

[Seaflix_死飞测速^孟买]
AvgPing=139.83
AvgSpeed=9.70MB
GroupID=0
ID=21
MaxSpeed=11.57MB
Online=true
PkLoss=0.00%
RawPing=136,128,141,127,166,141
RawSitePing=772,694,702,2331,665,710,678,688,665,689
RawSpeed=0,145252,3452386,11744488,11808992,12085886,11980060,11948256,11938816,11784992,12126656,12045408,11866048,12094272,12085984,12176096,11865856,12013024,11955488,12094464
SitePing=859.40
ULSpeed=N/A
UsedTraffic=103622596

[Seaflix_死飞测速^英国 | 伦敦]
AvgPing=257.17
AvgSpeed=7.99MB
GroupID=0
ID=22
MaxSpeed=11.44MB
Online=true
PkLoss=0.00%
RawPing=291,250,250,252,250,250
RawSitePing=509,540,537,532,524,544,566,543,521,545
RawSpeed=0,0,364662,1514114,4927120,11214876,11939584,12061696,0,17216976,12713210,11059454,12160288,8485856,10498048,11914720,12004928,10750462,5041664,17143262
SitePing=536.10
ULSpeed=N/A
UsedTraffic=85505460

