[Basic]
GenerationTime=2022-07-06 20:44:17
Tester=Stair Speedtest Reborn v0.7.2

[Seaflix_死飞测速^死飞-鸡场 ( seaflix.xyz )]
AvgPing=0.00
AvgSpeed=N/A
GroupID=0
ID=0
MaxSpeed=N/A
Online=false
PkLoss=100.00%
RawPing=0,0,0,0,0,0
RawSitePing=0,0,0,0,0,0,0,0,0,0
RawSpeed=0,0,0,0,0,0,0,0,0,0,0,0,0,0,0,0,0,0,0,0
SitePing=0.00
ULSpeed=N/A
UsedTraffic=0

[Seaflix_死飞测速^香港01]
AvgPing=128.50
AvgSpeed=3.34MB
GroupID=0
ID=1
MaxSpeed=5.06MB
Online=true
PkLoss=0.00%
RawPing=109,160,125,143,133,101
RawSitePing=301,310,293,313,268,279,257,340,295,284
RawSpeed=0,1174820,4882432,4751360,5996544,4620288,4620288,4849664,4259840,2850816,2785280,3246410,3702784,2949120,2555904,2752512,2686976,3541322,4554752,4849664
SitePing=294.00
ULSpeed=N/A
UsedTraffic=35831772

[Seaflix_死飞测速^香港02]
AvgPing=139.17
AvgSpeed=1.83MB
GroupID=0
ID=2
MaxSpeed=2.72MB
Online=true
PkLoss=0.00%
RawPing=122,109,250,106,123,125
RawSitePing=308,388,312,262,307,309,291,302,316,315
RawSpeed=0,1273132,1966080,2228224,1998848,1998848,2818048,2883584,2424832,2752512,1474560,1507328,2097152,1605632,1703936,1671168,2260992,2162688,2097152,2359296
SitePing=311.00
ULSpeed=N/A
UsedTraffic=19658390

[Seaflix_死飞测速^香港03]
AvgPing=124.50
AvgSpeed=2.31MB
GroupID=0
ID=3
MaxSpeed=4.06MB
Online=true
PkLoss=0.00%
RawPing=111,141,126,118,124,127
RawSitePing=296,322,351,310,274,305,310,288,285,295
RawSpeed=0,1143268,2587464,2457600,2392064,2785280,2621440,2228224,2916352,2359296,2818048,2555904,2031616,1409024,2424832,2457600,2686976,2654208,3964928,4554752
SitePing=303.60
ULSpeed=N/A
UsedTraffic=24540822

[Seaflix_死飞测速^香港 | 流媒体01]
AvgPing=214.00
AvgSpeed=1.74MB
GroupID=0
ID=4
MaxSpeed=4.11MB
Online=true
PkLoss=0.00%
RawPing=206,203,216,219,220,220
RawSitePing=669,652,649,615,650,650,675,684,650,662
RawSpeed=0,0,0,0,0,290512,440544,1107200,1563648,2558176,3802422,4813056,3479566,3467986,3216638,2443008,2858494,1824256,2826304,2720480
SitePing=655.60
ULSpeed=N/A
UsedTraffic=18706145

[Seaflix_死飞测速^香港 | 流媒体02]
AvgPing=146.83
AvgSpeed=1.92MB
GroupID=0
ID=5
MaxSpeed=2.65MB
Online=true
PkLoss=0.00%
RawPing=150,140,156,154,140,141
RawSitePing=302,399,333,327,302,315,339,379,364,317
RawSpeed=0,170930,1553878,2654752,2573312,1758528,1922560,2762502,2050734,2785512,2736192,1905888,2388262,2140078,2150400,2043712,1987520,1685760,3387904,2159666
SitePing=337.70
ULSpeed=N/A
UsedTraffic=20409045

[Seaflix_死飞测速^新加坡01]
AvgPing=233.83
AvgSpeed=1.71MB
GroupID=0
ID=6
MaxSpeed=2.44MB
Online=true
PkLoss=0.00%
RawPing=114,82,109,283,123,692
RawSitePing=412,397,498,337,333,278,225,218,235,235
RawSpeed=0,665512,2068960,2752096,1645280,1433344,1547744,2866688,1327412,2370228,1921792,2168122,1985198,1971424,2752096,2370242,1815874,2166496,847360,1661184
SitePing=316.80
ULSpeed=N/A
UsedTraffic=18184910

[Seaflix_死飞测速^新加坡02 | 流媒体]
AvgPing=0.00
AvgSpeed=N/A
GroupID=0
ID=7
MaxSpeed=N/A
Online=false
PkLoss=100.00%
RawPing=0,0,0,0,0,0
RawSitePing=0,0,0,0,0,0,0,0,0,0
RawSpeed=0,0,0,0,0,0,0,0,0,0,0,0,0,0,0,0,0,0,0,0
SitePing=0.00
ULSpeed=N/A
UsedTraffic=0

[Seaflix_死飞测速^新加坡03 | 流媒体]
AvgPing=112.50
AvgSpeed=2.98MB
GroupID=0
ID=8
MaxSpeed=3.84MB
Online=true
PkLoss=0.00%
RawPing=92,112,126,93,143,109
RawSitePing=275,211,203,219,234,204,217,267,237,219
RawSpeed=32768,2373616,4886592,3176352,3070228,2663604,4543584,2590440,3184646,2524640,3640326,3771578,3012896,3656422,3673094,3600122,3175776,3306464,2378240,4137432
SitePing=228.60
ULSpeed=N/A
UsedTraffic=31699410

[Seaflix_死飞测速^新加坡04 | 流媒体]
AvgPing=97.83
AvgSpeed=3.11MB
GroupID=0
ID=9
MaxSpeed=3.91MB
Online=true
PkLoss=0.00%
RawPing=82,110,96,108,96,95
RawSitePing=207,229,211,233,212,219,218,221,264,226
RawSpeed=0,2571216,3925216,4250976,4235456,3013616,3664608,2476544,1498112,4348896,3421148,3046140,3941888,4267264,3893906,3753166,3795104,3046240,4250878,3160540
SitePing=224.00
ULSpeed=N/A
UsedTraffic=33280457

[Seaflix_死飞测速^韩国 | 专线]
AvgPing=148.83
AvgSpeed=3.48MB
GroupID=0
ID=10
MaxSpeed=4.69MB
Online=true
PkLoss=0.00%
RawPing=130,174,159,129,143,158
RawSitePing=607,449,437,434,598,419,457,428,495,449
RawSpeed=0,655360,2552072,2686976,3080192,3145728,4751360,4849664,4915200,4554752,4456448,5210112,4653056,3768320,4360526,3407872,5801590,4030464,3604480,3375104
SitePing=477.30
ULSpeed=N/A
UsedTraffic=36929638

[Seaflix_死飞测速^日本 01]
AvgPing=162.67
AvgSpeed=1.86MB
GroupID=0
ID=11
MaxSpeed=3.27MB
Online=true
PkLoss=0.00%
RawPing=150,139,142,167,143,235
RawSitePing=420,367,434,337,397,330,417,364,338,338
RawSpeed=0,131072,1338652,1474560,2228224,2719744,1671168,1245184,983040,2752512,1900544,1933312,3735552,3112960,2818048,2752512,1998848,3244032,1343488,2490368
SitePing=374.20
ULSpeed=N/A
UsedTraffic=19936910

[Seaflix_死飞测速^日本 02]
AvgPing=123.33
AvgSpeed=1.88MB
GroupID=0
ID=12
MaxSpeed=2.92MB
Online=true
PkLoss=0.00%
RawPing=100,111,185,124,125,95
RawSitePing=277,258,380,280,246,290,239,286,252,259
RawSpeed=0,1903592,4088288,651520,1824256,2443200,3021556,3005460,2964224,3159560,2655520,2940128,2255840,2329184,700576,1091104,179168,1417248,1482208,2142016
SitePing=276.70
ULSpeed=N/A
UsedTraffic=20127324

[Seaflix_死飞测速^美国 | 直连]
AvgPing=256.67
AvgSpeed=2.20MB
GroupID=0
ID=13
MaxSpeed=4.16MB
Online=true
PkLoss=0.00%
RawPing=237,235,239,270,321,238
RawSitePing=539,780,498,522,520,513,552,531,535,513
RawSpeed=0,0,262144,978226,1409024,1409024,2424832,2260992,1376256,1867776,2621440,2392064,3604480,3145728,3866624,3604480,5081416,3637248,3178496,3964928
SitePing=550.30
ULSpeed=N/A
UsedTraffic=23542589

[Seaflix_死飞测速^孟买]
AvgPing=163.83
AvgSpeed=3.18MB
GroupID=0
ID=14
MaxSpeed=5.59MB
Online=true
PkLoss=0.00%
RawPing=155,141,147,142,192,206
RawSitePing=405,499,436,408,438,836,421,394,428,548
RawSpeed=0,0,0,290504,1922560,2785056,2248128,2980128,5156052,3657574,4421046,6190016,3697376,3819104,4634560,3908928,5106622,5212160,5148752,6579182
SitePing=481.30
ULSpeed=N/A
UsedTraffic=33878874

