[Basic]
GenerationTime=2022-07-05 17:35:35
Tester=Stair Speedtest Reborn v0.7.2

[Seaflix_死飞测速^死飞-鸡场 ( seaflix.xyz )]
AvgPing=0.00
AvgSpeed=N/A
GroupID=0
ID=0
MaxSpeed=N/A
Online=false
PkLoss=100.00%
RawPing=0,0,0,0,0,0
RawSitePing=0,0,0,0,0,0,0,0,0,0
RawSpeed=0,0,0,0,0,0,0,0,0,0,0,0,0,0,0,0,0,0,0,0
SitePing=0.00
ULSpeed=N/A
UsedTraffic=0

[Seaflix_死飞测速^香港01]
AvgPing=120.17
AvgSpeed=5.15MB
GroupID=0
ID=1
MaxSpeed=6.14MB
Online=true
PkLoss=0.00%
RawPing=126,109,111,126,109,140
RawSitePing=341,355,315,279,270,299,308,261,299,284
RawSpeed=0,1111696,5207696,6422528,6782976,5701632,5636096,6651904,5767168,4718592,6064458,5802314,6293834,6324224,6488064,5636096,5701632,7077888,6619136,6258688
SitePing=301.10
ULSpeed=N/A
UsedTraffic=55134334

[Seaflix_死飞测速^香港02]
AvgPing=144.83
AvgSpeed=4.99MB
GroupID=0
ID=2
MaxSpeed=6.53MB
Online=true
PkLoss=0.00%
RawPing=170,125,134,159,156,125
RawSitePing=300,265,285,327,272,308,303,279,278,261
RawSpeed=0,979420,5077832,5013504,6848512,6848512,7045120,6160384,5505024,5275648,5865472,5902996,6588746,6750208,7110656,5799936,6029312,4915200,2981888,5636096
SitePing=287.80
ULSpeed=N/A
UsedTraffic=53183617

[Seaflix_死飞测速^香港03]
AvgPing=125.83
AvgSpeed=2.46MB
GroupID=0
ID=3
MaxSpeed=4.64MB
Online=true
PkLoss=0.00%
RawPing=146,125,109,125,125,125
RawSitePing=277,307,296,300,318,302,282,296,308,312
RawSpeed=0,1110488,2980680,3178496,589824,0,0,262144,1638400,2523136,3145728,3866624,4947968,4784128,3702784,3047424,3309568,4589898,4685824,4292608
SitePing=299.80
ULSpeed=N/A
UsedTraffic=26327861

[Seaflix_死飞测速^香港 | 流媒体01]
AvgPing=211.83
AvgSpeed=1.90MB
GroupID=0
ID=4
MaxSpeed=3.52MB
Online=true
PkLoss=0.00%
RawPing=218,221,203,203,214,212
RawSitePing=682,684,646,906,735,636,661,643,652,631
RawSpeed=0,0,0,0,0,289376,407776,1303040,1547552,2622176,3208736,3314166,3575542,3478014,3648512,3086530,4023136,2818298,4000288,3378070
SitePing=687.60
ULSpeed=N/A
UsedTraffic=20350606

[Seaflix_死飞测速^香港 | 流媒体02]
AvgPing=135.67
AvgSpeed=N/A
GroupID=0
ID=5
MaxSpeed=N/A
Online=false
PkLoss=0.00%
RawPing=147,124,150,143,125,125
RawSitePing=312,349,321,331,303,341,331,320,324,312
RawSpeed=0,0,0,0,0,0,0,0,0,0,0,0,0,0,0,0,0,0,0,0
SitePing=324.40
ULSpeed=N/A
UsedTraffic=0

[Seaflix_死飞测速^新加坡01]
AvgPing=99.50
AvgSpeed=5.19MB
GroupID=0
ID=6
MaxSpeed=6.59MB
Online=true
PkLoss=0.00%
RawPing=82,109,78,78,125,125
RawSitePing=225,214,237,227,204,214,236,227,206,231
RawSpeed=72628,4420572,4398144,5529522,6197782,6311938,6124288,5645398,6017198,6792672,5774330,6458142,5024800,3991228,6116094,6670078,7053568,6776288,6196766,5409844
SitePing=222.10
ULSpeed=N/A
UsedTraffic=55490640

[Seaflix_死飞测速^新加坡02 | 流媒体]
AvgPing=158.50
AvgSpeed=3.93MB
GroupID=0
ID=7
MaxSpeed=5.10MB
Online=true
PkLoss=0.00%
RawPing=157,170,156,154,166,148
RawSitePing=330,378,361,367,347,378,348,410,379,368
RawSpeed=0,131072,1870248,3697184,5309888,5262458,5276598,5293984,5358368,5343232,5179200,3273696,3584036,4920820,5243568,4869728,5285876,4389564,4511776,4764666
SitePing=366.60
ULSpeed=N/A
UsedTraffic=41791029

[Seaflix_死飞测速^新加坡03 | 流媒体]
AvgPing=122.17
AvgSpeed=4.13MB
GroupID=0
ID=8
MaxSpeed=5.44MB
Online=true
PkLoss=0.00%
RawPing=73,234,140,94,83,109
RawSitePing=189,255,201,228,207,195,234,252,165,251
RawSpeed=380288,5058576,5455904,5944808,5041652,6010356,4862688,5219872,5546976,5114144,2052096,3151678,2745248,2833728,4601310,5424382,4886784,5108272,4346572,4716880
SitePing=217.70
ULSpeed=N/A
UsedTraffic=44251107

[Seaflix_死飞测速^新加坡04 | 流媒体]
AvgPing=98.67
AvgSpeed=4.08MB
GroupID=0
ID=9
MaxSpeed=5.08MB
Online=true
PkLoss=0.00%
RawPing=90,82,109,93,109,109
RawSitePing=226,195,235,207,206,233,245,228,236,220
RawSpeed=0,2946032,5504960,5155092,5123284,5075288,4526512,6101552,4486320,5742928,5341102,4886592,5000894,5261312,4976128,4299840,3975728,3158702,2786894,2808462
SitePing=223.10
ULSpeed=N/A
UsedTraffic=43579834

[Seaflix_死飞测速^韩国 | 专线]
AvgPing=135.83
AvgSpeed=3.39MB
GroupID=0
ID=10
MaxSpeed=5.52MB
Online=true
PkLoss=0.00%
RawPing=128,141,125,140,156,125
RawSitePing=413,428,409,403,412,414,396,398,403,473
RawSpeed=0,1046452,3407164,4784128,4980736,5210112,5472256,5701632,5932662,4653056,6258688,5308416,4227072,2359296,1245184,2523136,950272,2588672,4587520,1015808
SitePing=414.90
ULSpeed=N/A
UsedTraffic=36126131

[Seaflix_死飞测速^日本 01]
AvgPing=135.00
AvgSpeed=3.77MB
GroupID=0
ID=11
MaxSpeed=5.36MB
Online=true
PkLoss=0.00%
RawPing=137,124,143,141,125,140
RawSitePing=335,341,375,436,373,319,394,380,318,335
RawSpeed=0,491520,3271964,4882432,4718592,4849664,2883584,3276800,3047424,4294992,3801088,5373952,4390912,3538944,4653056,4784128,4915200,6193152,5638480,5603328
SitePing=360.60
ULSpeed=N/A
UsedTraffic=40304606

[Seaflix_死飞测速^日本 02]
AvgPing=94.00
AvgSpeed=5.11MB
GroupID=0
ID=12
MaxSpeed=5.97MB
Online=true
PkLoss=0.00%
RawPing=108,78,116,75,78,109
RawSitePing=250,227,270,252,252,246,266,232,266,265
RawSpeed=250652,4959604,5961984,5977384,4902568,5277696,6254880,6270784,5912544,5863968,5473248,5627454,5635740,5586976,6499580,5326268,5961792,5912062,5815488,5712498
SitePing=252.60
ULSpeed=N/A
UsedTraffic=54606946

[Seaflix_死飞测速^美国 | 直连]
AvgPing=237.83
AvgSpeed=4.15MB
GroupID=0
ID=13
MaxSpeed=5.64MB
Online=true
PkLoss=0.00%
RawPing=235,250,234,230,234,244
RawSitePing=502,510,490,549,495,499,534,540,503,537
RawSpeed=0,0,655360,1371442,3833856,4292608,5472256,5701632,5275648,5406720,5996544,5837458,5242880,6029312,5832704,5734400,5308416,6258688,5570560,4718592
SitePing=515.90
ULSpeed=N/A
UsedTraffic=44285922

[Seaflix_死飞测速^孟买]
AvgPing=171.17
AvgSpeed=4.27MB
GroupID=0
ID=14
MaxSpeed=5.73MB
Online=true
PkLoss=0.00%
RawPing=267,140,156,156,158,150
RawSitePing=701,687,732,751,708,809,719,762,720,709
RawSpeed=0,0,1822344,4430144,5798144,5799368,5928712,6092000,5391328,5725760,5138912,6270688,5668892,5423328,6076188,1840928,1840352,6075424,6369280,5594878
SitePing=729.80
ULSpeed=N/A
UsedTraffic=45651383

