[Basic]
GenerationTime=2022-06-28 13:41:43
Tester=Stair Speedtest Reborn v0.7.2

[Seaflix_死飞测速^死飞-鸡场 ( seaflix.xyz )]
AvgPing=0.00
AvgSpeed=N/A
GroupID=0
ID=0
MaxSpeed=N/A
Online=false
PkLoss=100.00%
RawPing=0,0,0,0,0,0
RawSitePing=0,0,0,0,0,0,0,0,0,0
RawSpeed=0,0,0,0,0,0,0,0,0,0,0,0,0,0,0,0,0,0,0,0
SitePing=0.00
ULSpeed=N/A
UsedTraffic=0

[Seaflix_死飞测速^香港01]
AvgPing=130.00
AvgSpeed=5.16MB
GroupID=0
ID=1
MaxSpeed=6.69MB
Online=true
PkLoss=0.00%
RawPing=127,125,141,106,140,141
RawSitePing=279,284,322,314,277,305,266,289,339,714
RawSpeed=0,1240364,2850816,3899392,4554752,5275648,6094848,6356992,6553600,7143424,6422528,6883654,7113030,6815744,6717440,6328980,7208960,6815744,6193152,6062080
SitePing=338.90
ULSpeed=N/A
UsedTraffic=55265574

[Seaflix_死飞测速^香港02]
AvgPing=145.17
AvgSpeed=N/A
GroupID=0
ID=2
MaxSpeed=N/A
Online=false
PkLoss=0.00%
RawPing=233,125,124,124,125,140
RawSitePing=0,0,0,0,0,0,0,0,0,0
RawSpeed=0,0,0,0,0,0,0,0,0,0,0,0,0,0,0,0,0,0,0,0
SitePing=0.00
ULSpeed=N/A
UsedTraffic=0

[Seaflix_死飞测速^香港03]
AvgPing=166.83
AvgSpeed=5.34MB
GroupID=0
ID=3
MaxSpeed=6.48MB
Online=true
PkLoss=0.00%
RawPing=110,213,182,152,128,216
RawSitePing=430,391,861,301,322,389,379,426,436,364
RawSpeed=0,1110496,4356936,5373952,6029312,6455296,6717440,6881280,6914048,6455296,6490442,6883658,5275648,6097222,5636096,6750208,6651904,6193152,6621514,6586368
SitePing=429.90
ULSpeed=N/A
UsedTraffic=56740134

[Seaflix_死飞测速^香港 | 流媒体]
AvgPing=202.67
AvgSpeed=4.06MB
GroupID=0
ID=4
MaxSpeed=6.35MB
Online=true
PkLoss=0.00%
RawPing=218,207,190,205,190,206
RawSitePing=613,588,584,594,607,609,589,600,616,573
RawSpeed=0,0,131072,191196,782016,1400960,2491872,4169728,6058944,7069732,6368800,6938564,6467008,6385370,6579584,6013232,5812626,6589408,6302972,6776094
SitePing=597.30
ULSpeed=N/A
UsedTraffic=43280973

[Seaflix_死飞测速^新加坡01]
AvgPing=109.83
AvgSpeed=5.57MB
GroupID=0
ID=5
MaxSpeed=6.33MB
Online=true
PkLoss=0.00%
RawPing=99,110,123,111,109,107
RawSitePing=213,268,282,226,255,248,260,249,245,212
RawSpeed=163840,3954344,5946080,5546004,6296890,6391234,6393568,6539776,6361086,6720114,6978188,6287840,6580062,6621388,6328030,6491196,6254592,6817746,6498336,6466814
SitePing=245.80
ULSpeed=N/A
UsedTraffic=59818564

[Seaflix_死飞测速^新加坡02]
AvgPing=85.50
AvgSpeed=5.30MB
GroupID=0
ID=6
MaxSpeed=6.07MB
Online=true
PkLoss=0.00%
RawPing=76,84,77,76,92,108
RawSitePing=229,268,228,256,225,244,256,231,217,250
RawSpeed=177512,3940424,5521440,5676500,5871836,6263108,6140960,6247536,5992340,6254784,5864318,5936892,5799738,5700894,6661600,6075706,5994462,6490912,6215252,6334702
SitePing=240.40
ULSpeed=N/A
UsedTraffic=56604890

[Seaflix_死飞测速^新加坡 | 流媒体]
AvgPing=207.00
AvgSpeed=4.84MB
GroupID=0
ID=7
MaxSpeed=6.33MB
Online=true
PkLoss=0.00%
RawPing=161,177,229,215,154,306
RawSitePing=428,364,384,416,614,490,1066,499,1108,482
RawSpeed=0,0,1006744,3175968,3990752,4657984,6581008,6255056,6531568,6465760,6556928,6714404,6503152,6664276,6456724,6246400,6254878,6409472,6091998,6501200
SitePing=585.10
ULSpeed=N/A
UsedTraffic=51532136

[Seaflix_死飞测速^韩国 | 专线]
AvgPing=163.00
AvgSpeed=5.19MB
GroupID=0
ID=8
MaxSpeed=6.34MB
Online=true
PkLoss=0.00%
RawPing=232,126,157,155,155,153
RawSitePing=614,613,641,617,604,850,636,625,614,591
RawSpeed=0,589824,5173024,6160384,6586368,5603328,5931008,6029312,6029312,6160384,6490450,6227578,6684672,6619136,6422528,6684672,6293842,6621522,5931008,5570560
SitePing=640.50
ULSpeed=N/A
UsedTraffic=55920840

[Seaflix_死飞测速^日本 | 专线]
AvgPing=0.00
AvgSpeed=N/A
GroupID=0
ID=9
MaxSpeed=N/A
Online=false
PkLoss=100.00%
RawPing=0,0,0,0,0,0
RawSitePing=0,0,0,0,0,0,0,0,0,0
RawSpeed=0,0,0,0,0,0,0,0,0,0,0,0,0,0,0,0,0,0,0,0
SitePing=0.00
ULSpeed=N/A
UsedTraffic=0

[Seaflix_死飞测速^美国 | 直连]
AvgPing=219.50
AvgSpeed=4.68MB
GroupID=0
ID=10
MaxSpeed=6.14MB
Online=true
PkLoss=0.00%
RawPing=223,219,219,218,219,219
RawSitePing=502,511,537,519,526,506,542,512,548,519
RawSpeed=0,0,616752,2524448,4642080,5651936,5499172,5968108,6352608,6140384,6426624,6213440,6507198,6360894,6369184,6368508,6125958,6180054,6491104,6085192
SitePing=522.20
ULSpeed=N/A
UsedTraffic=50261822

