[Basic]
GenerationTime=2022-07-26 20:22:59
Tester=Stair Speedtest Reborn v0.7.2

[Seaflix^死飞-鸡场 ( seaflix.xyz )]
AvgPing=0.00
AvgSpeed=N/A
GroupID=0
ID=0
MaxSpeed=N/A
Online=false
PkLoss=100.00%
RawPing=0,0,0,0,0,0
RawSitePing=0,0,0,0,0,0,0,0,0,0
RawSpeed=0,0,0,0,0,0,0,0,0,0,0,0,0,0,0,0,0,0,0,0
SitePing=0.00
ULSpeed=N/A
UsedTraffic=0

[Seaflix^香港01 | 流媒体]
AvgPing=119.33
AvgSpeed=10.09MB
GroupID=0
ID=1
MaxSpeed=11.48MB
Online=true
PkLoss=0.00%
RawPing=105,110,125,125,126,125
RawSitePing=285,294,294,296,277,278,320,279,303,296
RawSpeed=0,2256160,10977280,11927552,11960320,11993088,11995466,11932308,11962698,12025856,11960320,11960320,11993088,12025856,11141120,12910592,11993088,12091392,11993088,12025856
SitePing=292.20
ULSpeed=N/A
UsedTraffic=108563747

[Seaflix^香港02 | 流媒体]
AvgPing=144.33
AvgSpeed=9.49MB
GroupID=0
ID=2
MaxSpeed=11.16MB
Online=true
PkLoss=0.00%
RawPing=143,142,143,156,141,141
RawSitePing=475,490,457,457,482,462,494,451,480,489
RawSpeed=0,524288,5631268,11370496,11534336,11370496,11730944,11077962,11309716,11599872,11831626,11567104,11337728,11599872,11403264,11567104,11173888,11796480,11337728,11862016
SitePing=473.70
ULSpeed=N/A
UsedTraffic=100813094

[Seaflix^香港03]
AvgPing=153.67
AvgSpeed=9.63MB
GroupID=0
ID=3
MaxSpeed=11.53MB
Online=true
PkLoss=0.00%
RawPing=153,156,161,156,156,140
RawSitePing=351,321,367,333,369,361,322,350,421,361
RawSpeed=0,786432,6876452,12058624,12058624,12124160,11993088,12096148,11864394,11995466,11960320,11960320,11993088,11665408,11730944,11599872,10092544,10125312,11960320,12124160
SitePing=355.60
ULSpeed=N/A
UsedTraffic=103532838

[Seaflix^香港 | 北京]
AvgPing=64.83
AvgSpeed=10.44MB
GroupID=0
ID=4
MaxSpeed=11.70MB
Online=true
PkLoss=0.00%
RawPing=78,63,62,62,62,62
RawSitePing=195,222,231,238,235,208,246,222,230,221
RawSpeed=491520,10087712,11173888,11010048,11337728,11567104,11604628,12423828,12091392,12091392,11960320,12156928,12025856,11894784,12288000,12189696,12025856,11730944,12451840,12091392
SitePing=224.80
ULSpeed=N/A
UsedTraffic=112347428

[Seaflix^香港04]
AvgPing=268.83
AvgSpeed=6.44MB
GroupID=0
ID=5
MaxSpeed=11.94MB
Online=true
PkLoss=0.00%
RawPing=356,251,250,251,251,254
RawSitePing=525,547,525,572,570,550,546,543,555,602
RawSpeed=0,0,393216,1666384,5177344,10715136,11239424,6094848,4718592,11698176,12980888,12058624,6261068,3246412,6815744,12451840,12025856,12124160,8552448,491520
SitePing=553.50
ULSpeed=N/A
UsedTraffic=69355840

[Seaflix^香港 | 广州]
AvgPing=71.33
AvgSpeed=10.42MB
GroupID=0
ID=6
MaxSpeed=11.55MB
Online=true
PkLoss=0.00%
RawPing=160,47,62,63,48,48
RawSitePing=231,255,233,232,240,256,232,240,224,231
RawSpeed=0,7204132,12091392,12025856,11862016,12355914,12025856,12131294,11993088,11927552,11960320,11927552,11894784,11829248,11960320,11862016,11829248,11436032,12419072,11763712
SitePing=237.40
ULSpeed=N/A
UsedTraffic=111250725

[Seaflix^香港 | 广州02]
AvgPing=71.33
AvgSpeed=9.15MB
GroupID=0
ID=7
MaxSpeed=11.61MB
Online=true
PkLoss=0.00%
RawPing=164,47,47,47,61,62
RawSitePing=341,404,382,397,360,359,362,363,383,352
RawSpeed=0,0,1043736,5144576,11436032,12058624,10649600,11403264,11899544,11897164,12257612,12091392,12156928,12025856,11993088,12222464,12058624,12058624,12091392,11993088
SitePing=370.30
ULSpeed=N/A
UsedTraffic=98240804

[Seaflix^新加坡01 | 流媒体]
AvgPing=122.50
AvgSpeed=10.27MB
GroupID=0
ID=8
MaxSpeed=11.52MB
Online=true
PkLoss=0.00%
RawPing=205,156,78,94,77,125
RawSitePing=287,254,253,267,308,189,293,264,255,200
RawSpeed=428956,9551252,10596304,12110892,11133636,12069092,12110946,12022580,12061668,12095888,12084530,11514120,11778610,11709678,11857992,11003172,11222960,11395738,11538366,11761956
SitePing=257.00
ULSpeed=N/A
UsedTraffic=110032216

[Seaflix^新加坡02 | 流媒体]
AvgPing=137.75
AvgSpeed=10.54MB
GroupID=0
ID=9
MaxSpeed=11.58MB
Online=true
PkLoss=33.33%
RawPing=0,94,143,0,157,157
RawSitePing=0,320,214,0,0,0,0,0,0,0
RawSpeed=552748,10016544,12201228,12093872,11996158,12110362,12028924,12176096,12069888,12044832,12127232,12134656,6491392,16540896,12094272,12102368,12094464,12063060,11824012,12118368
SitePing=267.00
ULSpeed=N/A
UsedTraffic=113440686

[Seaflix^新加坡03 | 流媒体]
AvgPing=157.33
AvgSpeed=10.34MB
GroupID=0
ID=10
MaxSpeed=11.55MB
Online=true
PkLoss=0.00%
RawPing=219,149,77,172,171,156
RawSitePing=342,199,344,377,397,199,189,385,194,346
RawSpeed=0,5974320,12077734,12020446,11948040,11996352,11347020,12075692,12086232,11809560,12079456,12133780,12012666,12086340,11857806,12273586,11776554,12143140,12061696,12061694
SitePing=297.20
ULSpeed=N/A
UsedTraffic=110911057

[Seaflix^新加坡 | 北京]
AvgPing=101.17
AvgSpeed=9.90MB
GroupID=0
ID=11
MaxSpeed=11.48MB
Online=true
PkLoss=0.00%
RawPing=185,173,62,62,63,62
RawSitePing=249,259,255,264,242,272,267,260,252,229
RawSpeed=0,3255504,11802412,12116912,12030756,12027566,12029690,12044828,12085984,11939584,11035360,11850528,11865664,11874816,11539904,12021024,10621520,10757488,10310976,11734976
SitePing=254.90
ULSpeed=N/A
UsedTraffic=106472746

[Seaflix^新加坡04 | 流媒体]
AvgPing=528.50
AvgSpeed=10.47MB
GroupID=0
ID=12
MaxSpeed=11.93MB
Online=true
PkLoss=0.00%
RawPing=174,78,125,94,2091,609
RawSitePing=2397,1646,2176,2156,1537,226,224,251,211,200
RawSpeed=217884,8005268,13022472,11990082,12141486,12004640,11931582,12085792,12063740,12043744,12061504,12053406,11955764,11972352,12021696,11816512,12004640,11907008,11899104,11930720
SitePing=1102.40
ULSpeed=N/A
UsedTraffic=112589130

[Seaflix^新加坡 | 广州]
AvgPing=73.83
AvgSpeed=10.66MB
GroupID=0
ID=13
MaxSpeed=11.53MB
Online=true
PkLoss=0.00%
RawPing=84,157,47,46,62,47
RawSitePing=171,178,178,187,210,191,190,156,194,182
RawSpeed=682284,11621428,12013000,12005598,12044210,12036878,12143326,12045598,11996158,11711744,12012448,12062272,12085216,12054272,11995968,12135616,12037600,12053024,11939584,12020736
SitePing=183.70
ULSpeed=N/A
UsedTraffic=114348480

[Seaflix^韩国 | 专线]
AvgPing=144.83
AvgSpeed=9.76MB
GroupID=0
ID=14
MaxSpeed=11.55MB
Online=true
PkLoss=0.00%
RawPing=149,141,142,141,156,140
RawSitePing=426,428,429,428,431,431,433,435,413,424
RawSpeed=0,655360,7761682,12058624,12058624,12025856,12125818,12030596,12058656,11993088,12126546,12058624,12058624,11993088,5308416,15106048,12058624,12091392,12091392,12124160
SitePing=427.80
ULSpeed=N/A
UsedTraffic=104892609

[Seaflix^日本 01 | 流媒体]
AvgPing=118.50
AvgSpeed=10.08MB
GroupID=0
ID=15
MaxSpeed=11.52MB
Online=true
PkLoss=0.00%
RawPing=133,109,109,125,126,109
RawSitePing=293,322,299,321,319,300,269,299,294,299
RawSpeed=0,4123920,11862016,12124160,12091392,12061012,12028244,12091392,12124160,12030628,12091392,12058624,1671168,18120704,11960320,12156928,12025856,12124160,12058624,12091392
SitePing=301.50
ULSpeed=N/A
UsedTraffic=108464430

[Seaflix^日本 02 | 流媒体]
AvgPing=138.33
AvgSpeed=10.06MB
GroupID=0
ID=16
MaxSpeed=11.55MB
Online=true
PkLoss=0.00%
RawPing=172,125,126,140,126,141
RawSitePing=330,338,360,358,362,361,347,351,363,351
RawSpeed=0,1568022,10158080,11862016,11927552,11862016,11698176,12065784,11862016,12093778,11829248,11665408,11993088,11993088,12025856,12058624,12058624,12156928,11993088,12025856
SitePing=352.10
ULSpeed=N/A
UsedTraffic=107448624

[Seaflix^美国01 | 流媒体]
AvgPing=249.67
AvgSpeed=8.91MB
GroupID=0
ID=17
MaxSpeed=12.98MB
Online=true
PkLoss=0.00%
RawPing=325,234,235,234,235,235
RawSitePing=587,578,646,565,572,565,549,550,633,559
RawSpeed=0,0,753664,3011808,10420224,12025856,12124160,12029164,12124160,8749056,9207808,18022400,12156928,12025856,8683520,15502572,12091392,11501568,3604480,17432576
SitePing=580.40
ULSpeed=N/A
UsedTraffic=95733596

[Seaflix^美国02 | 流媒体]
AvgPing=780.83
AvgSpeed=24.81KB
GroupID=0
ID=18
MaxSpeed=54.90KB
Online=true
PkLoss=0.00%
RawPing=344,1282,260,249,250,2300
RawSitePing=524,538,570,1641,529,561,1221,542,0,558
RawSpeed=0,0,0,0,0,32768,0,65536,7066,32768,32768,0,96842,0,32768,32768,98304,14132,72912,0
SitePing=742.67
ULSpeed=N/A
UsedTraffic=259316

[Seaflix^孟买]
AvgPing=117.50
AvgSpeed=8.28MB
GroupID=0
ID=19
MaxSpeed=11.55MB
Online=true
PkLoss=0.00%
RawPing=111,110,109,125,125,125
RawSitePing=700,704,814,714,711,725,737,738,738,764
RawSpeed=0,850762,7110656,12061008,12124160,12091392,12057916,12058624,12025856,12023444,11763712,2293760,3473408,4390912,6717440,9732096,12320768,11763712,11436032,11567104
SitePing=734.50
ULSpeed=N/A
UsedTraffic=88947765

[Seaflix^英国 | 伦敦]
AvgPing=257.67
AvgSpeed=6.88MB
GroupID=0
ID=20
MaxSpeed=11.46MB
Online=true
PkLoss=0.00%
RawPing=357,250,235,235,235,234
RawSitePing=521,502,512,527,551,508,551,525,522,551
RawSpeed=0,0,491520,2387240,8880128,11862016,7307264,2981888,5210112,4816896,5603328,11438416,11997856,12025856,12126544,7503872,3407872,15728640,11763712,11927552
SitePing=527.00
ULSpeed=N/A
UsedTraffic=73730356

