[Basic]
GenerationTime=2022-07-21 20:53:47
Tester=Stair Speedtest Reborn v0.7.2

[Seaflix^死飞-鸡场 ( seaflix.xyz )]
AvgPing=0.00
AvgSpeed=N/A
GroupID=0
ID=0
MaxSpeed=N/A
Online=false
PkLoss=100.00%
RawPing=0,0,0,0,0,0
RawSitePing=0,0,0,0,0,0,0,0,0,0
RawSpeed=0,0,0,0,0,0,0,0,0,0,0,0,0,0,0,0,0,0,0,0
SitePing=0.00
ULSpeed=N/A
UsedTraffic=0

[Seaflix^香港01 | 流媒体]
AvgPing=122.17
AvgSpeed=10.11MB
GroupID=0
ID=1
MaxSpeed=11.49MB
Online=true
PkLoss=0.00%
RawPing=127,126,112,110,129,129
RawSitePing=289,305,316,304,262,304,299,289,265,287
RawSpeed=0,2288932,10125312,11862016,11763712,11796480,11864394,11864390,12128916,11960320,12091392,11927552,11927552,11927552,12025856,11894784,11862016,11796480,11796480,11993088
SitePing=292.00
ULSpeed=N/A
UsedTraffic=107448612

[Seaflix^香港02 | 流媒体]
AvgPing=327.33
AvgSpeed=9.24MB
GroupID=0
ID=2
MaxSpeed=12.67MB
Online=true
PkLoss=0.00%
RawPing=1170,156,157,156,170,155
RawSitePing=1240,477,475,475,483,506,443,482,488,467
RawSpeed=0,491520,5500200,11829248,11501568,10485760,13369344,11866768,11960320,11834004,11993088,11927552,11927552,11960320,11796480,9404416,14548992,12025856,10485760,2162688
SitePing=553.60
ULSpeed=N/A
UsedTraffic=98535718

[Seaflix^香港03]
AvgPing=323.83
AvgSpeed=9.88MB
GroupID=0
ID=3
MaxSpeed=12.55MB
Online=true
PkLoss=0.00%
RawPing=178,1158,144,146,161,156
RawSitePing=318,352,364,341,383,391,743,343,329,344
RawSpeed=0,752460,6549988,9338880,14289222,12025856,12058624,12058624,12058624,12025856,12124160,12028230,12058624,12058624,11993088,11173888,12847434,11993088,11304960,12845056
SitePing=390.80
ULSpeed=N/A
UsedTraffic=105792643

[Seaflix^香港04 | 流媒体]
AvgPing=76.00
AvgSpeed=278.05KB
GroupID=0
ID=4
MaxSpeed=437.23KB
Online=true
PkLoss=0.00%
RawPing=170,62,50,61,63,50
RawSitePing=309,543,308,578,302,307,313,301,314,560
RawSpeed=0,98304,388902,422818,472544,422912,342048,439776,423680,309280,293376,293376,227840,358144,211936,244512,260608,195072,163072,244704
SitePing=383.50
ULSpeed=N/A
UsedTraffic=2906452

[Seaflix^香港 | 广州]
AvgPing=64.17
AvgSpeed=10.35MB
GroupID=0
ID=5
MaxSpeed=11.52MB
Online=true
PkLoss=0.00%
RawPing=59,78,62,62,62,62
RawSitePing=263,255,267,226,276,252,638,237,309,1243
RawSpeed=0,5434668,11665408,12156928,12093770,11993088,12126538,11894784,11995466,12025856,12025856,12058624,12058624,12060998,12058624,12091392,12058624,12058624,11960320,12025856
SitePing=396.60
ULSpeed=N/A
UsedTraffic=110938408

[Seaflix^香港 | 广州02]
AvgPing=67.33
AvgSpeed=168.71KB
GroupID=0
ID=6
MaxSpeed=344.65KB
Online=true
PkLoss=0.00%
RawPing=89,63,63,63,63,63
RawSitePing=316,318,331,325,327,563,319,331,325,330
RawSpeed=0,32768,274886,430962,317808,227648,244704,211936,211744,146400,163072,146208,163072,130304,163072,146400,98304,113440,179168,114400
SitePing=348.50
ULSpeed=N/A
UsedTraffic=1758148

[Seaflix^新加坡01 | 流媒体]
AvgPing=98.50
AvgSpeed=10.07MB
GroupID=0
ID=7
MaxSpeed=11.63MB
Online=true
PkLoss=0.00%
RawPing=103,94,124,82,93,95
RawSitePing=228,214,215,215,212,214,530,530,206,217
RawSpeed=0,2831816,8396788,12061864,11971574,11776798,12012542,11972646,12045020,12069886,11955770,11589344,12346398,12053504,12053984,11793376,12003874,11972350,12086272,12021024
SitePing=278.10
ULSpeed=N/A
UsedTraffic=107515463

[Seaflix^新加坡02 | 流媒体]
AvgPing=101.17
AvgSpeed=10.20MB
GroupID=0
ID=8
MaxSpeed=11.43MB
Online=true
PkLoss=0.00%
RawPing=91,110,94,94,93,125
RawSitePing=200,274,279,335,307,202,206,521,205,251
RawSpeed=486462,5325450,8291724,12141662,11906650,11931182,11842440,11972036,11996926,11981682,11823754,12053024,11964158,11955972,11939588,11792890,11849954,11819566,11888336,11801088
SitePing=278.00
ULSpeed=N/A
UsedTraffic=108406704

[Seaflix^新加坡03 | 流媒体]
AvgPing=505.20
AvgSpeed=10.45MB
GroupID=0
ID=9
MaxSpeed=11.41MB
Online=true
PkLoss=16.67%
RawPing=1160,93,80,1098,95,0
RawSitePing=195,0,241,0,0,0,0,0,0,0
RawSpeed=292036,8885046,11882706,11915294,11914716,11906816,11866622,11719456,11654880,11702784,11915296,11898626,11939776,11980064,11931392,11980258,11842044,11548196,11515902,11833856
SitePing=218.00
ULSpeed=N/A
UsedTraffic=111062883

[Seaflix^新加坡04 | 流媒体]
AvgPing=0.00
AvgSpeed=N/A
GroupID=0
ID=10
MaxSpeed=N/A
Online=false
PkLoss=100.00%
RawPing=0,0,0,0,0,0
RawSitePing=0,0,0,0,0,0,0,0,0,0
RawSpeed=0,0,0,0,0,0,0,0,0,0,0,0,0,0,0,0,0,0,0,0
SitePing=0.00
ULSpeed=N/A
UsedTraffic=0

[Seaflix^新加坡05 | 流媒体]
AvgPing=86.00
AvgSpeed=10.08MB
GroupID=0
ID=11
MaxSpeed=11.52MB
Online=true
PkLoss=0.00%
RawPing=99,78,81,97,80,81
RawSitePing=188,225,188,188,193,191,179,190,179,200
RawSpeed=0,5405096,11026140,11955324,12265904,11890900,11190044,12444898,11686880,11409982,11320834,11238914,10393456,10292878,11972062,11882048,11948450,12021314,11914718,11914816
SitePing=192.10
ULSpeed=N/A
UsedTraffic=107095281

[Seaflix^新加坡06 | 广东]
AvgPing=70.33
AvgSpeed=5.32KB
GroupID=0
ID=12
MaxSpeed=48.00KB
Online=true
PkLoss=0.00%
RawPing=58,159,48,47,63,47
RawSitePing=0,0,0,0,0,0,0,0,0,0
RawSpeed=0,0,0,0,0,0,0,98304,7090,0,0,0,0,0,0,0,0,0,0,0
SitePing=0.00
ULSpeed=N/A
UsedTraffic=52697

[Seaflix^新加坡 | 上海02]
AvgPing=57.50
AvgSpeed=10.00MB
GroupID=0
ID=13
MaxSpeed=11.76MB
Online=true
PkLoss=0.00%
RawPing=59,63,64,49,47,63
RawSitePing=210,215,230,203,206,210,222,211,210,214
RawSpeed=0,2016400,10823698,12648214,11941118,11782536,11548066,11939748,11931970,11890348,12029218,11825668,11865852,11899392,11743748,10498044,12900576,11768320,9879292,11437996
SitePing=213.10
ULSpeed=N/A
UsedTraffic=106225918

[Seaflix^韩国 | 专线]
AvgPing=330.33
AvgSpeed=9.51MB
GroupID=0
ID=14
MaxSpeed=11.69MB
Online=true
PkLoss=0.00%
RawPing=248,144,142,1149,157,142
RawSitePing=432,439,422,449,438,436,417,423,447,449
RawSpeed=0,589824,6910714,12124160,11829248,11927552,11927552,11274578,12522350,11993088,11698176,11042816,294912,18743296,11370496,11960320,11960320,11829248,11894784,10616832
SitePing=435.20
ULSpeed=N/A
UsedTraffic=101255133

[Seaflix^日本 01]
AvgPing=133.17
AvgSpeed=10.02MB
GroupID=0
ID=15
MaxSpeed=11.42MB
Online=true
PkLoss=0.00%
RawPing=198,140,112,110,129,110
RawSitePing=687,384,338,333,351,703,665,365,348,372
RawSpeed=0,3206420,11141120,11927552,11012434,11534336,11829248,11766098,10944512,11995474,11698176,11173888,11337728,12025856,11960320,11894784,11960320,11796480,11862016,12091392
SitePing=454.60
ULSpeed=N/A
UsedTraffic=106579077

[Seaflix^日本 02]
AvgPing=112.67
AvgSpeed=10.20MB
GroupID=0
ID=16
MaxSpeed=11.66MB
Online=true
PkLoss=0.00%
RawPing=124,95,110,111,110,126
RawSitePing=337,354,351,341,366,339,364,342,345,345
RawSpeed=0,3858344,11418938,11840662,11849760,11808992,11760416,11809280,11092692,11916658,12629930,11826624,11572294,11939584,11947298,11866816,11973236,11905644,11769684,11620556
SitePing=348.40
ULSpeed=N/A
UsedTraffic=108203704

[Seaflix^日本 | 泸日]
AvgPing=80.67
AvgSpeed=10.60MB
GroupID=0
ID=17
MaxSpeed=12.31MB
Online=true
PkLoss=0.00%
RawPing=168,64,64,63,63,62
RawSitePing=284,294,313,281,301,293,300,283,300,300
RawSpeed=942024,9154240,11915068,13910708,11027456,12843328,11629532,11776988,11694880,12005598,11393024,12314878,10595392,12492800,12722082,11963968,11393504,11890720,11874046,11964160
SitePing=294.90
ULSpeed=N/A
UsedTraffic=112760246

[Seaflix^美国01]
AvgPing=240.50
AvgSpeed=8.85MB
GroupID=0
ID=18
MaxSpeed=15.08MB
Online=true
PkLoss=0.00%
RawPing=255,240,242,241,240,225
RawSitePing=561,574,658,575,654,649,562,626,631,579
RawSpeed=0,0,688128,2913504,8716288,11337728,12255232,12420726,11732598,6850166,16416768,10846208,10027008,4915200,19791872,11829248,11927552,11796480,11993088,11632640
SitePing=606.90
ULSpeed=N/A
UsedTraffic=94045217

[Seaflix^美国02 | 流媒体]
AvgPing=271.60
AvgSpeed=24.20KB
GroupID=0
ID=19
MaxSpeed=35.60KB
Online=true
PkLoss=16.67%
RawPing=286,0,256,270,274,272
RawSitePing=1535,560,583,2097,549,1546,4270,547,520,594
RawSpeed=0,0,0,32768,0,39858,0,65536,57008,0,32768,32768,0,46948,0,65536,57008,15904,57008,0
SitePing=1280.10
ULSpeed=N/A
UsedTraffic=251555

[Seaflix^美国 | 泸美]
AvgPing=55.50
AvgSpeed=4.18MB
GroupID=0
ID=20
MaxSpeed=5.81MB
Online=true
PkLoss=0.00%
RawPing=57,63,48,50,64,51
RawSitePing=533,519,604,588,605,607,529,522,517,525
RawSpeed=0,0,1472424,6323512,6750208,5439488,4390912,5144576,5079040,5210112,5439488,5147884,5079040,4816896,4390912,4685824,4292608,4882432,5308416,5177344
SitePing=554.90
ULSpeed=N/A
UsedTraffic=44515558

[Seaflix^孟买]
AvgPing=485.33
AvgSpeed=9.40MB
GroupID=0
ID=21
MaxSpeed=12.17MB
Online=true
PkLoss=0.00%
RawPing=196,1158,146,1153,127,132
RawSitePing=1002,684,660,672,659,669,719,707,706,703
RawSpeed=0,0,1152944,8535296,11809718,11531808,12193616,11880906,11881952,11850528,8486144,15351870,11778806,11025068,10905628,13486562,12143138,9994548,13770694,11743744
SitePing=718.10
ULSpeed=N/A
UsedTraffic=99761485

[Seaflix^英国 | 伦敦]
AvgPing=254.33
AvgSpeed=7.68MB
GroupID=0
ID=22
MaxSpeed=11.74MB
Online=true
PkLoss=0.00%
RawPing=271,253,255,241,252,254
RawSitePing=512,513,527,525,531,1908,533,551,0,509
RawSpeed=0,0,518536,2052672,6840768,11109136,10497760,12794848,11630400,8950206,14757688,9870814,5765852,5953600,12159232,11703552,6458336,9203200,10620160,12387072
SitePing=678.78
ULSpeed=N/A
UsedTraffic=81653300

