[Basic]
GenerationTime=2022-07-17 12:02:30
Tester=Stair Speedtest Reborn v0.7.2

[Seaflix^死飞-鸡场 ( seaflix.xyz )]
AvgPing=0.00
AvgSpeed=N/A
GroupID=0
ID=0
MaxSpeed=N/A
Online=false
PkLoss=100.00%
RawPing=0,0,0,0,0,0
RawSitePing=0,0,0,0,0,0,0,0,0,0
RawSpeed=0,0,0,0,0,0,0,0,0,0,0,0,0,0,0,0,0,0,0,0
SitePing=0.00
ULSpeed=N/A
UsedTraffic=0

[Seaflix^香港01 | 流媒体]
AvgPing=71.00
AvgSpeed=4.12MB
GroupID=0
ID=1
MaxSpeed=5.34MB
Online=true
PkLoss=0.00%
RawPing=45,143,64,78,48,48
RawSitePing=142,129,146,133,147,157,147,144,144,147
RawSpeed=1895724,4161536,4653056,4980736,5439488,5013504,5668864,5537792,4589898,4816896,4718592,3342336,3571712,4358144,4161536,4030464,3866624,4196682,4358144,3997696
SitePing=143.60
ULSpeed=N/A
UsedTraffic=43679712

[Seaflix^香港 | 广州]
AvgPing=93.00
AvgSpeed=3.03MB
GroupID=0
ID=2
MaxSpeed=4.80MB
Online=true
PkLoss=0.00%
RawPing=56,63,250,62,64,63
RawSitePing=243,276,244,260,262,251,301,302,254,283
RawSpeed=0,2944296,5963776,4096000,4325376,4096000,3244032,2850816,4554752,3276800,2883584,3342336,2490368,2818048,3112960,4128768,2885962,1572864,3112960,3311946
SitePing=267.60
ULSpeed=N/A
UsedTraffic=32505822

[Seaflix^香港02 | 流媒体]
AvgPing=64.83
AvgSpeed=3.03MB
GroupID=0
ID=3
MaxSpeed=4.11MB
Online=true
PkLoss=0.00%
RawPing=62,63,61,63,93,47
RawSitePing=198,170,1452,199,173,177,174,441,157,172
RawSpeed=1144464,2949120,2815632,3375104,3244032,3145728,2785280,3047424,2818048,1769472,2918730,3932160,4128768,4030464,3637248,4259840,4194304,4423680,3964928,2326528
SitePing=331.30
ULSpeed=N/A
UsedTraffic=32455477

[Seaflix^香港03]
AvgPing=69.33
AvgSpeed=1.87MB
GroupID=0
ID=4
MaxSpeed=2.62MB
Online=true
PkLoss=0.00%
RawPing=86,63,79,63,63,62
RawSitePing=161,157,150,144,141,128,137,123,127,161
RawSpeed=1046160,2620236,983040,983040,1277952,1671168,1245184,2260992,2228224,2228224,2228224,2359296,2427210,2424832,2326528,1867776,2949120,2555904,2064384,2326528
SitePing=142.90
ULSpeed=N/A
UsedTraffic=20037011

[Seaflix^香港04 | 流媒体]
AvgPing=196.00
AvgSpeed=2.31MB
GroupID=0
ID=5
MaxSpeed=4.78MB
Online=true
PkLoss=0.00%
RawPing=198,204,199,204,187,184
RawSitePing=590,589,620,590,608,587,578,584,580,593
RawSpeed=0,0,131072,272208,782208,993568,1987328,3338464,3282932,3681280,4389360,4227072,4144656,2956966,5913008,4120864,1237504,2191648,4544612,1514592
SitePing=591.90
ULSpeed=N/A
UsedTraffic=24854671

[Seaflix^香港 | 广州02]
AvgPing=58.00
AvgSpeed=196.81KB
GroupID=0
ID=6
MaxSpeed=432.37KB
Online=true
PkLoss=0.00%
RawPing=67,63,62,62,47,47
RawSitePing=323,322,315,337,317,337,309,319,339,316
RawSpeed=0,138164,535884,349616,293184,260800,195840,309280,195072,195840,163072,162304,179168,130304,195840,178976,179168,178976,114208,163264
SitePing=323.40
ULSpeed=N/A
UsedTraffic=2059480

[Seaflix^新加坡01]
AvgPing=97.00
AvgSpeed=730.67KB
GroupID=0
ID=7
MaxSpeed=1.32MB
Online=true
PkLoss=0.00%
RawPing=81,94,94,110,94,109
RawSitePing=197,241,235,261,575,267,278,307,246,294
RawSpeed=0,800536,938112,1003264,227448,1078472,1365112,1394088,878088,149976,924456,120088,286808,652192,374584,196032,1188008,1205888,1058528,1490544
SitePing=290.10
ULSpeed=N/A
UsedTraffic=7666112

[Seaflix^新加坡02 | 流媒体]
AvgPing=457.33
AvgSpeed=1.67MB
GroupID=0
ID=8
MaxSpeed=2.71MB
Online=true
PkLoss=0.00%
RawPing=285,313,298,1283,298,267
RawSitePing=556,609,597,598,587,587,576,587,573,591
RawSpeed=0,0,0,258912,830880,2304192,2486840,2920156,2705316,2759258,2120102,1911514,2233990,2100768,2183336,406982,3534640,2150154,2293760,2633558
SitePing=586.10
ULSpeed=N/A
UsedTraffic=17917179

[Seaflix^新加坡04 | 流媒体]
AvgPing=99.83
AvgSpeed=917.15KB
GroupID=0
ID=9
MaxSpeed=2.47MB
Online=true
PkLoss=0.00%
RawPing=98,94,78,78,156,95
RawSitePing=299,253,197,210,219,220,178,206,200,196
RawSpeed=0,975828,2750836,2426720,2549614,1881422,1303040,976896,651328,472736,504352,521984,504352,439776,521216,521024,521408,497284,580336,633812
SitePing=217.80
ULSpeed=N/A
UsedTraffic=9616982

[Seaflix^新加坡05 | 流媒体]
AvgPing=272.00
AvgSpeed=1.69MB
GroupID=0
ID=10
MaxSpeed=3.79MB
Online=true
PkLoss=0.00%
RawPing=271,266,283,265,281,266
RawSitePing=573,572,599,598,587,565,588,566,586,586
RawSpeed=0,0,98304,444512,893160,1900616,1953720,3275304,2646552,2271928,2389856,3445632,3301616,2320848,186944,0,2145824,939528,6434238,1507328
SitePing=582.00
ULSpeed=N/A
UsedTraffic=18077955

[Seaflix^新加坡 | 上海02]
AvgPing=51.50
AvgSpeed=1.80MB
GroupID=0
ID=11
MaxSpeed=2.61MB
Online=true
PkLoss=0.00%
RawPing=62,47,63,43,47,47
RawSitePing=300,259,355,236,225,225,223,225,225,230
RawSpeed=0,387696,2106236,2347968,2380352,2555476,2504092,2960476,2671616,2249804,1497596,1761092,1609148,1279760,1635984,2403056,1986704,1575288,2211756,2559096
SitePing=250.30
ULSpeed=N/A
UsedTraffic=19341598

[Seaflix^新加坡06 | 广东]
AvgPing=63.17
AvgSpeed=2.15MB
GroupID=0
ID=12
MaxSpeed=3.75MB
Online=true
PkLoss=0.00%
RawPing=66,63,62,47,78,63
RawSitePing=177,176,176,184,187,199,196,179,177,187
RawSpeed=0,2122296,2468016,1270272,1026336,1547168,1987136,2182400,2451434,2654944,2589408,2768960,2133728,1335808,1409220,3046472,3395630,4007424,4226874,3631840
SitePing=183.80
ULSpeed=N/A
UsedTraffic=23127683

[Seaflix^韩国 | 专线]
AvgPing=106.17
AvgSpeed=2.91MB
GroupID=0
ID=13
MaxSpeed=3.59MB
Online=true
PkLoss=0.00%
RawPing=106,109,109,109,94,110
RawSitePing=360,324,355,342,351,339,342,358,351,361
RawSpeed=32768,2815912,3014656,3768320,2883584,3668804,3014656,3571712,3309568,3507834,2785280,3637248,2260992,2850816,3473408,3571712,3309568,4227072,3473408,3145728
SitePing=348.30
ULSpeed=N/A
UsedTraffic=31161523

[Seaflix^日本 01]
AvgPing=0.00
AvgSpeed=N/A
GroupID=0
ID=14
MaxSpeed=N/A
Online=false
PkLoss=100.00%
RawPing=0,0,0,0,0,0
RawSitePing=0,0,0,0,0,0,0,0,0,0
RawSpeed=0,0,0,0,0,0,0,0,0,0,0,0,0,0,0,0,0,0,0,0
SitePing=0.00
ULSpeed=N/A
UsedTraffic=0

[Seaflix^日本 02]
AvgPing=96.17
AvgSpeed=2.58MB
GroupID=0
ID=15
MaxSpeed=3.35MB
Online=true
PkLoss=0.00%
RawPing=93,109,94,93,94,94
RawSitePing=299,334,740,1450,416,406,309,592,427,328
RawSpeed=217878,2141586,2312704,1286944,2663604,4152864,3217216,3119092,5236928,1792256,3412468,1880638,3478016,3322560,1669854,4007232,2344896,2524736,3225600,3404096
SitePing=530.10
ULSpeed=N/A
UsedTraffic=27705584

[Seaflix^美国02 | 流媒体]
AvgPing=96.50
AvgSpeed=1.67MB
GroupID=0
ID=16
MaxSpeed=2.66MB
Online=true
PkLoss=0.00%
RawPing=93,94,111,93,94,94
RawSitePing=658,649,647,947,645,664,654,644,625,669
RawSpeed=0,0,649608,2687520,1937696,2508544,2312704,1987328,3412212,2166440,2695732,2865920,2606080,2753248,2841824,1482784,2102866,714670,293376,0
SitePing=680.20
ULSpeed=N/A
UsedTraffic=18009276

[Seaflix^美国03 | 流媒体]
AvgPing=190.83
AvgSpeed=2.37MB
GroupID=0
ID=17
MaxSpeed=3.24MB
Online=true
PkLoss=0.00%
RawPing=193,188,188,188,204,184
RawSitePing=405,461,429,405,416,435,430,438,402,417
RawSpeed=0,203698,1048566,2182400,3339232,1123872,3552026,3240142,3436768,3128946,3337870,2605888,3249408,2265862,2816462,2939934,3175968,2982930,3321002,3078432
SitePing=423.80
ULSpeed=N/A
UsedTraffic=25514703

[Seaflix^孟买]
AvgPing=203.50
AvgSpeed=2.69MB
GroupID=0
ID=18
MaxSpeed=4.11MB
Online=true
PkLoss=0.00%
RawPing=159,251,156,250,156,249
RawSitePing=896,892,1942,922,892,918,889,1933,937,934
RawSpeed=0,0,0,689944,1702288,2426912,4520436,3256832,3469812,5155296,4243550,3371424,3021566,3445248,4153632,3640320,3770624,3461344,3477248,3804160
SitePing=1115.50
ULSpeed=N/A
UsedTraffic=28805318

[Seaflix^英国 | 伦敦]
AvgPing=422.17
AvgSpeed=2.67MB
GroupID=0
ID=19
MaxSpeed=4.78MB
Online=true
PkLoss=0.00%
RawPing=255,266,1268,243,250,251
RawSitePing=533,544,550,541,548,538,541,536,1257,540
RawSpeed=0,0,363912,1409488,2719520,3437536,3419308,163072,5431796,4593360,3282176,4699616,3411710,4178388,2842398,1963232,2606080,3607360,5196542,4251360
SitePing=612.80
ULSpeed=N/A
UsedTraffic=28788427

